<?xml version="1.0" encoding="UTF-8"?>
<coverage generated="1785774633256" clover="3.2.0">
  <project timestamp="1785774633256" name="All files">
    <metrics statements="1071" coveredstatements="924" conditionals="828" coveredconditionals="648" methods="402" coveredmethods="310" elements="2301" coveredelements="1882" complexity="0" loc="1071" ncloc="1071" packages="14" files="59" classes="59"/>
    <package name="app">
      <metrics statements="29" coveredstatements="0" conditionals="24" coveredconditionals="0" methods="10" coveredmethods="0"/>
      <file name="_layout.tsx" path="C:\Users\maxym\Desktop\Projets\Lift\frontend\app\_layout.tsx">
        <metrics statements="25" coveredstatements="0" conditionals="24" coveredconditionals="0" methods="6" coveredmethods="0"/>
        <line num="29" count="0" type="stmt"/>
        <line num="39" count="0" type="cond" truecount="0" falsecount="2"/>
        <line num="40" count="0" type="stmt"/>
        <line num="41" count="0" type="stmt"/>
        <line num="42" count="0" type="stmt"/>
        <line num="43" count="0" type="stmt"/>
        <line num="44" count="0" type="cond" truecount="0" falsecount="4"/>
        <line num="45" count="0" type="stmt"/>
        <line num="59" count="0" type="stmt"/>
        <line num="61" count="0" type="stmt"/>
        <line num="78" count="0" type="stmt"/>
        <line num="80" count="0" type="cond" truecount="0" falsecount="2"/>
        <line num="82" count="0" type="stmt"/>
        <line num="83" count="0" type="cond" truecount="0" falsecount="2"/>
        <line num="86" count="0" type="cond" truecount="0" falsecount="2"/>
        <line num="88" count="0" type="stmt"/>
        <line num="90" count="0" type="stmt"/>
        <line num="115" count="0" type="stmt"/>
        <line num="116" count="0" type="cond" truecount="0" falsecount="2"/>
        <line num="121" count="0" type="stmt"/>
        <line num="122" count="0" type="cond" truecount="0" falsecount="4"/>
        <line num="125" count="0" type="cond" truecount="0" falsecount="2"/>
        <line num="129" count="0" type="stmt"/>
        <line num="130" count="0" type="stmt"/>
        <line num="163" count="0" type="stmt"/>
      </file>
      <file name="cgu.tsx" path="C:\Users\maxym\Desktop\Projets\Lift\frontend\app\cgu.tsx">
        <metrics statements="2" coveredstatements="0" conditionals="0" coveredconditionals="0" methods="2" coveredmethods="0"/>
        <line num="24" count="0" type="stmt"/>
        <line num="28" count="0" type="stmt"/>
      </file>
      <file name="confidentialite.tsx" path="C:\Users\maxym\Desktop\Projets\Lift\frontend\app\confidentialite.tsx">
        <metrics statements="2" coveredstatements="0" conditionals="0" coveredconditionals="0" methods="2" coveredmethods="0"/>
        <line num="20" count="0" type="stmt"/>
        <line num="24" count="0" type="stmt"/>
      </file>
    </package>
    <package name="app.(auth)">
      <metrics statements="75" coveredstatements="67" conditionals="49" coveredconditionals="37" methods="22" coveredmethods="18"/>
      <file name="_layout.tsx" path="C:\Users\maxym\Desktop\Projets\Lift\frontend\app\(auth)\_layout.tsx">
        <metrics statements="2" coveredstatements="0" conditionals="0" coveredconditionals="0" methods="1" coveredmethods="0"/>
        <line num="18" count="0" type="stmt"/>
        <line num="21" count="0" type="stmt"/>
      </file>
      <file name="forgot-password.tsx" path="C:\Users\maxym\Desktop\Projets\Lift\frontend\app\(auth)\forgot-password.tsx">
        <metrics statements="2" coveredstatements="0" conditionals="0" coveredconditionals="0" methods="2" coveredmethods="0"/>
        <line num="15" count="0" type="stmt"/>
        <line num="24" count="0" type="stmt"/>
      </file>
      <file name="login.tsx" path="C:\Users\maxym\Desktop\Projets\Lift\frontend\app\(auth)\login.tsx">
        <metrics statements="19" coveredstatements="19" conditionals="12" coveredconditionals="10" methods="5" coveredmethods="5"/>
        <line num="29" count="26" type="cond" truecount="2" falsecount="0"/>
        <line num="33" count="26" type="stmt"/>
        <line num="35" count="26" type="stmt"/>
        <line num="36" count="26" type="stmt"/>
        <line num="37" count="26" type="stmt"/>
        <line num="38" count="26" type="stmt"/>
        <line num="40" count="26" type="stmt"/>
        <line num="42" count="5" type="cond" truecount="1" falsecount="1"/>
        <line num="44" count="5" type="stmt"/>
        <line num="45" count="5" type="stmt"/>
        <line num="47" count="5" type="stmt"/>
        <line num="48" count="5" type="stmt"/>
        <line num="52" count="2" type="stmt"/>
        <line num="60" count="3" type="stmt"/>
        <line num="61" count="3" type="stmt"/>
        <line num="69" count="5" type="stmt"/>
        <line num="73" count="26" type="stmt"/>
        <line num="135" count="1" type="stmt"/>
        <line num="138" count="1" type="stmt"/>
      </file>
      <file name="register.tsx" path="C:\Users\maxym\Desktop\Projets\Lift\frontend\app\(auth)\register.tsx">
        <metrics statements="52" coveredstatements="48" conditionals="37" coveredconditionals="27" methods="14" coveredmethods="13"/>
        <line num="27" count="1" type="stmt"/>
        <line num="36" count="1" type="stmt"/>
        <line num="58" count="75" type="stmt"/>
        <line num="60" count="75" type="cond" truecount="2" falsecount="0"/>
        <line num="61" count="15" type="stmt"/>
        <line num="63" count="75" type="cond" truecount="2" falsecount="0"/>
        <line num="64" count="30" type="stmt"/>
        <line num="66" count="75" type="cond" truecount="2" falsecount="0"/>
        <line num="67" count="40" type="stmt"/>
        <line num="69" count="75" type="cond" truecount="2" falsecount="0"/>
        <line num="70" count="15" type="stmt"/>
        <line num="73" count="75" type="stmt"/>
        <line num="77" count="75" type="stmt"/>
        <line num="79" count="75" type="stmt"/>
        <line num="85" count="75" type="stmt"/>
        <line num="86" count="75" type="stmt"/>
        <line num="95" count="75" type="stmt"/>
        <line num="96" count="75" type="stmt"/>
        <line num="97" count="75" type="stmt"/>
        <line num="101" count="75" type="stmt"/>
        <line num="105" count="75" type="cond" truecount="2" falsecount="0"/>
        <line num="112" count="75" type="stmt"/>
        <line num="113" count="300" type="cond" truecount="4" falsecount="0"/>
        <line num="115" count="300" type="stmt"/>
        <line num="116" count="45" type="stmt"/>
        <line num="120" count="45" type="cond" truecount="1" falsecount="1"/>
        <line num="123" count="300" type="stmt"/>
        <line num="125" count="75" type="stmt"/>
        <line num="127" count="5" type="cond" truecount="3" falsecount="1"/>
        <line num="129" count="5" type="stmt"/>
        <line num="130" count="5" type="stmt"/>
        <line num="131" count="5" type="stmt"/>
        <line num="133" count="5" type="stmt"/>
        <line num="134" count="5" type="stmt"/>
        <line num="144" count="2" type="stmt"/>
        <line num="146" count="3" type="cond" truecount="2" falsecount="0"/>
        <line num="149" count="2" type="stmt"/>
        <line num="150" count="2" type="stmt"/>
        <line num="151" count="3" type="stmt"/>
        <line num="152" count="3" type="cond" truecount="1" falsecount="1"/>
        <line num="155" count="2" type="stmt"/>
        <line num="160" count="2" type="cond" truecount="1" falsecount="1"/>
        <line num="164" count="0" type="cond" truecount="0" falsecount="3"/>
        <line num="165" count="0" type="stmt"/>
        <line num="167" count="1" type="cond" truecount="1" falsecount="1"/>
        <line num="170" count="1" type="stmt"/>
        <line num="172" count="0" type="stmt"/>
        <line num="176" count="5" type="stmt"/>
        <line num="180" count="75" type="stmt"/>
        <line num="271" count="1" type="stmt"/>
        <line num="278" count="1" type="stmt"/>
        <line num="293" count="0" type="stmt"/>
      </file>
    </package>
    <package name="app.(tabs)">
      <metrics statements="113" coveredstatements="104" conditionals="82" coveredconditionals="68" methods="33" coveredmethods="26"/>
      <file name="_layout.tsx" path="C:\Users\maxym\Desktop\Projets\Lift\frontend\app\(tabs)\_layout.tsx">
        <metrics statements="2" coveredstatements="0" conditionals="0" coveredconditionals="0" methods="2" coveredmethods="0"/>
        <line num="17" count="0" type="stmt"/>
        <line num="18" count="0" type="stmt"/>
      </file>
      <file name="index.tsx" path="C:\Users\maxym\Desktop\Projets\Lift\frontend\app\(tabs)\index.tsx">
        <metrics statements="44" coveredstatements="40" conditionals="24" coveredconditionals="18" methods="18" coveredmethods="15"/>
        <line num="28" count="15" type="stmt"/>
        <line num="33" count="9" type="stmt"/>
        <line num="34" count="9" type="stmt"/>
        <line num="55" count="31" type="stmt"/>
        <line num="57" count="31" type="stmt"/>
        <line num="58" count="31" type="stmt"/>
        <line num="59" count="31" type="stmt"/>
        <line num="60" count="31" type="stmt"/>
        <line num="61" count="31" type="stmt"/>
        <line num="63" count="31" type="stmt"/>
        <line num="64" count="16" type="stmt"/>
        <line num="66" count="16" type="stmt"/>
        <line num="67" count="16" type="stmt"/>
        <line num="68" count="14" type="stmt"/>
        <line num="76" count="14" type="stmt"/>
        <line num="77" count="14" type="stmt"/>
        <line num="78" count="14" type="stmt"/>
        <line num="80" count="9" type="stmt"/>
        <line num="84" count="1" type="cond" truecount="1" falsecount="1"/>
        <line num="86" count="15" type="stmt"/>
        <line num="87" count="15" type="stmt"/>
        <line num="91" count="31" type="stmt"/>
        <line num="92" count="16" type="stmt"/>
        <line num="96" count="31" type="stmt"/>
        <line num="97" count="31" type="stmt"/>
        <line num="98" count="31" type="stmt"/>
        <line num="99" count="31" type="stmt"/>
        <line num="100" count="31" type="stmt"/>
        <line num="102" count="31" type="stmt"/>
        <line num="103" count="31" type="stmt"/>
        <line num="105" count="31" type="stmt"/>
        <line num="106" count="31" type="stmt"/>
        <line num="107" count="31" type="stmt"/>
        <line num="109" count="31" type="stmt"/>
        <line num="111" count="31" type="cond" truecount="1" falsecount="1"/>
        <line num="118" count="31" type="cond" truecount="4" falsecount="0"/>
        <line num="120" count="31" type="stmt"/>
        <line num="130" count="0" type="stmt"/>
        <line num="131" count="0" type="stmt"/>
        <line num="138" count="1" type="stmt"/>
        <line num="140" count="0" type="cond" truecount="2" falsecount="0"/>
        <line num="177" count="9" type="stmt"/>
        <line num="184" count="0" type="stmt"/>
        <line num="206" count="1" type="stmt"/>
      </file>
      <file name="profile.tsx" path="C:\Users\maxym\Desktop\Projets\Lift\frontend\app\(tabs)\profile.tsx">
        <metrics statements="67" coveredstatements="64" conditionals="58" coveredconditionals="50" methods="13" coveredmethods="11"/>
        <line num="24" count="1" type="stmt"/>
        <line num="28" count="51" type="cond" truecount="2" falsecount="0"/>
        <line num="30" count="2" type="stmt"/>
        <line num="31" count="2" type="stmt"/>
        <line num="32" count="2" type="stmt"/>
        <line num="42" count="1" type="stmt"/>
        <line num="43" count="1" type="stmt"/>
        <line num="44" count="1" type="stmt"/>
        <line num="59" count="51" type="stmt"/>
        <line num="61" count="51" type="stmt"/>
        <line num="62" count="51" type="stmt"/>
        <line num="63" count="51" type="stmt"/>
        <line num="65" count="51" type="stmt"/>
        <line num="66" count="51" type="stmt"/>
        <line num="67" count="51" type="stmt"/>
        <line num="68" count="51" type="stmt"/>
        <line num="73" count="51" type="stmt"/>
        <line num="75" count="51" type="stmt"/>
        <line num="77" count="51" type="stmt"/>
        <line num="78" count="17" type="stmt"/>
        <line num="79" count="17" type="stmt"/>
        <line num="81" count="17" type="stmt"/>
        <line num="82" count="17" type="stmt"/>
        <line num="83" count="16" type="stmt"/>
        <line num="85" count="16" type="cond" truecount="2" falsecount="0"/>
        <line num="86" count="16" type="stmt"/>
        <line num="87" count="16" type="stmt"/>
        <line num="89" count="1" type="cond" truecount="1" falsecount="1"/>
        <line num="91" count="17" type="stmt"/>
        <line num="95" count="51" type="stmt"/>
        <line num="96" count="17" type="stmt"/>
        <line num="108" count="51" type="cond" truecount="4" falsecount="0"/>
        <line num="117" count="51" type="cond" truecount="2" falsecount="0"/>
        <line num="118" count="51" type="cond" truecount="2" falsecount="0"/>
        <line num="120" count="51" type="stmt"/>
        <line num="121" count="6" type="cond" truecount="4" falsecount="1"/>
        <line num="123" count="6" type="stmt"/>
        <line num="124" count="6" type="stmt"/>
        <line num="125" count="6" type="stmt"/>
        <line num="130" count="6" type="stmt"/>
        <line num="131" count="6" type="cond" truecount="3" falsecount="1"/>
        <line num="132" count="6" type="cond" truecount="2" falsecount="0"/>
        <line num="133" count="6" type="cond" truecount="2" falsecount="0"/>
        <line num="135" count="6" type="stmt"/>
        <line num="136" count="6" type="stmt"/>
        <line num="137" count="4" type="stmt"/>
        <line num="138" count="4" type="cond" truecount="1" falsecount="1"/>
        <line num="139" count="4" type="stmt"/>
        <line num="140" count="4" type="stmt"/>
        <line num="144" count="4" type="stmt"/>
        <line num="151" count="2" type="cond" truecount="2" falsecount="0"/>
        <line num="154" count="1" type="stmt"/>
        <line num="159" count="1" type="cond" truecount="1" falsecount="1"/>
        <line num="160" count="1" type="stmt"/>
        <line num="162" count="0" type="stmt"/>
        <line num="165" count="6" type="stmt"/>
        <line num="177" count="51" type="stmt"/>
        <line num="178" count="1" type="stmt"/>
        <line num="179" count="1" type="stmt"/>
        <line num="187" count="51" type="cond" truecount="3" falsecount="1"/>
        <line num="189" count="51" type="stmt"/>
        <line num="213" count="0" type="cond" truecount="2" falsecount="0"/>
        <line num="267" count="0" type="stmt"/>
        <line num="270" count="6" type="stmt"/>
        <line num="279" count="3" type="stmt"/>
        <line num="294" count="1" type="stmt"/>
        <line num="295" count="1" type="stmt"/>
      </file>
    </package>
    <package name="app.(tabs).lift">
      <metrics statements="228" coveredstatements="194" conditionals="172" coveredconditionals="128" methods="92" coveredmethods="63"/>
      <file name="[id].tsx" path="C:\Users\maxym\Desktop\Projets\Lift\frontend\app\(tabs)\lift\[id].tsx">
        <metrics statements="29" coveredstatements="24" conditionals="35" coveredconditionals="25" methods="12" coveredmethods="7"/>
        <line num="18" count="18" type="stmt"/>
        <line num="27" count="1" type="stmt"/>
        <line num="50" count="13" type="stmt"/>
        <line num="52" count="13" type="stmt"/>
        <line num="53" count="13" type="stmt"/>
        <line num="54" count="13" type="stmt"/>
        <line num="56" count="13" type="stmt"/>
        <line num="57" count="7" type="stmt"/>
        <line num="58" count="7" type="stmt"/>
        <line num="60" count="7" type="stmt"/>
        <line num="61" count="7" type="stmt"/>
        <line num="63" count="1" type="cond" truecount="1" falsecount="1"/>
        <line num="65" count="6" type="stmt"/>
        <line num="69" count="13" type="stmt"/>
        <line num="70" count="7" type="stmt"/>
        <line num="77" count="13" type="stmt"/>
        <line num="79" count="13" type="stmt"/>
        <line num="80" count="7" type="stmt"/>
        <line num="91" count="13" type="cond" truecount="2" falsecount="0"/>
        <line num="92" count="0" type="stmt"/>
        <line num="93" count="0" type="stmt"/>
        <line num="96" count="13" type="stmt"/>
        <line num="97" count="13" type="cond" truecount="2" falsecount="2"/>
        <line num="98" count="0" type="stmt"/>
        <line num="108" count="13" type="stmt"/>
        <line num="110" count="13" type="stmt"/>
        <line num="119" count="0" type="stmt"/>
        <line num="132" count="0" type="cond" truecount="2" falsecount="0"/>
        <line num="179" count="8" type="stmt"/>
      </file>
      <file name="_layout.tsx" path="C:\Users\maxym\Desktop\Projets\Lift\frontend\app\(tabs)\lift\_layout.tsx">
        <metrics statements="1" coveredstatements="0" conditionals="0" coveredconditionals="0" methods="1" coveredmethods="0"/>
        <line num="15" count="0" type="stmt"/>
      </file>
      <file name="finaliser.tsx" path="C:\Users\maxym\Desktop\Projets\Lift\frontend\app\(tabs)\lift\finaliser.tsx">
        <metrics statements="67" coveredstatements="62" conditionals="40" coveredconditionals="28" methods="24" coveredmethods="20"/>
        <line num="29" count="3" type="stmt"/>
        <line num="34" count="40" type="stmt"/>
        <line num="51" count="25" type="stmt"/>
        <line num="53" count="25" type="stmt"/>
        <line num="54" count="25" type="stmt"/>
        <line num="55" count="25" type="stmt"/>
        <line num="57" count="25" type="stmt"/>
        <line num="58" count="25" type="stmt"/>
        <line num="60" count="25" type="stmt"/>
        <line num="61" count="25" type="stmt"/>
        <line num="62" count="25" type="stmt"/>
        <line num="63" count="25" type="stmt"/>
        <line num="65" count="25" type="stmt"/>
        <line num="66" count="9" type="cond" truecount="1" falsecount="1"/>
        <line num="68" count="9" type="stmt"/>
        <line num="69" count="9" type="stmt"/>
        <line num="71" count="9" type="stmt"/>
        <line num="72" count="9" type="stmt"/>
        <line num="73" count="8" type="stmt"/>
        <line num="74" count="8" type="stmt"/>
        <line num="75" count="8" type="stmt"/>
        <line num="85" count="8" type="stmt"/>
        <line num="86" count="8" type="stmt"/>
        <line num="87" count="2" type="stmt"/>
        <line num="90" count="9" type="stmt"/>
        <line num="91" count="8" type="stmt"/>
        <line num="92" count="8" type="stmt"/>
        <line num="94" count="8" type="stmt"/>
        <line num="96" count="8" type="stmt"/>
        <line num="100" count="1" type="stmt"/>
        <line num="105" count="9" type="stmt"/>
        <line num="109" count="25" type="stmt"/>
        <line num="110" count="9" type="stmt"/>
        <line num="113" count="25" type="cond" truecount="2" falsecount="0"/>
        <line num="114" count="25" type="stmt"/>
        <line num="115" count="25" type="stmt"/>
        <line num="116" count="25" type="cond" truecount="2" falsecount="0"/>
        <line num="117" count="25" type="cond" truecount="2" falsecount="0"/>
        <line num="125" count="25" type="stmt"/>
        <line num="126" count="3" type="cond" truecount="3" falsecount="1"/>
        <line num="128" count="3" type="stmt"/>
        <line num="129" count="3" type="stmt"/>
        <line num="131" count="3" type="stmt"/>
        <line num="132" count="3" type="stmt"/>
        <line num="149" count="3" type="stmt"/>
        <line num="151" count="3" type="stmt"/>
        <line num="153" count="0" type="stmt"/>
        <line num="158" count="3" type="stmt"/>
        <line num="163" count="25" type="stmt"/>
        <line num="164" count="1" type="cond" truecount="1" falsecount="1"/>
        <line num="166" count="1" type="stmt"/>
        <line num="167" count="1" type="stmt"/>
        <line num="169" count="1" type="stmt"/>
        <line num="170" count="1" type="stmt"/>
        <line num="173" count="1" type="stmt"/>
        <line num="174" count="1" type="stmt"/>
        <line num="176" count="0" type="stmt"/>
        <line num="181" count="1" type="stmt"/>
        <line num="185" count="25" type="stmt"/>
        <line num="195" count="0" type="stmt"/>
        <line num="201" count="0" type="cond" truecount="1" falsecount="1"/>
        <line num="235" count="60" type="stmt"/>
        <line num="257" count="14" type="stmt"/>
        <line num="287" count="3" type="stmt"/>
        <line num="298" count="1" type="stmt"/>
        <line num="318" count="1" type="stmt"/>
        <line num="319" count="0" type="stmt"/>
      </file>
      <file name="index.tsx" path="C:\Users\maxym\Desktop\Projets\Lift\frontend\app\(tabs)\lift\index.tsx">
        <metrics statements="14" coveredstatements="0" conditionals="8" coveredconditionals="0" methods="9" coveredmethods="0"/>
        <line num="11" count="0" type="stmt"/>
        <line num="34" count="0" type="stmt"/>
        <line num="36" count="0" type="stmt"/>
        <line num="37" count="0" type="cond" truecount="0" falsecount="2"/>
        <line num="41" count="0" type="stmt"/>
        <line num="43" count="0" type="stmt"/>
        <line num="55" count="0" type="stmt"/>
        <line num="57" count="0" type="stmt"/>
        <line num="71" count="0" type="stmt"/>
        <line num="79" count="0" type="stmt"/>
        <line num="86" count="0" type="stmt"/>
        <line num="102" count="0" type="stmt"/>
        <line num="103" count="0" type="stmt"/>
        <line num="105" count="0" type="stmt"/>
      </file>
      <file name="seance.tsx" path="C:\Users\maxym\Desktop\Projets\Lift\frontend\app\(tabs)\lift\seance.tsx">
        <metrics statements="117" coveredstatements="108" conditionals="89" coveredconditionals="75" methods="46" coveredmethods="36"/>
        <line num="43" count="1" type="stmt"/>
        <line num="47" count="66" type="stmt"/>
        <line num="48" count="66" type="stmt"/>
        <line num="49" count="66" type="stmt"/>
        <line num="51" count="66" type="stmt"/>
        <line num="52" count="66" type="stmt"/>
        <line num="54" count="66" type="cond" truecount="1" falsecount="1"/>
        <line num="59" count="40" type="stmt"/>
        <line num="60" count="40" type="stmt"/>
        <line num="72" count="20" type="stmt"/>
        <line num="116" count="87" type="stmt"/>
        <line num="118" count="87" type="stmt"/>
        <line num="119" count="87" type="stmt"/>
        <line num="120" count="87" type="stmt"/>
        <line num="123" count="87" type="stmt"/>
        <line num="125" count="87" type="stmt"/>
        <line num="127" count="87" type="stmt"/>
        <line num="136" count="87" type="stmt"/>
        <line num="145" count="87" type="stmt"/>
        <line num="147" count="87" type="stmt"/>
        <line num="148" count="87" type="stmt"/>
        <line num="157" count="87" type="stmt"/>
        <line num="158" count="87" type="stmt"/>
        <line num="165" count="87" type="stmt"/>
        <line num="166" count="20" type="stmt"/>
        <line num="167" count="20" type="stmt"/>
        <line num="169" count="20" type="stmt"/>
        <line num="170" count="20" type="stmt"/>
        <line num="177" count="19" type="stmt"/>
        <line num="178" count="19" type="stmt"/>
        <line num="187" count="19" type="stmt"/>
        <line num="188" count="19" type="stmt"/>
        <line num="189" count="18" type="stmt"/>
        <line num="191" count="0" type="stmt"/>
        <line num="194" count="18" type="stmt"/>
        <line num="200" count="1" type="stmt"/>
        <line num="205" count="20" type="stmt"/>
        <line num="209" count="87" type="stmt"/>
        <line num="210" count="20" type="stmt"/>
        <line num="217" count="87" type="stmt"/>
        <line num="218" count="39" type="cond" truecount="2" falsecount="0"/>
        <line num="220" count="19" type="stmt"/>
        <line num="221" count="19" type="stmt"/>
        <line num="224" count="87" type="cond" truecount="2" falsecount="0"/>
        <line num="226" count="87" type="stmt"/>
        <line num="227" count="87" type="stmt"/>
        <line num="237" count="87" type="cond" truecount="2" falsecount="0"/>
        <line num="242" count="87" type="stmt"/>
        <line num="243" count="11" type="stmt"/>
        <line num="245" count="12" type="cond" truecount="3" falsecount="1"/>
        <line num="249" count="87" type="stmt"/>
        <line num="250" count="1" type="stmt"/>
        <line num="252" count="1" type="cond" truecount="1" falsecount="1"/>
        <line num="257" count="87" type="stmt"/>
        <line num="258" count="14" type="stmt"/>
        <line num="259" count="14" type="stmt"/>
        <line num="260" count="11" type="stmt"/>
        <line num="261" count="11" type="stmt"/>
        <line num="263" count="3" type="cond" truecount="2" falsecount="0"/>
        <line num="264" count="2" type="stmt"/>
        <line num="265" count="2" type="stmt"/>
        <line num="268" count="1" type="stmt"/>
        <line num="269" count="1" type="stmt"/>
        <line num="290" count="87" type="stmt"/>
        <line num="291" count="14" type="cond" truecount="2" falsecount="0"/>
        <line num="293" count="2" type="stmt"/>
        <line num="294" count="2" type="stmt"/>
        <line num="296" count="2" type="cond" truecount="1" falsecount="1"/>
        <line num="297" count="2" type="cond" truecount="1" falsecount="1"/>
        <line num="299" count="2" type="stmt"/>
        <line num="300" count="2" type="stmt"/>
        <line num="307" count="87" type="stmt"/>
        <line num="308" count="34" type="cond" truecount="3" falsecount="1"/>
        <line num="314" count="87" type="stmt"/>
        <line num="315" count="13" type="cond" truecount="1" falsecount="1"/>
        <line num="319" count="13" type="stmt"/>
        <line num="321" count="13" type="cond" truecount="2" falsecount="0"/>
        <line num="323" count="13" type="stmt"/>
        <line num="331" count="13" type="stmt"/>
        <line num="332" count="13" type="cond" truecount="2" falsecount="0"/>
        <line num="334" count="13" type="cond" truecount="4" falsecount="0"/>
        <line num="336" count="13" type="cond" truecount="2" falsecount="0"/>
        <line num="337" count="10" type="stmt"/>
        <line num="340" count="13" type="stmt"/>
        <line num="358" count="13" type="stmt"/>
        <line num="372" count="13" type="stmt"/>
        <line num="382" count="13" type="stmt"/>
        <line num="389" count="13" type="stmt"/>
        <line num="393" count="87" type="stmt"/>
        <line num="394" count="1" type="stmt"/>
        <line num="395" count="1" type="stmt"/>
        <line num="396" count="1" type="stmt"/>
        <line num="402" count="87" type="stmt"/>
        <line num="403" count="2" type="cond" truecount="2" falsecount="0"/>
        <line num="404" count="1" type="stmt"/>
        <line num="405" count="1" type="stmt"/>
        <line num="407" count="1" type="stmt"/>
        <line num="410" count="87" type="stmt"/>
        <line num="411" count="15" type="cond" truecount="2" falsecount="0"/>
        <line num="412" count="15" type="stmt"/>
        <line num="415" count="87" type="stmt"/>
        <line num="437" count="1" type="stmt"/>
        <line num="465" count="1" type="stmt"/>
        <line num="466" count="0" type="stmt"/>
        <line num="489" count="33" type="cond" truecount="2" falsecount="0"/>
        <line num="491" count="33" type="stmt"/>
        <line num="503" count="18" type="stmt"/>
        <line num="512" count="13" type="stmt"/>
        <line num="523" count="15" type="stmt"/>
        <line num="541" count="0" type="stmt"/>
        <line num="542" count="0" type="cond" truecount="0" falsecount="2"/>
        <line num="545" count="1" type="stmt"/>
        <line num="558" count="0" type="stmt"/>
        <line num="568" count="0" type="stmt"/>
        <line num="590" count="0" type="stmt"/>
        <line num="591" count="0" type="stmt"/>
        <line num="593" count="0" type="stmt"/>
      </file>
    </package>
    <package name="app.(tabs).lift.historique">
      <metrics statements="71" coveredstatements="63" conditionals="49" coveredconditionals="29" methods="34" coveredmethods="27"/>
      <file name="[id].tsx" path="C:\Users\maxym\Desktop\Projets\Lift\frontend\app\(tabs)\lift\historique\[id].tsx">
        <metrics statements="71" coveredstatements="63" conditionals="49" coveredconditionals="29" methods="34" coveredmethods="27"/>
        <line num="34" count="43" type="stmt"/>
        <line num="39" count="18" type="stmt"/>
        <line num="40" count="18" type="stmt"/>
        <line num="66" count="25" type="stmt"/>
        <line num="68" count="25" type="stmt"/>
        <line num="69" count="25" type="stmt"/>
        <line num="70" count="25" type="stmt"/>
        <line num="72" count="25" type="stmt"/>
        <line num="73" count="25" type="stmt"/>
        <line num="75" count="25" type="stmt"/>
        <line num="76" count="25" type="stmt"/>
        <line num="77" count="25" type="stmt"/>
        <line num="78" count="25" type="stmt"/>
        <line num="80" count="25" type="stmt"/>
        <line num="81" count="7" type="cond" truecount="1" falsecount="1"/>
        <line num="83" count="7" type="stmt"/>
        <line num="84" count="7" type="stmt"/>
        <line num="86" count="7" type="stmt"/>
        <line num="87" count="7" type="stmt"/>
        <line num="88" count="7" type="stmt"/>
        <line num="89" count="7" type="stmt"/>
        <line num="90" count="7" type="stmt"/>
        <line num="94" count="7" type="stmt"/>
        <line num="95" count="7" type="stmt"/>
        <line num="99" count="9" type="stmt"/>
        <line num="100" count="7" type="stmt"/>
        <line num="101" count="7" type="stmt"/>
        <line num="103" count="7" type="stmt"/>
        <line num="107" count="0" type="stmt"/>
        <line num="112" count="7" type="stmt"/>
        <line num="116" count="25" type="stmt"/>
        <line num="117" count="7" type="stmt"/>
        <line num="120" count="25" type="cond" truecount="2" falsecount="0"/>
        <line num="121" count="25" type="stmt"/>
        <line num="122" count="25" type="cond" truecount="2" falsecount="0"/>
        <line num="123" count="25" type="stmt"/>
        <line num="131" count="25" type="stmt"/>
        <line num="132" count="3" type="cond" truecount="1" falsecount="1"/>
        <line num="134" count="3" type="stmt"/>
        <line num="135" count="3" type="stmt"/>
        <line num="136" count="3" type="stmt"/>
        <line num="138" count="0" type="stmt"/>
        <line num="146" count="25" type="stmt"/>
        <line num="147" count="1" type="stmt"/>
        <line num="149" count="1" type="stmt"/>
        <line num="150" count="1" type="stmt"/>
        <line num="151" count="2" type="cond" truecount="1" falsecount="1"/>
        <line num="153" count="0" type="stmt"/>
        <line num="161" count="25" type="stmt"/>
        <line num="162" count="1" type="cond" truecount="1" falsecount="1"/>
        <line num="163" count="1" type="stmt"/>
        <line num="165" count="1" type="stmt"/>
        <line num="166" count="1" type="stmt"/>
        <line num="167" count="1" type="stmt"/>
        <line num="169" count="0" type="stmt"/>
        <line num="176" count="25" type="stmt"/>
        <line num="189" count="0" type="stmt"/>
        <line num="206" count="0" type="cond" truecount="0" falsecount="2"/>
        <line num="220" count="2" type="cond" truecount="2" falsecount="0"/>
        <line num="232" count="54" type="stmt"/>
        <line num="245" count="15" type="stmt"/>
        <line num="261" count="15" type="stmt"/>
        <line num="265" count="18" type="stmt"/>
        <line num="267" count="18" type="stmt"/>
        <line num="282" count="2" type="stmt"/>
        <line num="297" count="1" type="stmt"/>
        <line num="305" count="1" type="stmt"/>
        <line num="322" count="1" type="cond" truecount="2" falsecount="0"/>
        <line num="323" count="0" type="stmt"/>
        <line num="336" count="1" type="stmt"/>
        <line num="337" count="0" type="stmt"/>
      </file>
    </package>
    <package name="app.(tabs).lift.template">
      <metrics statements="3" coveredstatements="0" conditionals="2" coveredconditionals="0" methods="2" coveredmethods="0"/>
      <file name="[id].tsx" path="C:\Users\maxym\Desktop\Projets\Lift\frontend\app\(tabs)\lift\template\[id].tsx">
        <metrics statements="3" coveredstatements="0" conditionals="2" coveredconditionals="0" methods="2" coveredmethods="0"/>
        <line num="19" count="0" type="stmt"/>
        <line num="21" count="0" type="stmt"/>
        <line num="25" count="0" type="stmt"/>
      </file>
    </package>
    <package name="src.auth.services">
      <metrics statements="14" coveredstatements="14" conditionals="0" coveredconditionals="0" methods="5" coveredmethods="5"/>
      <file name="auth.service.ts" path="C:\Users\maxym\Desktop\Projets\Lift\frontend\src\auth\services\auth.service.ts">
        <metrics statements="14" coveredstatements="14" conditionals="0" coveredconditionals="0" methods="5" coveredmethods="5"/>
        <line num="25" count="1" type="stmt"/>
        <line num="54" count="5" type="stmt"/>
        <line num="59" count="4" type="stmt"/>
        <line num="60" count="4" type="stmt"/>
        <line num="62" count="4" type="stmt"/>
        <line num="97" count="4" type="stmt"/>
        <line num="104" count="4" type="stmt"/>
        <line num="107" count="4" type="stmt"/>
        <line num="109" count="4" type="stmt"/>
        <line num="118" count="4" type="stmt"/>
        <line num="120" count="4" type="stmt"/>
        <line num="136" count="5" type="stmt"/>
        <line num="162" count="2" type="stmt"/>
        <line num="174" count="1" type="stmt"/>
      </file>
    </package>
    <package name="src.shared.api">
      <metrics statements="126" coveredstatements="109" conditionals="66" coveredconditionals="64" methods="28" coveredmethods="23"/>
      <file name="client.ts" path="C:\Users\maxym\Desktop\Projets\Lift\frontend\src\shared\api\client.ts">
        <metrics statements="41" coveredstatements="40" conditionals="17" coveredconditionals="17" methods="8" coveredmethods="7"/>
        <line num="33" count="26" type="stmt"/>
        <line num="37" count="3" type="stmt"/>
        <line num="47" count="26" type="stmt"/>
        <line num="63" count="26" type="stmt"/>
        <line num="76" count="15" type="stmt"/>
        <line num="79" count="15" type="cond" truecount="2" falsecount="0"/>
        <line num="80" count="1" type="stmt"/>
        <line num="83" count="14" type="stmt"/>
        <line num="84" count="14" type="stmt"/>
        <line num="92" count="9" type="cond" truecount="2" falsecount="0"/>
        <line num="94" count="9" type="stmt"/>
        <line num="96" count="5" type="stmt"/>
        <line num="100" count="5" type="cond" truecount="2" falsecount="0"/>
        <line num="102" count="3" type="stmt"/>
        <line num="103" count="3" type="stmt"/>
        <line num="104" count="3" type="stmt"/>
        <line num="116" count="25" type="stmt"/>
        <line num="117" count="15" type="stmt"/>
        <line num="119" count="25" type="stmt"/>
        <line num="137" count="5" type="stmt"/>
        <line num="141" count="26" type="stmt"/>
        <line num="160" count="26" type="stmt"/>
        <line num="161" count="2" type="stmt"/>
        <line num="162" count="2" type="cond" truecount="2" falsecount="0"/>
        <line num="163" count="1" type="stmt"/>
        <line num="165" count="2" type="stmt"/>
        <line num="176" count="26" type="stmt"/>
        <line num="177" count="0" type="stmt"/>
        <line num="179" count="25" type="cond" truecount="4" falsecount="0"/>
        <line num="180" count="1" type="stmt"/>
        <line num="183" count="24" type="stmt"/>
        <line num="184" count="24" type="stmt"/>
        <line num="185" count="24" type="stmt"/>
        <line num="187" count="24" type="cond" truecount="5" falsecount="0"/>
        <line num="188" count="4" type="stmt"/>
        <line num="191" count="20" type="stmt"/>
        <line num="193" count="20" type="stmt"/>
        <line num="194" count="20" type="stmt"/>
        <line num="195" count="15" type="stmt"/>
        <line num="196" count="15" type="stmt"/>
        <line num="200" count="5" type="stmt"/>
      </file>
      <file name="config.ts" path="C:\Users\maxym\Desktop\Projets\Lift\frontend\src\shared\api\config.ts">
        <metrics statements="8" coveredstatements="7" conditionals="2" coveredconditionals="1" methods="0" coveredmethods="0"/>
        <line num="17" count="26" type="stmt"/>
        <line num="19" count="26" type="cond" truecount="1" falsecount="1"/>
        <line num="20" count="0" type="stmt"/>
        <line num="30" count="26" type="stmt"/>
        <line num="37" count="26" type="stmt"/>
        <line num="46" count="26" type="stmt"/>
        <line num="54" count="26" type="stmt"/>
        <line num="57" count="26" type="stmt"/>
      </file>
      <file name="errors.ts" path="C:\Users\maxym\Desktop\Projets\Lift\frontend\src\shared\api\errors.ts">
        <metrics statements="32" coveredstatements="32" conditionals="37" coveredconditionals="36" methods="9" coveredmethods="9"/>
        <line num="18" count="63" type="stmt"/>
        <line num="21" count="63" type="stmt"/>
        <line num="22" count="63" type="stmt"/>
        <line num="38" count="23" type="stmt"/>
        <line num="50" count="15" type="stmt"/>
        <line num="66" count="15" type="stmt"/>
        <line num="71" count="11" type="stmt"/>
        <line num="78" count="3" type="stmt"/>
        <line num="88" count="7" type="stmt"/>
        <line num="99" count="32" type="cond" truecount="2" falsecount="0"/>
        <line num="101" count="26" type="cond" truecount="2" falsecount="0"/>
        <line num="102" count="3" type="cond" truecount="2" falsecount="0"/>
        <line num="106" count="23" type="cond" truecount="4" falsecount="0"/>
        <line num="107" count="2" type="stmt"/>
        <line num="111" count="21" type="cond" truecount="2" falsecount="0"/>
        <line num="112" count="3" type="stmt"/>
        <line num="115" count="18" type="stmt"/>
        <line num="117" count="18" type="cond" truecount="2" falsecount="0"/>
        <line num="118" count="12" type="cond" truecount="2" falsecount="0"/>
        <line num="120" count="10" type="cond" truecount="5" falsecount="0"/>
        <line num="121" count="6" type="stmt"/>
        <line num="126" count="4" type="cond" truecount="2" falsecount="0"/>
        <line num="128" count="3" type="stmt"/>
        <line num="139" count="6" type="stmt"/>
        <line num="141" count="6" type="stmt"/>
        <line num="142" count="7" type="cond" truecount="2" falsecount="0"/>
        <line num="143" count="1" type="stmt"/>
        <line num="144" count="6" type="cond" truecount="2" falsecount="0"/>
        <line num="145" count="5" type="stmt"/>
        <line num="146" count="1" type="cond" truecount="3" falsecount="1"/>
        <line num="148" count="1" type="stmt"/>
        <line num="152" count="6" type="stmt"/>
      </file>
      <file name="index.ts" path="C:\Users\maxym\Desktop\Projets\Lift\frontend\src\shared\api\index.ts">
        <metrics statements="16" coveredstatements="1" conditionals="0" coveredconditionals="0" methods="4" coveredmethods="0"/>
        <line num="20" count="6" type="stmt"/>
        <line num="29" count="0" type="stmt"/>
        <line num="30" count="0" type="stmt"/>
        <line num="31" count="0" type="stmt"/>
        <line num="33" count="0" type="stmt"/>
        <line num="44" count="0" type="stmt"/>
        <line num="45" count="0" type="stmt"/>
        <line num="46" count="0" type="stmt"/>
        <line num="48" count="0" type="stmt"/>
        <line num="54" count="0" type="stmt"/>
        <line num="55" count="0" type="stmt"/>
        <line num="56" count="0" type="stmt"/>
        <line num="58" count="0" type="stmt"/>
        <line num="68" count="0" type="stmt"/>
        <line num="69" count="0" type="stmt"/>
        <line num="71" count="0" type="stmt"/>
      </file>
      <file name="jwt.ts" path="C:\Users\maxym\Desktop\Projets\Lift\frontend\src\shared\api\jwt.ts">
        <metrics statements="8" coveredstatements="8" conditionals="4" coveredconditionals="4" methods="1" coveredmethods="1"/>
        <line num="28" count="7" type="stmt"/>
        <line num="38" count="10" type="cond" truecount="2" falsecount="0"/>
        <line num="40" count="8" type="stmt"/>
        <line num="41" count="8" type="stmt"/>
        <line num="42" count="6" type="cond" truecount="2" falsecount="0"/>
        <line num="44" count="5" type="stmt"/>
        <line num="45" count="5" type="stmt"/>
        <line num="47" count="2" type="stmt"/>
      </file>
      <file name="tokens.ts" path="C:\Users\maxym\Desktop\Projets\Lift\frontend\src\shared\api\tokens.ts">
        <metrics statements="21" coveredstatements="21" conditionals="6" coveredconditionals="6" methods="6" coveredmethods="6"/>
        <line num="20" count="20" type="stmt"/>
        <line num="21" count="20" type="stmt"/>
        <line num="22" count="20" type="stmt"/>
        <line num="40" count="9" type="cond" truecount="2" falsecount="0"/>
        <line num="41" count="3" type="stmt"/>
        <line num="43" count="9" type="stmt"/>
        <line num="48" count="6" type="cond" truecount="2" falsecount="0"/>
        <line num="49" count="2" type="stmt"/>
        <line num="51" count="6" type="stmt"/>
        <line num="62" count="5" type="stmt"/>
        <line num="63" count="5" type="stmt"/>
        <line num="64" count="5" type="stmt"/>
        <line num="77" count="3" type="stmt"/>
        <line num="78" count="3" type="stmt"/>
        <line num="79" count="3" type="stmt"/>
        <line num="101" count="1" type="stmt"/>
        <line num="112" count="4" type="stmt"/>
        <line num="113" count="4" type="cond" truecount="2" falsecount="0"/>
        <line num="115" count="2" type="stmt"/>
        <line num="116" count="2" type="stmt"/>
        <line num="118" count="1" type="stmt"/>
      </file>
      <file name="types.ts" path="C:\Users\maxym\Desktop\Projets\Lift\frontend\src\shared\api\types.ts">
        <metrics statements="0" coveredstatements="0" conditionals="0" coveredconditionals="0" methods="0" coveredmethods="0"/>
      </file>
    </package>
    <package name="src.shared.components.primitives">
      <metrics statements="10" coveredstatements="10" conditionals="19" coveredconditionals="19" methods="3" coveredmethods="3"/>
      <file name="Button.tsx" path="C:\Users\maxym\Desktop\Projets\Lift\frontend\src\shared\components\primitives\Button.tsx">
        <metrics statements="4" coveredstatements="4" conditionals="9" coveredconditionals="9" methods="1" coveredmethods="1"/>
        <line num="15" count="9" type="stmt"/>
        <line num="78" count="428" type="stmt"/>
        <line num="79" count="428" type="cond" truecount="2" falsecount="0"/>
        <line num="81" count="428" type="stmt"/>
      </file>
      <file name="Hairline.tsx" path="C:\Users\maxym\Desktop\Projets\Lift\frontend\src\shared\components\primitives\Hairline.tsx">
        <metrics statements="1" coveredstatements="1" conditionals="6" coveredconditionals="6" methods="1" coveredmethods="1"/>
        <line num="22" count="991" type="stmt"/>
      </file>
      <file name="Text.tsx" path="C:\Users\maxym\Desktop\Projets\Lift\frontend\src\shared\components\primitives\Text.tsx">
        <metrics statements="5" coveredstatements="5" conditionals="4" coveredconditionals="4" methods="1" coveredmethods="1"/>
        <line num="32" count="10" type="stmt"/>
        <line num="60" count="10" type="stmt"/>
        <line num="70" count="10" type="stmt"/>
        <line num="110" count="5527" type="cond" truecount="2" falsecount="0"/>
        <line num="111" count="5527" type="stmt"/>
      </file>
    </package>
    <package name="src.shared.components.ui">
      <metrics statements="87" coveredstatements="71" conditionals="123" coveredconditionals="99" methods="57" coveredmethods="50"/>
      <file name="Badge.tsx" path="C:\Users\maxym\Desktop\Projets\Lift\frontend\src\shared\components\ui\Badge.tsx">
        <metrics statements="1" coveredstatements="1" conditionals="0" coveredconditionals="0" methods="1" coveredmethods="1"/>
        <line num="21" count="23" type="stmt"/>
      </file>
      <file name="BlockedState.tsx" path="C:\Users\maxym\Desktop\Projets\Lift\frontend\src\shared\components\ui\BlockedState.tsx">
        <metrics statements="1" coveredstatements="1" conditionals="2" coveredconditionals="1" methods="1" coveredmethods="1"/>
        <line num="30" count="1" type="stmt"/>
      </file>
      <file name="Checkbox.tsx" path="C:\Users\maxym\Desktop\Projets\Lift\frontend\src\shared\components\ui\Checkbox.tsx">
        <metrics statements="2" coveredstatements="2" conditionals="2" coveredconditionals="2" methods="2" coveredmethods="2"/>
        <line num="30" count="191" type="stmt"/>
        <line num="33" count="13" type="stmt"/>
      </file>
      <file name="ConfirmDialog.tsx" path="C:\Users\maxym\Desktop\Projets\Lift\frontend\src\shared\components\ui\ConfirmDialog.tsx">
        <metrics statements="2" coveredstatements="2" conditionals="7" coveredconditionals="7" methods="2" coveredmethods="2"/>
        <line num="66" count="215" type="stmt"/>
        <line num="78" count="233" type="stmt"/>
      </file>
      <file name="EmptyState.tsx" path="C:\Users\maxym\Desktop\Projets\Lift\frontend\src\shared\components\ui\EmptyState.tsx">
        <metrics statements="1" coveredstatements="1" conditionals="6" coveredconditionals="6" methods="1" coveredmethods="1"/>
        <line num="28" count="13" type="stmt"/>
      </file>
      <file name="ErrorBanner.tsx" path="C:\Users\maxym\Desktop\Projets\Lift\frontend\src\shared\components\ui\ErrorBanner.tsx">
        <metrics statements="1" coveredstatements="1" conditionals="4" coveredconditionals="4" methods="1" coveredmethods="1"/>
        <line num="33" count="20" type="stmt"/>
      </file>
      <file name="FilterChipsRow.tsx" path="C:\Users\maxym\Desktop\Projets\Lift\frontend\src\shared\components\ui\FilterChipsRow.tsx">
        <metrics statements="5" coveredstatements="5" conditionals="4" coveredconditionals="4" methods="4" coveredmethods="4"/>
        <line num="14" count="216" type="stmt"/>
        <line num="48" count="36" type="stmt"/>
        <line num="65" count="108" type="stmt"/>
        <line num="67" count="108" type="stmt"/>
        <line num="70" count="7" type="stmt"/>
      </file>
      <file name="Input.tsx" path="C:\Users\maxym\Desktop\Projets\Lift\frontend\src\shared\components\ui\Input.tsx">
        <metrics statements="7" coveredstatements="7" conditionals="6" coveredconditionals="6" methods="3" coveredmethods="3"/>
        <line num="49" count="791" type="stmt"/>
        <line num="51" count="791" type="cond" truecount="2" falsecount="0"/>
        <line num="57" count="791" type="stmt"/>
        <line num="70" count="4" type="stmt"/>
        <line num="71" count="4" type="stmt"/>
        <line num="74" count="6" type="stmt"/>
        <line num="75" count="6" type="stmt"/>
      </file>
      <file name="ListItem.tsx" path="C:\Users\maxym\Desktop\Projets\Lift\frontend\src\shared\components\ui\ListItem.tsx">
        <metrics statements="4" coveredstatements="4" conditionals="9" coveredconditionals="8" methods="1" coveredmethods="1"/>
        <line num="61" count="49" type="stmt"/>
        <line num="89" count="49" type="cond" truecount="2" falsecount="0"/>
        <line num="91" count="44" type="stmt"/>
        <line num="93" count="44" type="stmt"/>
      </file>
      <file name="LoadingState.tsx" path="C:\Users\maxym\Desktop\Projets\Lift\frontend\src\shared\components\ui\LoadingState.tsx">
        <metrics statements="2" coveredstatements="2" conditionals="3" coveredconditionals="3" methods="2" coveredmethods="2"/>
        <line num="27" count="104" type="stmt"/>
        <line num="30" count="356" type="stmt"/>
      </file>
      <file name="PasswordInput.tsx" path="C:\Users\maxym\Desktop\Projets\Lift\frontend\src\shared\components\ui\PasswordInput.tsx">
        <metrics statements="3" coveredstatements="3" conditionals="4" coveredconditionals="4" methods="3" coveredmethods="3"/>
        <line num="18" count="181" type="stmt"/>
        <line num="20" count="181" type="stmt"/>
        <line num="28" count="3" type="stmt"/>
      </file>
      <file name="PasswordStrengthMeter.tsx" path="C:\Users\maxym\Desktop\Projets\Lift\frontend\src\shared\components\ui\PasswordStrengthMeter.tsx">
        <metrics statements="16" coveredstatements="16" conditionals="10" coveredconditionals="10" methods="12" coveredmethods="12"/>
        <line num="19" count="2" type="stmt"/>
        <line num="20" count="45" type="stmt"/>
        <line num="21" count="45" type="stmt"/>
        <line num="22" count="45" type="stmt"/>
        <line num="23" count="45" type="stmt"/>
        <line num="24" count="45" type="stmt"/>
        <line num="25" count="45" type="stmt"/>
        <line num="26" count="45" type="stmt"/>
        <line num="27" count="45" type="stmt"/>
        <line num="37" count="360" type="cond" truecount="2" falsecount="0"/>
        <line num="38" count="45" type="cond" truecount="4" falsecount="0"/>
        <line num="40" count="45" type="stmt"/>
        <line num="67" count="78" type="cond" truecount="2" falsecount="0"/>
        <line num="69" count="40" type="stmt"/>
        <line num="71" count="40" type="stmt"/>
        <line num="80" count="320" type="stmt"/>
      </file>
      <file name="ScreenHeader.tsx" path="C:\Users\maxym\Desktop\Projets\Lift\frontend\src\shared\components\ui\ScreenHeader.tsx">
        <metrics statements="2" coveredstatements="2" conditionals="4" coveredconditionals="4" methods="2" coveredmethods="2"/>
        <line num="42" count="248" type="stmt"/>
        <line num="59" count="249" type="stmt"/>
      </file>
      <file name="SearchInput.tsx" path="C:\Users\maxym\Desktop\Projets\Lift\frontend\src\shared\components\ui\SearchInput.tsx">
        <metrics statements="9" coveredstatements="9" conditionals="7" coveredconditionals="6" methods="5" coveredmethods="5"/>
        <line num="22" count="46" type="stmt"/>
        <line num="23" count="46" type="stmt"/>
        <line num="25" count="46" type="stmt"/>
        <line num="26" count="22" type="cond" truecount="2" falsecount="0"/>
        <line num="27" count="22" type="stmt"/>
        <line num="28" count="22" type="stmt"/>
        <line num="29" count="22" type="cond" truecount="1" falsecount="1"/>
        <line num="33" count="46" type="stmt"/>
        <line num="44" count="1" type="stmt"/>
      </file>
      <file name="SectionHeader.tsx" path="C:\Users\maxym\Desktop\Projets\Lift\frontend\src\shared\components\ui\SectionHeader.tsx">
        <metrics statements="1" coveredstatements="1" conditionals="0" coveredconditionals="0" methods="1" coveredmethods="1"/>
        <line num="26" count="233" type="stmt"/>
      </file>
      <file name="SegmentedControl.tsx" path="C:\Users\maxym\Desktop\Projets\Lift\frontend\src\shared\components\ui\SegmentedControl.tsx">
        <metrics statements="15" coveredstatements="7" conditionals="29" coveredconditionals="15" methods="8" coveredmethods="4"/>
        <line num="48" count="12" type="stmt"/>
        <line num="50" count="4" type="cond" truecount="1" falsecount="1"/>
        <line num="51" count="0" type="stmt"/>
        <line num="55" count="0" type="stmt"/>
        <line num="56" count="0" type="stmt"/>
        <line num="59" count="0" type="stmt"/>
        <line num="80" count="4" type="cond" truecount="1" falsecount="1"/>
        <line num="81" count="0" type="stmt"/>
        <line num="84" count="0" type="stmt"/>
        <line num="85" count="0" type="stmt"/>
        <line num="88" count="0" type="stmt"/>
        <line num="106" count="4" type="stmt"/>
        <line num="109" count="12" type="stmt"/>
        <line num="110" count="12" type="stmt"/>
        <line num="113" count="1" type="stmt"/>
      </file>
      <file name="StatTile.tsx" path="C:\Users\maxym\Desktop\Projets\Lift\frontend\src\shared\components\ui\StatTile.tsx">
        <metrics statements="3" coveredstatements="3" conditionals="6" coveredconditionals="6" methods="1" coveredmethods="1"/>
        <line num="28" count="43" type="stmt"/>
        <line num="39" count="43" type="cond" truecount="2" falsecount="0"/>
        <line num="41" count="11" type="stmt"/>
      </file>
      <file name="SuccessState.tsx" path="C:\Users\maxym\Desktop\Projets\Lift\frontend\src\shared\components\ui\SuccessState.tsx">
        <metrics statements="1" coveredstatements="1" conditionals="6" coveredconditionals="5" methods="1" coveredmethods="1"/>
        <line num="35" count="2" type="stmt"/>
      </file>
      <file name="TabBar.tsx" path="C:\Users\maxym\Desktop\Projets\Lift\frontend\src\shared\components\ui\TabBar.tsx">
        <metrics statements="10" coveredstatements="2" conditionals="10" coveredconditionals="4" methods="5" coveredmethods="2"/>
        <line num="27" count="2" type="stmt"/>
        <line num="33" count="4" type="stmt"/>
        <line num="72" count="0" type="stmt"/>
        <line num="73" count="0" type="stmt"/>
        <line num="74" count="0" type="stmt"/>
        <line num="76" count="0" type="stmt"/>
        <line num="88" count="0" type="stmt"/>
        <line num="94" count="0" type="cond" truecount="0" falsecount="4"/>
        <line num="95" count="0" type="stmt"/>
        <line num="101" count="0" type="stmt"/>
      </file>
      <file name="TextLink.tsx" path="C:\Users\maxym\Desktop\Projets\Lift\frontend\src\shared\components\ui\TextLink.tsx">
        <metrics statements="1" coveredstatements="1" conditionals="4" coveredconditionals="4" methods="1" coveredmethods="1"/>
        <line num="35" count="510" type="stmt"/>
      </file>
    </package>
    <package name="src.shared.context">
      <metrics statements="47" coveredstatements="45" conditionals="16" coveredconditionals="16" methods="13" coveredmethods="12"/>
      <file name="AuthContext.tsx" path="C:\Users\maxym\Desktop\Projets\Lift\frontend\src\shared\context\AuthContext.tsx">
        <metrics statements="47" coveredstatements="45" conditionals="16" coveredconditionals="16" methods="13" coveredmethods="12"/>
        <line num="54" count="1" type="stmt"/>
        <line num="57" count="34" type="stmt"/>
        <line num="73" count="34" type="stmt"/>
        <line num="74" count="14" type="stmt"/>
        <line num="80" count="14" type="cond" truecount="4" falsecount="0"/>
        <line num="81" count="2" type="stmt"/>
        <line num="82" count="2" type="stmt"/>
        <line num="86" count="12" type="stmt"/>
        <line num="87" count="12" type="cond" truecount="2" falsecount="0"/>
        <line num="88" count="6" type="stmt"/>
        <line num="89" count="6" type="stmt"/>
        <line num="93" count="6" type="stmt"/>
        <line num="94" count="6" type="stmt"/>
        <line num="100" count="3" type="cond" truecount="2" falsecount="0"/>
        <line num="101" count="3" type="stmt"/>
        <line num="106" count="3" type="cond" truecount="2" falsecount="0"/>
        <line num="107" count="1" type="stmt"/>
        <line num="108" count="1" type="stmt"/>
        <line num="114" count="2" type="stmt"/>
        <line num="122" count="34" type="stmt"/>
        <line num="123" count="14" type="stmt"/>
        <line num="135" count="34" type="stmt"/>
        <line num="136" count="14" type="stmt"/>
        <line num="137" count="14" type="stmt"/>
        <line num="140" count="34" type="stmt"/>
        <line num="141" count="3" type="stmt"/>
        <line num="142" count="3" type="stmt"/>
        <line num="145" count="34" type="stmt"/>
        <line num="146" count="0" type="stmt"/>
        <line num="147" count="0" type="stmt"/>
        <line num="156" count="34" type="stmt"/>
        <line num="157" count="1" type="stmt"/>
        <line num="158" count="1" type="stmt"/>
        <line num="161" count="34" type="stmt"/>
        <line num="162" count="1" type="stmt"/>
        <line num="163" count="1" type="stmt"/>
        <line num="172" count="34" type="stmt"/>
        <line num="173" count="34" type="stmt"/>
        <line num="177" count="34" type="stmt"/>
        <line num="188" count="2" type="stmt"/>
        <line num="189" count="2" type="stmt"/>
        <line num="190" count="1" type="stmt"/>
        <line num="199" count="1" type="stmt"/>
        <line num="210" count="35" type="stmt"/>
        <line num="211" count="35" type="cond" truecount="2" falsecount="0"/>
        <line num="212" count="1" type="stmt"/>
        <line num="214" count="34" type="stmt"/>
      </file>
    </package>
    <package name="src.workout">
      <metrics statements="57" coveredstatements="56" conditionals="46" coveredconditionals="44" methods="19" coveredmethods="18"/>
      <file name="stats.ts" path="C:\Users\maxym\Desktop\Projets\Lift\frontend\src\workout\stats.ts">
        <metrics statements="57" coveredstatements="56" conditionals="46" coveredconditionals="44" methods="19" coveredmethods="18"/>
        <line num="21" count="195" type="cond" truecount="4" falsecount="0"/>
        <line num="22" count="195" type="cond" truecount="2" falsecount="0"/>
        <line num="33" count="106" type="stmt"/>
        <line num="34" count="91" type="stmt"/>
        <line num="35" count="87" type="stmt"/>
        <line num="48" count="92" type="stmt"/>
        <line num="60" count="108" type="stmt"/>
        <line num="61" count="108" type="cond" truecount="5" falsecount="0"/>
        <line num="63" count="105" type="stmt"/>
        <line num="74" count="92" type="stmt"/>
        <line num="76" count="92" type="stmt"/>
        <line num="77" count="46" type="cond" truecount="2" falsecount="0"/>
        <line num="79" count="44" type="stmt"/>
        <line num="80" count="44" type="cond" truecount="1" falsecount="1"/>
        <line num="82" count="44" type="cond" truecount="2" falsecount="0"/>
        <line num="83" count="44" type="cond" truecount="2" falsecount="0"/>
        <line num="86" count="92" type="stmt"/>
        <line num="109" count="36" type="stmt"/>
        <line num="111" count="36" type="stmt"/>
        <line num="112" count="33" type="stmt"/>
        <line num="117" count="33" type="stmt"/>
        <line num="118" count="0" type="stmt"/>
        <line num="131" count="18" type="cond" truecount="2" falsecount="0"/>
        <line num="133" count="17" type="stmt"/>
        <line num="134" count="17" type="cond" truecount="2" falsecount="0"/>
        <line num="136" count="16" type="stmt"/>
        <line num="149" count="34" type="stmt"/>
        <line num="150" count="34" type="cond" truecount="2" falsecount="0"/>
        <line num="152" count="34" type="stmt"/>
        <line num="153" count="34" type="stmt"/>
        <line num="154" count="34" type="stmt"/>
        <line num="156" count="34" type="stmt"/>
        <line num="161" count="126" type="stmt"/>
        <line num="170" count="63" type="stmt"/>
        <line num="171" count="63" type="stmt"/>
        <line num="173" count="63" type="cond" truecount="2" falsecount="0"/>
        <line num="184" count="34" type="cond" truecount="2" falsecount="0"/>
        <line num="185" count="3" type="stmt"/>
        <line num="214" count="50" type="stmt"/>
        <line num="216" count="50" type="stmt"/>
        <line num="217" count="50" type="stmt"/>
        <line num="219" count="50" type="stmt"/>
        <line num="220" count="37" type="stmt"/>
        <line num="221" count="49" type="cond" truecount="2" falsecount="0"/>
        <line num="223" count="46" type="stmt"/>
        <line num="224" count="46" type="cond" truecount="1" falsecount="1"/>
        <line num="226" count="46" type="cond" truecount="4" falsecount="0"/>
        <line num="227" count="38" type="stmt"/>
        <line num="228" count="38" type="stmt"/>
        <line num="233" count="50" type="stmt"/>
        <line num="234" count="50" type="stmt"/>
        <line num="236" count="50" type="cond" truecount="2" falsecount="0"/>
        <line num="237" count="36" type="stmt"/>
        <line num="238" count="36" type="cond" truecount="2" falsecount="0"/>
        <line num="240" count="27" type="stmt"/>
        <line num="241" count="27" type="stmt"/>
        <line num="244" count="50" type="stmt"/>
      </file>
    </package>
    <package name="src.workout.components">
      <metrics statements="194" coveredstatements="174" conditionals="172" coveredconditionals="136" methods="72" coveredmethods="53"/>
      <file name="ExerciseLibrary.tsx" path="C:\Users\maxym\Desktop\Projets\Lift\frontend\src\workout\components\ExerciseLibrary.tsx">
        <metrics statements="39" coveredstatements="34" conditionals="35" coveredconditionals="25" methods="16" coveredmethods="12"/>
        <line num="26" count="1" type="stmt"/>
        <line num="46" count="40" type="stmt"/>
        <line num="47" count="40" type="stmt"/>
        <line num="48" count="40" type="stmt"/>
        <line num="49" count="40" type="stmt"/>
        <line num="50" count="40" type="stmt"/>
        <line num="60" count="40" type="stmt"/>
        <line num="62" count="40" type="stmt"/>
        <line num="63" count="14" type="stmt"/>
        <line num="65" count="14" type="stmt"/>
        <line num="66" count="14" type="stmt"/>
        <line num="68" count="14" type="stmt"/>
        <line num="70" count="14" type="stmt"/>
        <line num="71" count="14" type="stmt"/>
        <line num="74" count="12" type="cond" truecount="2" falsecount="0"/>
        <line num="76" count="11" type="stmt"/>
        <line num="77" count="11" type="cond" truecount="1" falsecount="1"/>
        <line num="84" count="0" type="stmt"/>
        <line num="85" count="0" type="stmt"/>
        <line num="88" count="11" type="stmt"/>
        <line num="90" count="2" type="cond" truecount="1" falsecount="1"/>
        <line num="94" count="2" type="cond" truecount="1" falsecount="1"/>
        <line num="96" count="14" type="cond" truecount="2" falsecount="0"/>
        <line num="107" count="40" type="stmt"/>
        <line num="108" count="14" type="stmt"/>
        <line num="120" count="40" type="stmt"/>
        <line num="121" count="8" type="cond" truecount="1" falsecount="1"/>
        <line num="125" count="40" type="stmt"/>
        <line num="126" count="6" type="stmt"/>
        <line num="129" count="2" type="stmt"/>
        <line num="135" count="40" type="stmt"/>
        <line num="136" count="0" type="cond" truecount="0" falsecount="5"/>
        <line num="137" count="0" type="stmt"/>
        <line num="140" count="40" type="cond" truecount="2" falsecount="0"/>
        <line num="142" count="40" type="stmt"/>
        <line num="157" count="0" type="stmt"/>
        <line num="174" count="27" type="stmt"/>
        <line num="176" count="21" type="stmt"/>
        <line num="182" count="1" type="stmt"/>
      </file>
      <file name="RestTimerWidget.tsx" path="C:\Users\maxym\Desktop\Projets\Lift\frontend\src\workout\components\RestTimerWidget.tsx">
        <metrics statements="9" coveredstatements="9" conditionals="2" coveredconditionals="2" methods="5" coveredmethods="5"/>
        <line num="18" count="25" type="stmt"/>
        <line num="19" count="25" type="stmt"/>
        <line num="23" count="2" type="stmt"/>
        <line num="55" count="25" type="stmt"/>
        <line num="56" count="25" type="stmt"/>
        <line num="58" count="25" type="stmt"/>
        <line num="65" count="141" type="stmt"/>
        <line num="78" count="1" type="stmt"/>
        <line num="81" count="1" type="stmt"/>
      </file>
      <file name="SessionHistory.tsx" path="C:\Users\maxym\Desktop\Projets\Lift\frontend\src\workout\components\SessionHistory.tsx">
        <metrics statements="52" coveredstatements="45" conditionals="38" coveredconditionals="21" methods="16" coveredmethods="11"/>
        <line num="22" count="1" type="stmt"/>
        <line num="39" count="8" type="stmt"/>
        <line num="40" count="8" type="cond" truecount="1" falsecount="1"/>
        <line num="45" count="8" type="stmt"/>
        <line num="46" count="8" type="stmt"/>
        <line num="57" count="8" type="cond" truecount="2" falsecount="0"/>
        <line num="58" count="8" type="stmt"/>
        <line num="60" count="8" type="cond" truecount="1" falsecount="1"/>
        <line num="85" count="14" type="stmt"/>
        <line num="86" count="14" type="stmt"/>
        <line num="87" count="14" type="stmt"/>
        <line num="88" count="14" type="stmt"/>
        <line num="89" count="14" type="stmt"/>
        <line num="92" count="14" type="stmt"/>
        <line num="94" count="14" type="stmt"/>
        <line num="95" count="7" type="stmt"/>
        <line num="97" count="7" type="stmt"/>
        <line num="98" count="7" type="cond" truecount="1" falsecount="1"/>
        <line num="100" count="7" type="stmt"/>
        <line num="101" count="7" type="stmt"/>
        <line num="102" count="6" type="cond" truecount="1" falsecount="1"/>
        <line num="104" count="6" type="stmt"/>
        <line num="105" count="6" type="cond" truecount="1" falsecount="1"/>
        <line num="107" count="0" type="stmt"/>
        <line num="108" count="0" type="stmt"/>
        <line num="110" count="6" type="stmt"/>
        <line num="112" count="1" type="cond" truecount="1" falsecount="1"/>
        <line num="113" count="1" type="cond" truecount="1" falsecount="1"/>
        <line num="115" count="7" type="cond" truecount="1" falsecount="1"/>
        <line num="116" count="7" type="stmt"/>
        <line num="117" count="7" type="stmt"/>
        <line num="122" count="14" type="stmt"/>
        <line num="123" count="7" type="stmt"/>
        <line num="132" count="14" type="stmt"/>
        <line num="133" count="14" type="stmt"/>
        <line num="134" count="8" type="stmt"/>
        <line num="135" count="8" type="stmt"/>
        <line num="137" count="8" type="cond" truecount="2" falsecount="0"/>
        <line num="138" count="6" type="stmt"/>
        <line num="141" count="14" type="stmt"/>
        <line num="142" count="0" type="cond" truecount="0" falsecount="6"/>
        <line num="143" count="0" type="stmt"/>
        <line num="146" count="14" type="cond" truecount="4" falsecount="0"/>
        <line num="147" count="7" type="stmt"/>
        <line num="150" count="7" type="stmt"/>
        <line num="153" count="0" type="stmt"/>
        <line num="158" count="18" type="stmt"/>
        <line num="161" count="6" type="stmt"/>
        <line num="163" count="8" type="stmt"/>
        <line num="167" count="1" type="stmt"/>
        <line num="191" count="0" type="stmt"/>
        <line num="192" count="0" type="stmt"/>
      </file>
      <file name="SessionStarter.tsx" path="C:\Users\maxym\Desktop\Projets\Lift\frontend\src\workout\components\SessionStarter.tsx">
        <metrics statements="23" coveredstatements="22" conditionals="21" coveredconditionals="17" methods="10" coveredmethods="9"/>
        <line num="40" count="4" type="stmt"/>
        <line num="49" count="4" type="stmt"/>
        <line num="50" count="4" type="cond" truecount="1" falsecount="1"/>
        <line num="70" count="9" type="cond" truecount="1" falsecount="1"/>
        <line num="72" count="9" type="stmt"/>
        <line num="108" count="4" type="stmt"/>
        <line num="114" count="1" type="stmt"/>
        <line num="147" count="9" type="stmt"/>
        <line num="148" count="9" type="stmt"/>
        <line num="149" count="9" type="stmt"/>
        <line num="151" count="9" type="stmt"/>
        <line num="152" count="5" type="stmt"/>
        <line num="153" count="5" type="stmt"/>
        <line num="155" count="5" type="stmt"/>
        <line num="156" count="5" type="stmt"/>
        <line num="165" count="3" type="stmt"/>
        <line num="168" count="2" type="cond" truecount="2" falsecount="0"/>
        <line num="172" count="1" type="cond" truecount="1" falsecount="1"/>
        <line num="174" count="4" type="stmt"/>
        <line num="178" count="9" type="stmt"/>
        <line num="179" count="5" type="stmt"/>
        <line num="182" count="9" type="stmt"/>
        <line num="187" count="0" type="stmt"/>
      </file>
      <file name="SetInputForm.tsx" path="C:\Users\maxym\Desktop\Projets\Lift\frontend\src\workout\components\SetInputForm.tsx">
        <metrics statements="60" coveredstatements="53" conditionals="56" coveredconditionals="51" methods="21" coveredmethods="12"/>
        <line num="25" count="121" type="stmt"/>
        <line num="27" count="121" type="stmt"/>
        <line num="28" count="32" type="stmt"/>
        <line num="29" count="32" type="stmt"/>
        <line num="31" count="32" type="stmt"/>
        <line num="32" count="32" type="stmt"/>
        <line num="33" count="32" type="stmt"/>
        <line num="37" count="121" type="stmt"/>
        <line num="63" count="137" type="cond" truecount="7" falsecount="0"/>
        <line num="65" count="1" type="stmt"/>
        <line num="67" count="1" type="stmt"/>
        <line num="69" count="5" type="stmt"/>
        <line num="71" count="14" type="stmt"/>
        <line num="73" count="2" type="stmt"/>
        <line num="76" count="114" type="stmt"/>
        <line num="104" count="121" type="stmt"/>
        <line num="105" count="121" type="cond" truecount="2" falsecount="0"/>
        <line num="107" count="6" type="cond" truecount="2" falsecount="0"/>
        <line num="108" count="2" type="stmt"/>
        <line num="109" count="2" type="stmt"/>
        <line num="110" count="2" type="stmt"/>
        <line num="111" count="2" type="cond" truecount="3" falsecount="1"/>
        <line num="112" count="2" type="stmt"/>
        <line num="115" count="4" type="stmt"/>
        <line num="116" count="4" type="cond" truecount="2" falsecount="0"/>
        <line num="133" count="102" type="stmt"/>
        <line num="136" count="1020" type="stmt"/>
        <line num="137" count="1020" type="stmt"/>
        <line num="140" count="3" type="cond" truecount="2" falsecount="0"/>
        <line num="180" count="121" type="stmt"/>
        <line num="182" count="121" type="stmt"/>
        <line num="184" count="121" type="stmt"/>
        <line num="186" count="121" type="stmt"/>
        <line num="187" count="121" type="stmt"/>
        <line num="188" count="121" type="stmt"/>
        <line num="189" count="121" type="stmt"/>
        <line num="190" count="121" type="stmt"/>
        <line num="191" count="121" type="stmt"/>
        <line num="192" count="121" type="stmt"/>
        <line num="194" count="121" type="stmt"/>
        <line num="197" count="121" type="cond" truecount="7" falsecount="0"/>
        <line num="210" count="121" type="stmt"/>
        <line num="211" count="22" type="cond" truecount="3" falsecount="1"/>
        <line num="213" count="22" type="stmt"/>
        <line num="214" count="22" type="stmt"/>
        <line num="215" count="22" type="stmt"/>
        <line num="225" count="22" type="stmt"/>
        <line num="226" count="22" type="stmt"/>
        <line num="227" count="22" type="stmt"/>
        <line num="229" count="22" type="stmt"/>
        <line num="233" count="121" type="stmt"/>
        <line num="243" count="0" type="stmt"/>
        <line num="244" count="0" type="stmt"/>
        <line num="257" count="0" type="stmt"/>
        <line num="258" count="0" type="stmt"/>
        <line num="270" count="0" type="stmt"/>
        <line num="271" count="0" type="stmt"/>
        <line num="294" count="0" type="stmt"/>
        <line num="299" count="21" type="stmt"/>
        <line num="304" count="1" type="stmt"/>
      </file>
      <file name="SetRow.tsx" path="C:\Users\maxym\Desktop\Projets\Lift\frontend\src\workout\components\SetRow.tsx">
        <metrics statements="11" coveredstatements="11" conditionals="20" coveredconditionals="20" methods="4" coveredmethods="4"/>
        <line num="32" count="1" type="stmt"/>
        <line num="33" count="1" type="stmt"/>
        <line num="45" count="49" type="cond" truecount="2" falsecount="0"/>
        <line num="46" count="47" type="cond" truecount="2" falsecount="0"/>
        <line num="47" count="45" type="stmt"/>
        <line num="52" count="49" type="cond" truecount="2" falsecount="0"/>
        <line num="53" count="48" type="cond" truecount="4" falsecount="0"/>
        <line num="54" count="2" type="cond" truecount="2" falsecount="0"/>
        <line num="55" count="1" type="stmt"/>
        <line num="74" count="49" type="stmt"/>
        <line num="76" count="49" type="stmt"/>
      </file>
    </package>
    <package name="src.workout.services">
      <metrics statements="17" coveredstatements="17" conditionals="8" coveredconditionals="8" methods="12" coveredmethods="12"/>
      <file name="exercises.service.ts" path="C:\Users\maxym\Desktop\Projets\Lift\frontend\src\workout\services\exercises.service.ts">
        <metrics statements="4" coveredstatements="4" conditionals="7" coveredconditionals="7" methods="2" coveredmethods="2"/>
        <line num="10" count="1" type="stmt"/>
        <line num="19" count="1" type="stmt"/>
        <line num="68" count="8" type="stmt"/>
        <line num="83" count="1" type="stmt"/>
      </file>
      <file name="sessions.service.ts" path="C:\Users\maxym\Desktop\Projets\Lift\frontend\src\workout\services\sessions.service.ts">
        <metrics statements="10" coveredstatements="10" conditionals="1" coveredconditionals="1" methods="8" coveredmethods="8"/>
        <line num="13" count="1" type="stmt"/>
        <line num="14" count="1" type="stmt"/>
        <line num="27" count="2" type="stmt"/>
        <line num="36" count="1" type="stmt"/>
        <line num="72" count="2" type="stmt"/>
        <line num="89" count="1" type="stmt"/>
        <line num="101" count="1" type="stmt"/>
        <line num="138" count="3" type="stmt"/>
        <line num="150" count="1" type="stmt"/>
        <line num="155" count="1" type="stmt"/>
      </file>
      <file name="templates.service.ts" path="C:\Users\maxym\Desktop\Projets\Lift\frontend\src\workout\services\templates.service.ts">
        <metrics statements="3" coveredstatements="3" conditionals="0" coveredconditionals="0" methods="2" coveredmethods="2"/>
        <line num="7" count="1" type="stmt"/>
        <line num="22" count="1" type="stmt"/>
        <line num="38" count="1" type="stmt"/>
      </file>
    </package>
  </project>
</coverage>
