{"C:\\Users\\maxym\\Desktop\\Projets\\Lift\\frontend\\app\\_layout.tsx": {"path":"C:\\Users\\maxym\\Desktop\\Projets\\Lift\\frontend\\app\\_layout.tsx","statementMap":{"0":{"start":{"line":29,"column":14},"end":{"line":37,"column":1}},"1":{"start":{"line":39,"column":0},"end":{"line":52,"column":1}},"2":{"start":{"line":40,"column":19},"end":{"line":40,"column":54}},"3":{"start":{"line":41,"column":17},"end":{"line":41,"column":44}},"4":{"start":{"line":42,"column":18},"end":{"line":42,"column":61}},"5":{"start":{"line":42,"column":46},"end":{"line":42,"column":60}},"6":{"start":{"line":43,"column":16},"end":{"line":43,"column":59}},"7":{"start":{"line":43,"column":42},"end":{"line":43,"column":58}},"8":{"start":{"line":44,"column":2},"end":{"line":51,"column":3}},"9":{"start":{"line":45,"column":4},"end":{"line":50,"column":6}},"10":{"start":{"line":59,"column":26},"end":{"line":59,"column":78}},"11":{"start":{"line":61,"column":0},"end":{"line":61,"column":36}},"12":{"start":{"line":78,"column":22},"end":{"line":78,"column":31}},"13":{"start":{"line":80,"column":15},"end":{"line":80,"column":57}},"14":{"start":{"line":82,"column":2},"end":{"line":84,"column":13}},"15":{"start":{"line":83,"column":4},"end":{"line":83,"column":39}},"16":{"start":{"line":83,"column":14},"end":{"line":83,"column":39}},"17":{"start":{"line":86,"column":2},"end":{"line":86,"column":25}},"18":{"start":{"line":86,"column":13},"end":{"line":86,"column":25}},"19":{"start":{"line":88,"column":19},"end":{"line":88,"column":53}},"20":{"start":{"line":90,"column":2},"end":{"line":110,"column":4}},"21":{"start":{"line":115,"column":26},"end":{"line":115,"column":41}},"22":{"start":{"line":116,"column":21},"end":{"line":116,"column":45}},"23":{"start":{"line":121,"column":2},"end":{"line":123,"column":19}},"24":{"start":{"line":122,"column":4},"end":{"line":122,"column":66}},"25":{"start":{"line":122,"column":41},"end":{"line":122,"column":66}},"26":{"start":{"line":125,"column":2},"end":{"line":138,"column":3}},"27":{"start":{"line":129,"column":24},"end":{"line":129,"column":58}},"28":{"start":{"line":130,"column":4},"end":{"line":137,"column":6}},"29":{"start":{"line":163,"column":2},"end":{"line":174,"column":4}}},"fnMap":{"0":{"name":"(anonymous_0)","decl":{"start":{"line":42,"column":39},"end":{"line":42,"column":40}},"loc":{"start":{"line":42,"column":46},"end":{"line":42,"column":60}},"line":42},"1":{"name":"(anonymous_1)","decl":{"start":{"line":43,"column":35},"end":{"line":43,"column":36}},"loc":{"start":{"line":43,"column":42},"end":{"line":43,"column":58}},"line":43},"2":{"name":"RootNavigator","decl":{"start":{"line":77,"column":9},"end":{"line":77,"column":22}},"loc":{"start":{"line":77,"column":64},"end":{"line":111,"column":1}},"line":77},"3":{"name":"(anonymous_3)","decl":{"start":{"line":82,"column":12},"end":{"line":82,"column":13}},"loc":{"start":{"line":82,"column":18},"end":{"line":84,"column":3}},"line":82},"4":{"name":"RootLayout","decl":{"start":{"line":113,"column":24},"end":{"line":113,"column":34}},"loc":{"start":{"line":113,"column":37},"end":{"line":175,"column":1}},"line":113},"5":{"name":"(anonymous_5)","decl":{"start":{"line":121,"column":12},"end":{"line":121,"column":13}},"loc":{"start":{"line":121,"column":18},"end":{"line":123,"column":3}},"line":121}},"branchMap":{"0":{"loc":{"start":{"line":39,"column":0},"end":{"line":52,"column":1}},"type":"if","locations":[{"start":{"line":39,"column":0},"end":{"line":52,"column":1}},{"start":{},"end":{}}],"line":39},"1":{"loc":{"start":{"line":44,"column":2},"end":{"line":51,"column":3}},"type":"if","locations":[{"start":{"line":44,"column":2},"end":{"line":51,"column":3}},{"start":{},"end":{}}],"line":44},"2":{"loc":{"start":{"line":44,"column":6},"end":{"line":44,"column":36}},"type":"binary-expr","locations":[{"start":{"line":44,"column":6},"end":{"line":44,"column":20}},{"start":{"line":44,"column":24},"end":{"line":44,"column":36}}],"line":44},"3":{"loc":{"start":{"line":47,"column":9},"end":{"line":47,"column":104}},"type":"cond-expr","locations":[{"start":{"line":47,"column":26},"end":{"line":47,"column":99}},{"start":{"line":47,"column":102},"end":{"line":47,"column":104}}],"line":47},"4":{"loc":{"start":{"line":48,"column":9},"end":{"line":48,"column":90}},"type":"cond-expr","locations":[{"start":{"line":48,"column":24},"end":{"line":48,"column":85}},{"start":{"line":48,"column":88},"end":{"line":48,"column":90}}],"line":48},"5":{"loc":{"start":{"line":80,"column":15},"end":{"line":80,"column":57}},"type":"binary-expr","locations":[{"start":{"line":80,"column":15},"end":{"line":80,"column":25}},{"start":{"line":80,"column":29},"end":{"line":80,"column":57}}],"line":80},"6":{"loc":{"start":{"line":83,"column":4},"end":{"line":83,"column":39}},"type":"if","locations":[{"start":{"line":83,"column":4},"end":{"line":83,"column":39}},{"start":{},"end":{}}],"line":83},"7":{"loc":{"start":{"line":86,"column":2},"end":{"line":86,"column":25}},"type":"if","locations":[{"start":{"line":86,"column":2},"end":{"line":86,"column":25}},{"start":{},"end":{}}],"line":86},"8":{"loc":{"start":{"line":116,"column":21},"end":{"line":116,"column":45}},"type":"binary-expr","locations":[{"start":{"line":116,"column":21},"end":{"line":116,"column":27}},{"start":{"line":116,"column":31},"end":{"line":116,"column":45}}],"line":116},"9":{"loc":{"start":{"line":122,"column":4},"end":{"line":122,"column":66}},"type":"if","locations":[{"start":{"line":122,"column":4},"end":{"line":122,"column":66}},{"start":{},"end":{}}],"line":122},"10":{"loc":{"start":{"line":122,"column":8},"end":{"line":122,"column":39}},"type":"binary-expr","locations":[{"start":{"line":122,"column":8},"end":{"line":122,"column":25}},{"start":{"line":122,"column":29},"end":{"line":122,"column":39}}],"line":122},"11":{"loc":{"start":{"line":125,"column":2},"end":{"line":138,"column":3}},"type":"if","locations":[{"start":{"line":125,"column":2},"end":{"line":138,"column":3}},{"start":{},"end":{}}],"line":125}},"s":{"0":0,"1":0,"2":0,"3":0,"4":0,"5":0,"6":0,"7":0,"8":0,"9":0,"10":0,"11":0,"12":0,"13":0,"14":0,"15":0,"16":0,"17":0,"18":0,"19":0,"20":0,"21":0,"22":0,"23":0,"24":0,"25":0,"26":0,"27":0,"28":0,"29":0},"f":{"0":0,"1":0,"2":0,"3":0,"4":0,"5":0},"b":{"0":[0,0],"1":[0,0],"2":[0,0],"3":[0,0],"4":[0,0],"5":[0,0],"6":[0,0],"7":[0,0],"8":[0,0],"9":[0,0],"10":[0,0],"11":[0,0]}}
,"C:\\Users\\maxym\\Desktop\\Projets\\Lift\\frontend\\app\\cgu.tsx": {"path":"C:\\Users\\maxym\\Desktop\\Projets\\Lift\\frontend\\app\\cgu.tsx","statementMap":{"0":{"start":{"line":24,"column":2},"end":{"line":42,"column":4}},"1":{"start":{"line":28,"column":42},"end":{"line":28,"column":55}}},"fnMap":{"0":{"name":"ConditionsGenerales","decl":{"start":{"line":23,"column":24},"end":{"line":23,"column":43}},"loc":{"start":{"line":23,"column":46},"end":{"line":43,"column":1}},"line":23},"1":{"name":"(anonymous_1)","decl":{"start":{"line":28,"column":36},"end":{"line":28,"column":37}},"loc":{"start":{"line":28,"column":42},"end":{"line":28,"column":55}},"line":28}},"branchMap":{},"s":{"0":0,"1":0},"f":{"0":0,"1":0},"b":{}}
,"C:\\Users\\maxym\\Desktop\\Projets\\Lift\\frontend\\app\\confidentialite.tsx": {"path":"C:\\Users\\maxym\\Desktop\\Projets\\Lift\\frontend\\app\\confidentialite.tsx","statementMap":{"0":{"start":{"line":20,"column":2},"end":{"line":37,"column":4}},"1":{"start":{"line":24,"column":42},"end":{"line":24,"column":55}}},"fnMap":{"0":{"name":"Confidentialite","decl":{"start":{"line":19,"column":24},"end":{"line":19,"column":39}},"loc":{"start":{"line":19,"column":42},"end":{"line":38,"column":1}},"line":19},"1":{"name":"(anonymous_1)","decl":{"start":{"line":24,"column":36},"end":{"line":24,"column":37}},"loc":{"start":{"line":24,"column":42},"end":{"line":24,"column":55}},"line":24}},"branchMap":{},"s":{"0":0,"1":0},"f":{"0":0,"1":0},"b":{}}
,"C:\\Users\\maxym\\Desktop\\Projets\\Lift\\frontend\\app\\(auth)\\_layout.tsx": {"path":"C:\\Users\\maxym\\Desktop\\Projets\\Lift\\frontend\\app\\(auth)\\_layout.tsx","statementMap":{"0":{"start":{"line":18,"column":33},"end":{"line":18,"column":62}},"1":{"start":{"line":21,"column":2},"end":{"line":21,"column":58}}},"fnMap":{"0":{"name":"AuthLayout","decl":{"start":{"line":20,"column":24},"end":{"line":20,"column":34}},"loc":{"start":{"line":20,"column":37},"end":{"line":22,"column":1}},"line":20}},"branchMap":{},"s":{"0":0,"1":0},"f":{"0":0},"b":{}}
,"C:\\Users\\maxym\\Desktop\\Projets\\Lift\\frontend\\app\\(auth)\\forgot-password.tsx": {"path":"C:\\Users\\maxym\\Desktop\\Projets\\Lift\\frontend\\app\\(auth)\\forgot-password.tsx","statementMap":{"0":{"start":{"line":15,"column":2},"end":{"line":26,"column":4}},"1":{"start":{"line":24,"column":31},"end":{"line":24,"column":44}}},"fnMap":{"0":{"name":"ForgotPassword","decl":{"start":{"line":14,"column":24},"end":{"line":14,"column":38}},"loc":{"start":{"line":14,"column":41},"end":{"line":27,"column":1}},"line":14},"1":{"name":"(anonymous_1)","decl":{"start":{"line":24,"column":25},"end":{"line":24,"column":26}},"loc":{"start":{"line":24,"column":31},"end":{"line":24,"column":44}},"line":24}},"branchMap":{},"s":{"0":0,"1":0},"f":{"0":0,"1":0},"b":{}}
,"C:\\Users\\maxym\\Desktop\\Projets\\Lift\\frontend\\app\\(auth)\\login.tsx": {"path":"C:\\Users\\maxym\\Desktop\\Projets\\Lift\\frontend\\app\\(auth)\\login.tsx","statementMap":{"0":{"start":{"line":29,"column":2},"end":{"line":29,"column":63}},"1":{"start":{"line":33,"column":20},"end":{"line":33,"column":29}},"2":{"start":{"line":35,"column":28},"end":{"line":35,"column":40}},"3":{"start":{"line":36,"column":34},"end":{"line":36,"column":46}},"4":{"start":{"line":37,"column":32},"end":{"line":37,"column":47}},"5":{"start":{"line":38,"column":30},"end":{"line":38,"column":89}},"6":{"start":{"line":40,"column":20},"end":{"line":71,"column":3}},"7":{"start":{"line":42,"column":4},"end":{"line":42,"column":24}},"8":{"start":{"line":42,"column":17},"end":{"line":42,"column":24}},"9":{"start":{"line":44,"column":4},"end":{"line":44,"column":21}},"10":{"start":{"line":45,"column":4},"end":{"line":45,"column":20}},"11":{"start":{"line":47,"column":4},"end":{"line":70,"column":5}},"12":{"start":{"line":48,"column":6},"end":{"line":48,"column":35}},"13":{"start":{"line":52,"column":6},"end":{"line":52,"column":26}},"14":{"start":{"line":60,"column":21},"end":{"line":60,"column":46}},"15":{"start":{"line":61,"column":6},"end":{"line":66,"column":9}},"16":{"start":{"line":69,"column":6},"end":{"line":69,"column":24}},"17":{"start":{"line":73,"column":2},"end":{"line":143,"column":4}},"18":{"start":{"line":135,"column":37},"end":{"line":135,"column":68}},"19":{"start":{"line":138,"column":37},"end":{"line":138,"column":61}}},"fnMap":{"0":{"name":"formatValide","decl":{"start":{"line":28,"column":9},"end":{"line":28,"column":21}},"loc":{"start":{"line":28,"column":64},"end":{"line":30,"column":1}},"line":28},"1":{"name":"Login","decl":{"start":{"line":32,"column":24},"end":{"line":32,"column":29}},"loc":{"start":{"line":32,"column":32},"end":{"line":144,"column":1}},"line":32},"2":{"name":"(anonymous_2)","decl":{"start":{"line":40,"column":20},"end":{"line":40,"column":21}},"loc":{"start":{"line":40,"column":32},"end":{"line":71,"column":3}},"line":40},"3":{"name":"(anonymous_3)","decl":{"start":{"line":135,"column":31},"end":{"line":135,"column":32}},"loc":{"start":{"line":135,"column":37},"end":{"line":135,"column":68}},"line":135},"4":{"name":"(anonymous_4)","decl":{"start":{"line":138,"column":31},"end":{"line":138,"column":32}},"loc":{"start":{"line":138,"column":37},"end":{"line":138,"column":61}},"line":138}},"branchMap":{"0":{"loc":{"start":{"line":29,"column":9},"end":{"line":29,"column":62}},"type":"binary-expr","locations":[{"start":{"line":29,"column":9},"end":{"line":29,"column":39}},{"start":{"line":29,"column":43},"end":{"line":29,"column":62}}],"line":29},"1":{"loc":{"start":{"line":42,"column":4},"end":{"line":42,"column":24}},"type":"if","locations":[{"start":{"line":42,"column":4},"end":{"line":42,"column":24}},{"start":{},"end":{}}],"line":42},"2":{"loc":{"start":{"line":62,"column":17},"end":{"line":64,"column":37}},"type":"cond-expr","locations":[{"start":{"line":63,"column":12},"end":{"line":63,"column":56}},{"start":{"line":64,"column":12},"end":{"line":64,"column":37}}],"line":62},"3":{"loc":{"start":{"line":78,"column":16},"end":{"line":78,"column":60}},"type":"cond-expr","locations":[{"start":{"line":78,"column":40},"end":{"line":78,"column":49}},{"start":{"line":78,"column":52},"end":{"line":78,"column":60}}],"line":78},"4":{"loc":{"start":{"line":91,"column":11},"end":{"line":97,"column":18}},"type":"cond-expr","locations":[{"start":{"line":92,"column":12},"end":{"line":96,"column":14}},{"start":{"line":97,"column":14},"end":{"line":97,"column":18}}],"line":91},"5":{"loc":{"start":{"line":95,"column":23},"end":{"line":95,"column":60}},"type":"cond-expr","locations":[{"start":{"line":95,"column":39},"end":{"line":95,"column":48}},{"start":{"line":95,"column":51},"end":{"line":95,"column":60}}],"line":95}},"s":{"0":26,"1":26,"2":26,"3":26,"4":26,"5":26,"6":26,"7":5,"8":0,"9":5,"10":5,"11":5,"12":5,"13":2,"14":3,"15":3,"16":5,"17":26,"18":1,"19":1},"f":{"0":26,"1":26,"2":5,"3":1,"4":1},"b":{"0":[26,16],"1":[0,5],"2":[1,2],"3":[26,0],"4":[3,23],"5":[1,2]},"_coverageSchema":"1a1c01bbd47fc00a2c39e90264f33305004495a9","hash":"ba012365f5cba4f62a7160351fba02d25e9327f3"}
,"C:\\Users\\maxym\\Desktop\\Projets\\Lift\\frontend\\app\\(auth)\\register.tsx": {"path":"C:\\Users\\maxym\\Desktop\\Projets\\Lift\\frontend\\app\\(auth)\\register.tsx","statementMap":{"0":{"start":{"line":27,"column":22},"end":{"line":27,"column":82}},"1":{"start":{"line":36,"column":49},"end":{"line":41,"column":1}},"2":{"start":{"line":58,"column":50},"end":{"line":58,"column":52}},"3":{"start":{"line":60,"column":2},"end":{"line":62,"column":3}},"4":{"start":{"line":61,"column":4},"end":{"line":61,"column":49}},"5":{"start":{"line":63,"column":2},"end":{"line":65,"column":3}},"6":{"start":{"line":64,"column":4},"end":{"line":64,"column":75}},"7":{"start":{"line":66,"column":2},"end":{"line":68,"column":3}},"8":{"start":{"line":67,"column":4},"end":{"line":67,"column":48}},"9":{"start":{"line":69,"column":2},"end":{"line":71,"column":3}},"10":{"start":{"line":70,"column":4},"end":{"line":70,"column":66}},"11":{"start":{"line":73,"column":2},"end":{"line":73,"column":17}},"12":{"start":{"line":77,"column":23},"end":{"line":77,"column":32}},"13":{"start":{"line":79,"column":32},"end":{"line":79,"column":55}},"14":{"start":{"line":85,"column":42},"end":{"line":85,"column":57}},"15":{"start":{"line":86,"column":32},"end":{"line":86,"column":47}},"16":{"start":{"line":95,"column":32},"end":{"line":95,"column":77}},"17":{"start":{"line":96,"column":46},"end":{"line":96,"column":90}},"18":{"start":{"line":97,"column":44},"end":{"line":99,"column":3}},"19":{"start":{"line":101,"column":25},"end":{"line":101,"column":51}},"20":{"start":{"line":105,"column":29},"end":{"line":105,"column":85}},"21":{"start":{"line":112,"column":19},"end":{"line":113,"column":81}},"22":{"start":{"line":113,"column":4},"end":{"line":113,"column":81}},"23":{"start":{"line":115,"column":19},"end":{"line":121,"column":3}},"24":{"start":{"line":115,"column":37},"end":{"line":121,"column":3}},"25":{"start":{"line":116,"column":4},"end":{"line":116,"column":51}},"26":{"start":{"line":116,"column":23},"end":{"line":116,"column":48}},"27":{"start":{"line":120,"column":4},"end":{"line":120,"column":78}},"28":{"start":{"line":120,"column":30},"end":{"line":120,"column":75}},"29":{"start":{"line":123,"column":18},"end":{"line":123,"column":86}},"30":{"start":{"line":123,"column":36},"end":{"line":123,"column":86}},"31":{"start":{"line":123,"column":42},"end":{"line":123,"column":86}},"32":{"start":{"line":123,"column":61},"end":{"line":123,"column":84}},"33":{"start":{"line":125,"column":20},"end":{"line":178,"column":3}},"34":{"start":{"line":127,"column":4},"end":{"line":127,"column":47}},"35":{"start":{"line":127,"column":40},"end":{"line":127,"column":47}},"36":{"start":{"line":129,"column":4},"end":{"line":129,"column":21}},"37":{"start":{"line":130,"column":4},"end":{"line":130,"column":27}},"38":{"start":{"line":131,"column":4},"end":{"line":131,"column":26}},"39":{"start":{"line":133,"column":4},"end":{"line":177,"column":5}},"40":{"start":{"line":134,"column":6},"end":{"line":139,"column":9}},"41":{"start":{"line":144,"column":6},"end":{"line":144,"column":26}},"42":{"start":{"line":146,"column":6},"end":{"line":173,"column":7}},"43":{"start":{"line":149,"column":57},"end":{"line":149,"column":59}},"44":{"start":{"line":150,"column":8},"end":{"line":153,"column":9}},"45":{"start":{"line":151,"column":24},"end":{"line":151,"column":46}},"46":{"start":{"line":152,"column":10},"end":{"line":152,"column":57}},"47":{"start":{"line":152,"column":21},"end":{"line":152,"column":57}},"48":{"start":{"line":155,"column":8},"end":{"line":155,"column":36}},"49":{"start":{"line":160,"column":8},"end":{"line":166,"column":9}},"50":{"start":{"line":164,"column":12},"end":{"line":164,"column":83}},"51":{"start":{"line":165,"column":10},"end":{"line":165,"column":55}},"52":{"start":{"line":167,"column":13},"end":{"line":173,"column":7}},"53":{"start":{"line":170,"column":8},"end":{"line":170,"column":63}},"54":{"start":{"line":172,"column":8},"end":{"line":172,"column":92}},"55":{"start":{"line":176,"column":6},"end":{"line":176,"column":24}},"56":{"start":{"line":180,"column":2},"end":{"line":298,"column":4}},"57":{"start":{"line":271,"column":75},"end":{"line":271,"column":94}},"58":{"start":{"line":278,"column":31},"end":{"line":278,"column":62}},"59":{"start":{"line":293,"column":37},"end":{"line":293,"column":50}}},"fnMap":{"0":{"name":"validerLocalement","decl":{"start":{"line":57,"column":9},"end":{"line":57,"column":26}},"loc":{"start":{"line":57,"column":71},"end":{"line":74,"column":1}},"line":57},"1":{"name":"Register","decl":{"start":{"line":76,"column":24},"end":{"line":76,"column":32}},"loc":{"start":{"line":76,"column":35},"end":{"line":299,"column":1}},"line":76},"2":{"name":"(anonymous_2)","decl":{"start":{"line":112,"column":19},"end":{"line":112,"column":20}},"loc":{"start":{"line":113,"column":4},"end":{"line":113,"column":81}},"line":113},"3":{"name":"(anonymous_3)","decl":{"start":{"line":115,"column":19},"end":{"line":115,"column":20}},"loc":{"start":{"line":115,"column":37},"end":{"line":121,"column":3}},"line":115},"4":{"name":"(anonymous_4)","decl":{"start":{"line":115,"column":37},"end":{"line":115,"column":38}},"loc":{"start":{"line":115,"column":57},"end":{"line":121,"column":3}},"line":115},"5":{"name":"(anonymous_5)","decl":{"start":{"line":116,"column":15},"end":{"line":116,"column":16}},"loc":{"start":{"line":116,"column":23},"end":{"line":116,"column":48}},"line":116},"6":{"name":"(anonymous_6)","decl":{"start":{"line":120,"column":22},"end":{"line":120,"column":23}},"loc":{"start":{"line":120,"column":30},"end":{"line":120,"column":75}},"line":120},"7":{"name":"(anonymous_7)","decl":{"start":{"line":123,"column":18},"end":{"line":123,"column":19}},"loc":{"start":{"line":123,"column":36},"end":{"line":123,"column":86}},"line":123},"8":{"name":"(anonymous_8)","decl":{"start":{"line":123,"column":36},"end":{"line":123,"column":37}},"loc":{"start":{"line":123,"column":42},"end":{"line":123,"column":86}},"line":123},"9":{"name":"(anonymous_9)","decl":{"start":{"line":123,"column":53},"end":{"line":123,"column":54}},"loc":{"start":{"line":123,"column":61},"end":{"line":123,"column":84}},"line":123},"10":{"name":"(anonymous_10)","decl":{"start":{"line":125,"column":20},"end":{"line":125,"column":21}},"loc":{"start":{"line":125,"column":32},"end":{"line":178,"column":3}},"line":125},"11":{"name":"(anonymous_11)","decl":{"start":{"line":271,"column":69},"end":{"line":271,"column":70}},"loc":{"start":{"line":271,"column":75},"end":{"line":271,"column":94}},"line":271},"12":{"name":"(anonymous_12)","decl":{"start":{"line":278,"column":25},"end":{"line":278,"column":26}},"loc":{"start":{"line":278,"column":31},"end":{"line":278,"column":62}},"line":278},"13":{"name":"(anonymous_13)","decl":{"start":{"line":293,"column":31},"end":{"line":293,"column":32}},"loc":{"start":{"line":293,"column":37},"end":{"line":293,"column":50}},"line":293}},"branchMap":{"0":{"loc":{"start":{"line":60,"column":2},"end":{"line":62,"column":3}},"type":"if","locations":[{"start":{"line":60,"column":2},"end":{"line":62,"column":3}},{"start":{},"end":{}}],"line":60},"1":{"loc":{"start":{"line":63,"column":2},"end":{"line":65,"column":3}},"type":"if","locations":[{"start":{"line":63,"column":2},"end":{"line":65,"column":3}},{"start":{},"end":{}}],"line":63},"2":{"loc":{"start":{"line":66,"column":2},"end":{"line":68,"column":3}},"type":"if","locations":[{"start":{"line":66,"column":2},"end":{"line":68,"column":3}},{"start":{},"end":{}}],"line":66},"3":{"loc":{"start":{"line":69,"column":2},"end":{"line":71,"column":3}},"type":"if","locations":[{"start":{"line":69,"column":2},"end":{"line":71,"column":3}},{"start":{},"end":{}}],"line":69},"4":{"loc":{"start":{"line":105,"column":29},"end":{"line":105,"column":85}},"type":"binary-expr","locations":[{"start":{"line":105,"column":29},"end":{"line":105,"column":69}},{"start":{"line":105,"column":73},"end":{"line":105,"column":85}}],"line":105},"5":{"loc":{"start":{"line":113,"column":4},"end":{"line":113,"column":81}},"type":"binary-expr","locations":[{"start":{"line":113,"column":4},"end":{"line":113,"column":25}},{"start":{"line":113,"column":30},"end":{"line":113,"column":80}}],"line":113},"6":{"loc":{"start":{"line":113,"column":30},"end":{"line":113,"column":80}},"type":"cond-expr","locations":[{"start":{"line":113,"column":47},"end":{"line":113,"column":68}},{"start":{"line":113,"column":71},"end":{"line":113,"column":80}}],"line":113},"7":{"loc":{"start":{"line":120,"column":30},"end":{"line":120,"column":75}},"type":"cond-expr","locations":[{"start":{"line":120,"column":43},"end":{"line":120,"column":71}},{"start":{"line":120,"column":74},"end":{"line":120,"column":75}}],"line":120},"8":{"loc":{"start":{"line":127,"column":4},"end":{"line":127,"column":47}},"type":"if","locations":[{"start":{"line":127,"column":4},"end":{"line":127,"column":47}},{"start":{},"end":{}}],"line":127},"9":{"loc":{"start":{"line":127,"column":8},"end":{"line":127,"column":38}},"type":"binary-expr","locations":[{"start":{"line":127,"column":8},"end":{"line":127,"column":15}},{"start":{"line":127,"column":19},"end":{"line":127,"column":38}}],"line":127},"10":{"loc":{"start":{"line":146,"column":6},"end":{"line":173,"column":7}},"type":"if","locations":[{"start":{"line":146,"column":6},"end":{"line":173,"column":7}},{"start":{"line":167,"column":13},"end":{"line":173,"column":7}}],"line":146},"11":{"loc":{"start":{"line":152,"column":10},"end":{"line":152,"column":57}},"type":"if","locations":[{"start":{"line":152,"column":10},"end":{"line":152,"column":57}},{"start":{},"end":{}}],"line":152},"12":{"loc":{"start":{"line":160,"column":8},"end":{"line":166,"column":9}},"type":"if","locations":[{"start":{"line":160,"column":8},"end":{"line":166,"column":9}},{"start":{},"end":{}}],"line":160},"13":{"loc":{"start":{"line":164,"column":12},"end":{"line":164,"column":83}},"type":"binary-expr","locations":[{"start":{"line":164,"column":12},"end":{"line":164,"column":34}},{"start":{"line":164,"column":38},"end":{"line":164,"column":70}},{"start":{"line":164,"column":74},"end":{"line":164,"column":83}}],"line":164},"14":{"loc":{"start":{"line":167,"column":13},"end":{"line":173,"column":7}},"type":"if","locations":[{"start":{"line":167,"column":13},"end":{"line":173,"column":7}},{"start":{"line":171,"column":13},"end":{"line":173,"column":7}}],"line":167},"15":{"loc":{"start":{"line":185,"column":16},"end":{"line":185,"column":60}},"type":"cond-expr","locations":[{"start":{"line":185,"column":40},"end":{"line":185,"column":49}},{"start":{"line":185,"column":52},"end":{"line":185,"column":60}}],"line":185},"16":{"loc":{"start":{"line":199,"column":11},"end":{"line":204,"column":18}},"type":"cond-expr","locations":[{"start":{"line":200,"column":12},"end":{"line":203,"column":14}},{"start":{"line":204,"column":14},"end":{"line":204,"column":18}}],"line":199},"17":{"loc":{"start":{"line":202,"column":23},"end":{"line":202,"column":67}},"type":"cond-expr","locations":[{"start":{"line":202,"column":46},"end":{"line":202,"column":55}},{"start":{"line":202,"column":58},"end":{"line":202,"column":67}}],"line":202}},"s":{"0":1,"1":1,"2":75,"3":75,"4":15,"5":75,"6":30,"7":75,"8":40,"9":75,"10":15,"11":75,"12":75,"13":75,"14":75,"15":75,"16":75,"17":75,"18":75,"19":75,"20":75,"21":75,"22":300,"23":75,"24":300,"25":45,"26":45,"27":45,"28":45,"29":75,"30":300,"31":2,"32":2,"33":75,"34":5,"35":0,"36":5,"37":5,"38":5,"39":5,"40":5,"41":2,"42":3,"43":2,"44":2,"45":3,"46":3,"47":3,"48":2,"49":2,"50":0,"51":0,"52":1,"53":1,"54":0,"55":5,"56":75,"57":1,"58":1,"59":0},"f":{"0":75,"1":75,"2":300,"3":300,"4":45,"5":45,"6":45,"7":300,"8":2,"9":2,"10":5,"11":1,"12":1,"13":0},"b":{"0":[15,60],"1":[30,45],"2":[40,35],"3":[15,60],"4":[75,19],"5":[300,297],"6":[2,295],"7":[0,45],"8":[0,5],"9":[5,5],"10":[2,1],"11":[3,0],"12":[0,2],"13":[0,0,0],"14":[1,0],"15":[75,0],"16":[1,74],"17":[1,0]},"_coverageSchema":"1a1c01bbd47fc00a2c39e90264f33305004495a9","hash":"f704dd22333fa4c839ba09b1e2bae9443906b15e"}
,"C:\\Users\\maxym\\Desktop\\Projets\\Lift\\frontend\\app\\(tabs)\\_layout.tsx": {"path":"C:\\Users\\maxym\\Desktop\\Projets\\Lift\\frontend\\app\\(tabs)\\_layout.tsx","statementMap":{"0":{"start":{"line":17,"column":2},"end":{"line":23,"column":4}},"1":{"start":{"line":18,"column":68},"end":{"line":18,"column":89}}},"fnMap":{"0":{"name":"TabsLayout","decl":{"start":{"line":16,"column":24},"end":{"line":16,"column":34}},"loc":{"start":{"line":16,"column":37},"end":{"line":24,"column":1}},"line":16},"1":{"name":"(anonymous_1)","decl":{"start":{"line":18,"column":57},"end":{"line":18,"column":58}},"loc":{"start":{"line":18,"column":68},"end":{"line":18,"column":89}},"line":18}},"branchMap":{},"s":{"0":0,"1":0},"f":{"0":0,"1":0},"b":{}}
,"C:\\Users\\maxym\\Desktop\\Projets\\Lift\\frontend\\app\\(tabs)\\index.tsx": {"path":"C:\\Users\\maxym\\Desktop\\Projets\\Lift\\frontend\\app\\(tabs)\\index.tsx","statementMap":{"0":{"start":{"line":28,"column":2},"end":{"line":28,"column":81}},"1":{"start":{"line":33,"column":25},"end":{"line":33,"column":39}},"2":{"start":{"line":34,"column":2},"end":{"line":34,"column":27}},"3":{"start":{"line":55,"column":22},"end":{"line":55,"column":31}},"4":{"start":{"line":57,"column":32},"end":{"line":57,"column":62}},"5":{"start":{"line":58,"column":44},"end":{"line":58,"column":80}},"6":{"start":{"line":59,"column":38},"end":{"line":59,"column":52}},"7":{"start":{"line":60,"column":50},"end":{"line":60,"column":65}},"8":{"start":{"line":61,"column":30},"end":{"line":61,"column":59}},"9":{"start":{"line":63,"column":18},"end":{"line":89,"column":8}},"10":{"start":{"line":64,"column":4},"end":{"line":64,"column":20}},"11":{"start":{"line":66,"column":4},"end":{"line":88,"column":5}},"12":{"start":{"line":67,"column":19},"end":{"line":67,"column":39}},"13":{"start":{"line":68,"column":6},"end":{"line":68,"column":31}},"14":{"start":{"line":76,"column":18},"end":{"line":76,"column":71}},"15":{"start":{"line":76,"column":58},"end":{"line":76,"column":70}},"16":{"start":{"line":77,"column":24},"end":{"line":77,"column":93}},"17":{"start":{"line":77,"column":58},"end":{"line":77,"column":91}},"18":{"start":{"line":77,"column":86},"end":{"line":77,"column":90}},"19":{"start":{"line":78,"column":6},"end":{"line":82,"column":8}},"20":{"start":{"line":80,"column":49},"end":{"line":80,"column":59}},"21":{"start":{"line":80,"column":72},"end":{"line":80,"column":86}},"22":{"start":{"line":84,"column":6},"end":{"line":84,"column":91}},"23":{"start":{"line":86,"column":6},"end":{"line":86,"column":27}},"24":{"start":{"line":87,"column":6},"end":{"line":87,"column":33}},"25":{"start":{"line":91,"column":2},"end":{"line":93,"column":16}},"26":{"start":{"line":92,"column":4},"end":{"line":92,"column":19}},"27":{"start":{"line":96,"column":16},"end":{"line":96,"column":32}},"28":{"start":{"line":97,"column":24},"end":{"line":97,"column":39}},"29":{"start":{"line":98,"column":2},"end":{"line":98,"column":53}},"30":{"start":{"line":99,"column":25},"end":{"line":99,"column":40}},"31":{"start":{"line":100,"column":2},"end":{"line":100,"column":55}},"32":{"start":{"line":102,"column":23},"end":{"line":102,"column":66}},"33":{"start":{"line":103,"column":28},"end":{"line":103,"column":72}},"34":{"start":{"line":105,"column":24},"end":{"line":105,"column":84}},"35":{"start":{"line":105,"column":58},"end":{"line":105,"column":80}},"36":{"start":{"line":106,"column":26},"end":{"line":106,"column":91}},"37":{"start":{"line":106,"column":65},"end":{"line":106,"column":87}},"38":{"start":{"line":107,"column":20},"end":{"line":107,"column":69}},"39":{"start":{"line":109,"column":34},"end":{"line":109,"column":57}},"40":{"start":{"line":111,"column":17},"end":{"line":111,"column":80}},"41":{"start":{"line":118,"column":4},"end":{"line":118,"column":89}},"42":{"start":{"line":120,"column":2},"end":{"line":215,"column":4}},"43":{"start":{"line":130,"column":14},"end":{"line":130,"column":40}},"44":{"start":{"line":131,"column":14},"end":{"line":131,"column":29}},"45":{"start":{"line":138,"column":31},"end":{"line":138,"column":51}},"46":{"start":{"line":140,"column":63},"end":{"line":140,"column":77}},"47":{"start":{"line":177,"column":18},"end":{"line":192,"column":20}},"48":{"start":{"line":184,"column":22},"end":{"line":190,"column":24}},"49":{"start":{"line":206,"column":31},"end":{"line":206,"column":100}}},"fnMap":{"0":{"name":"kilos","decl":{"start":{"line":27,"column":9},"end":{"line":27,"column":14}},"loc":{"start":{"line":27,"column":39},"end":{"line":29,"column":1}},"line":27},"1":{"name":"jourEtMois","decl":{"start":{"line":32,"column":9},"end":{"line":32,"column":19}},"loc":{"start":{"line":32,"column":41},"end":{"line":35,"column":1}},"line":32},"2":{"name":"Accueil","decl":{"start":{"line":54,"column":24},"end":{"line":54,"column":31}},"loc":{"start":{"line":54,"column":34},"end":{"line":216,"column":1}},"line":54},"3":{"name":"(anonymous_3)","decl":{"start":{"line":63,"column":30},"end":{"line":63,"column":31}},"loc":{"start":{"line":63,"column":42},"end":{"line":89,"column":3}},"line":63},"4":{"name":"(anonymous_4)","decl":{"start":{"line":76,"column":51},"end":{"line":76,"column":52}},"loc":{"start":{"line":76,"column":58},"end":{"line":76,"column":70}},"line":76},"5":{"name":"(anonymous_5)","decl":{"start":{"line":77,"column":50},"end":{"line":77,"column":51}},"loc":{"start":{"line":77,"column":58},"end":{"line":77,"column":91}},"line":77},"6":{"name":"(anonymous_6)","decl":{"start":{"line":77,"column":80},"end":{"line":77,"column":81}},"loc":{"start":{"line":77,"column":86},"end":{"line":77,"column":90}},"line":77},"7":{"name":"(anonymous_7)","decl":{"start":{"line":80,"column":27},"end":{"line":80,"column":28}},"loc":{"start":{"line":80,"column":49},"end":{"line":80,"column":59}},"line":80},"8":{"name":"(anonymous_8)","decl":{"start":{"line":80,"column":65},"end":{"line":80,"column":66}},"loc":{"start":{"line":80,"column":72},"end":{"line":80,"column":86}},"line":80},"9":{"name":"(anonymous_9)","decl":{"start":{"line":91,"column":12},"end":{"line":91,"column":13}},"loc":{"start":{"line":91,"column":18},"end":{"line":93,"column":3}},"line":91},"10":{"name":"(anonymous_10)","decl":{"start":{"line":105,"column":44},"end":{"line":105,"column":45}},"loc":{"start":{"line":105,"column":58},"end":{"line":105,"column":80}},"line":105},"11":{"name":"(anonymous_11)","decl":{"start":{"line":106,"column":51},"end":{"line":106,"column":52}},"loc":{"start":{"line":106,"column":65},"end":{"line":106,"column":87}},"line":106},"12":{"name":"(anonymous_12)","decl":{"start":{"line":129,"column":23},"end":{"line":129,"column":24}},"loc":{"start":{"line":129,"column":29},"end":{"line":132,"column":13}},"line":129},"13":{"name":"(anonymous_13)","decl":{"start":{"line":138,"column":25},"end":{"line":138,"column":26}},"loc":{"start":{"line":138,"column":31},"end":{"line":138,"column":51}},"line":138},"14":{"name":"(anonymous_14)","decl":{"start":{"line":140,"column":57},"end":{"line":140,"column":58}},"loc":{"start":{"line":140,"column":63},"end":{"line":140,"column":77}},"line":140},"15":{"name":"(anonymous_15)","decl":{"start":{"line":176,"column":29},"end":{"line":176,"column":30}},"loc":{"start":{"line":177,"column":18},"end":{"line":192,"column":20}},"line":177},"16":{"name":"(anonymous_16)","decl":{"start":{"line":183,"column":29},"end":{"line":183,"column":30}},"loc":{"start":{"line":184,"column":22},"end":{"line":190,"column":24}},"line":184},"17":{"name":"(anonymous_17)","decl":{"start":{"line":206,"column":25},"end":{"line":206,"column":26}},"loc":{"start":{"line":206,"column":31},"end":{"line":206,"column":100}},"line":206}},"branchMap":{"0":{"loc":{"start":{"line":84,"column":16},"end":{"line":84,"column":89}},"type":"cond-expr","locations":[{"start":{"line":84,"column":40},"end":{"line":84,"column":49}},{"start":{"line":84,"column":52},"end":{"line":84,"column":89}}],"line":84},"1":{"loc":{"start":{"line":111,"column":17},"end":{"line":111,"column":80}},"type":"cond-expr","locations":[{"start":{"line":111,"column":54},"end":{"line":111,"column":73}},{"start":{"line":111,"column":76},"end":{"line":111,"column":80}}],"line":111},"2":{"loc":{"start":{"line":118,"column":4},"end":{"line":118,"column":89}},"type":"cond-expr","locations":[{"start":{"line":118,"column":42},"end":{"line":118,"column":74}},{"start":{"line":118,"column":77},"end":{"line":118,"column":89}}],"line":118},"3":{"loc":{"start":{"line":118,"column":4},"end":{"line":118,"column":39}},"type":"binary-expr","locations":[{"start":{"line":118,"column":4},"end":{"line":118,"column":15}},{"start":{"line":118,"column":19},"end":{"line":118,"column":39}}],"line":118},"4":{"loc":{"start":{"line":122,"column":49},"end":{"line":122,"column":68}},"type":"binary-expr","locations":[{"start":{"line":122,"column":49},"end":{"line":122,"column":55}},{"start":{"line":122,"column":59},"end":{"line":122,"column":68}}],"line":122},"5":{"loc":{"start":{"line":140,"column":9},"end":{"line":140,"column":88}},"type":"cond-expr","locations":[{"start":{"line":140,"column":18},"end":{"line":140,"column":81}},{"start":{"line":140,"column":84},"end":{"line":140,"column":88}}],"line":140},"6":{"loc":{"start":{"line":142,"column":9},"end":{"line":212,"column":9}},"type":"cond-expr","locations":[{"start":{"line":143,"column":10},"end":{"line":143,"column":35}},{"start":{"line":145,"column":10},"end":{"line":211,"column":13}}],"line":142},"7":{"loc":{"start":{"line":154,"column":20},"end":{"line":156,"column":33}},"type":"cond-expr","locations":[{"start":{"line":155,"column":24},"end":{"line":155,"column":98}},{"start":{"line":156,"column":24},"end":{"line":156,"column":33}}],"line":154},"8":{"loc":{"start":{"line":155,"column":27},"end":{"line":155,"column":52}},"type":"cond-expr","locations":[{"start":{"line":155,"column":44},"end":{"line":155,"column":47}},{"start":{"line":155,"column":50},"end":{"line":155,"column":52}}],"line":155},"9":{"loc":{"start":{"line":167,"column":13},"end":{"line":200,"column":13}},"type":"cond-expr","locations":[{"start":{"line":168,"column":14},"end":{"line":194,"column":27}},{"start":{"line":196,"column":14},"end":{"line":199,"column":16}}],"line":167},"10":{"loc":{"start":{"line":179,"column":27},"end":{"line":179,"column":73}},"type":"binary-expr","locations":[{"start":{"line":179,"column":27},"end":{"line":179,"column":59}},{"start":{"line":179,"column":63},"end":{"line":179,"column":73}}],"line":179},"11":{"loc":{"start":{"line":188,"column":31},"end":{"line":188,"column":69}},"type":"binary-expr","locations":[{"start":{"line":188,"column":31},"end":{"line":188,"column":63}},{"start":{"line":188,"column":67},"end":{"line":188,"column":69}}],"line":188}},"s":{"0":15,"1":9,"2":9,"3":31,"4":31,"5":31,"6":31,"7":31,"8":31,"9":31,"10":16,"11":16,"12":16,"13":14,"14":14,"15":9,"16":14,"17":9,"18":1,"19":14,"20":9,"21":8,"22":1,"23":15,"24":15,"25":31,"26":16,"27":31,"28":31,"29":31,"30":31,"31":31,"32":31,"33":31,"34":31,"35":10,"36":31,"37":1,"38":31,"39":31,"40":31,"41":31,"42":31,"43":0,"44":0,"45":1,"46":0,"47":9,"48":0,"49":1},"f":{"0":15,"1":9,"2":31,"3":16,"4":9,"5":9,"6":1,"7":9,"8":8,"9":16,"10":10,"11":1,"12":0,"13":1,"14":0,"15":9,"16":0,"17":1},"b":{"0":[1,0],"1":[31,0],"2":[6,25],"3":[31,15],"4":[31,0],"5":[1,30],"6":[16,15],"7":[1,14],"8":[1,0],"9":[9,6],"10":[9,1],"11":[0,0]},"_coverageSchema":"1a1c01bbd47fc00a2c39e90264f33305004495a9","hash":"34bc447a1e178c22a4a5ef6073d43ab26dcbf57f"}
,"C:\\Users\\maxym\\Desktop\\Projets\\Lift\\frontend\\app\\(tabs)\\profile.tsx": {"path":"C:\\Users\\maxym\\Desktop\\Projets\\Lift\\frontend\\app\\(tabs)\\profile.tsx","statementMap":{"0":{"start":{"line":24,"column":39},"end":{"line":24,"column":41}},"1":{"start":{"line":28,"column":2},"end":{"line":28,"column":41}},"2":{"start":{"line":28,"column":29},"end":{"line":28,"column":41}},"3":{"start":{"line":30,"column":15},"end":{"line":30,"column":45}},"4":{"start":{"line":31,"column":2},"end":{"line":31,"column":64}},"5":{"start":{"line":32,"column":2},"end":{"line":32,"column":14}},"6":{"start":{"line":42,"column":15},"end":{"line":42,"column":54}},"7":{"start":{"line":43,"column":15},"end":{"line":43,"column":59}},"8":{"start":{"line":44,"column":2},"end":{"line":44,"column":49}},"9":{"start":{"line":59,"column":46},"end":{"line":59,"column":55}},"10":{"start":{"line":61,"column":30},"end":{"line":61,"column":64}},"11":{"start":{"line":62,"column":38},"end":{"line":62,"column":52}},"12":{"start":{"line":63,"column":30},"end":{"line":63,"column":59}},"13":{"start":{"line":65,"column":30},"end":{"line":65,"column":42}},"14":{"start":{"line":66,"column":30},"end":{"line":66,"column":42}},"15":{"start":{"line":67,"column":24},"end":{"line":67,"column":36}},"16":{"start":{"line":68,"column":44},"end":{"line":72,"column":8}},"17":{"start":{"line":73,"column":46},"end":{"line":73,"column":61}},"18":{"start":{"line":75,"column":64},"end":{"line":75,"column":79}},"19":{"start":{"line":77,"column":18},"end":{"line":93,"column":8}},"20":{"start":{"line":78,"column":4},"end":{"line":78,"column":24}},"21":{"start":{"line":79,"column":4},"end":{"line":79,"column":20}},"22":{"start":{"line":81,"column":4},"end":{"line":92,"column":5}},"23":{"start":{"line":82,"column":16},"end":{"line":82,"column":29}},"24":{"start":{"line":83,"column":6},"end":{"line":83,"column":19}},"25":{"start":{"line":85,"column":6},"end":{"line":85,"column":32}},"26":{"start":{"line":86,"column":6},"end":{"line":86,"column":30}},"27":{"start":{"line":87,"column":6},"end":{"line":87,"column":26}},"28":{"start":{"line":89,"column":6},"end":{"line":89,"column":91}},"29":{"start":{"line":91,"column":6},"end":{"line":91,"column":27}},"30":{"start":{"line":95,"column":2},"end":{"line":97,"column":16}},"31":{"start":{"line":96,"column":4},"end":{"line":96,"column":19}},"32":{"start":{"line":108,"column":4},"end":{"line":109,"column":98}},"33":{"start":{"line":117,"column":21},"end":{"line":117,"column":80}},"34":{"start":{"line":118,"column":27},"end":{"line":118,"column":83}},"35":{"start":{"line":120,"column":22},"end":{"line":167,"column":3}},"36":{"start":{"line":121,"column":4},"end":{"line":121,"column":62}},"37":{"start":{"line":121,"column":55},"end":{"line":121,"column":62}},"38":{"start":{"line":123,"column":4},"end":{"line":123,"column":28}},"39":{"start":{"line":124,"column":4},"end":{"line":124,"column":20}},"40":{"start":{"line":125,"column":4},"end":{"line":125,"column":25}},"41":{"start":{"line":130,"column":39},"end":{"line":130,"column":41}},"42":{"start":{"line":131,"column":4},"end":{"line":131,"column":77}},"43":{"start":{"line":131,"column":42},"end":{"line":131,"column":77}},"44":{"start":{"line":132,"column":4},"end":{"line":132,"column":70}},"45":{"start":{"line":132,"column":38},"end":{"line":132,"column":70}},"46":{"start":{"line":133,"column":4},"end":{"line":133,"column":62}},"47":{"start":{"line":133,"column":34},"end":{"line":133,"column":62}},"48":{"start":{"line":135,"column":4},"end":{"line":166,"column":5}},"49":{"start":{"line":136,"column":16},"end":{"line":136,"column":43}},"50":{"start":{"line":137,"column":6},"end":{"line":137,"column":19}},"51":{"start":{"line":138,"column":6},"end":{"line":138,"column":32}},"52":{"start":{"line":139,"column":6},"end":{"line":139,"column":30}},"53":{"start":{"line":140,"column":6},"end":{"line":140,"column":26}},"54":{"start":{"line":144,"column":6},"end":{"line":149,"column":9}},"55":{"start":{"line":151,"column":6},"end":{"line":163,"column":7}},"56":{"start":{"line":154,"column":8},"end":{"line":158,"column":11}},"57":{"start":{"line":159,"column":13},"end":{"line":163,"column":7}},"58":{"start":{"line":160,"column":8},"end":{"line":160,"column":29}},"59":{"start":{"line":162,"column":8},"end":{"line":162,"column":57}},"60":{"start":{"line":165,"column":6},"end":{"line":165,"column":31}},"61":{"start":{"line":177,"column":24},"end":{"line":180,"column":3}},"62":{"start":{"line":178,"column":4},"end":{"line":178,"column":38}},"63":{"start":{"line":179,"column":4},"end":{"line":179,"column":19}},"64":{"start":{"line":187,"column":4},"end":{"line":187,"column":87}},"65":{"start":{"line":189,"column":2},"end":{"line":298,"column":4}},"66":{"start":{"line":213,"column":63},"end":{"line":213,"column":77}},"67":{"start":{"line":267,"column":37},"end":{"line":267,"column":55}},"68":{"start":{"line":270,"column":35},"end":{"line":270,"column":53}},"69":{"start":{"line":279,"column":55},"end":{"line":279,"column":87}},"70":{"start":{"line":294,"column":25},"end":{"line":294,"column":45}},"71":{"start":{"line":295,"column":24},"end":{"line":295,"column":57}}},"fnMap":{"0":{"name":"prochainChangementPseudo","decl":{"start":{"line":27,"column":9},"end":{"line":27,"column":33}},"loc":{"start":{"line":27,"column":84},"end":{"line":33,"column":1}},"line":27},"1":{"name":"formatDate","decl":{"start":{"line":41,"column":9},"end":{"line":41,"column":19}},"loc":{"start":{"line":41,"column":40},"end":{"line":45,"column":1}},"line":41},"2":{"name":"Profil","decl":{"start":{"line":58,"column":24},"end":{"line":58,"column":30}},"loc":{"start":{"line":58,"column":33},"end":{"line":299,"column":1}},"line":58},"3":{"name":"(anonymous_3)","decl":{"start":{"line":77,"column":30},"end":{"line":77,"column":31}},"loc":{"start":{"line":77,"column":42},"end":{"line":93,"column":3}},"line":77},"4":{"name":"(anonymous_4)","decl":{"start":{"line":95,"column":12},"end":{"line":95,"column":13}},"loc":{"start":{"line":95,"column":18},"end":{"line":97,"column":3}},"line":95},"5":{"name":"(anonymous_5)","decl":{"start":{"line":120,"column":22},"end":{"line":120,"column":23}},"loc":{"start":{"line":120,"column":34},"end":{"line":167,"column":3}},"line":120},"6":{"name":"(anonymous_6)","decl":{"start":{"line":177,"column":24},"end":{"line":177,"column":25}},"loc":{"start":{"line":177,"column":36},"end":{"line":180,"column":3}},"line":177},"7":{"name":"(anonymous_7)","decl":{"start":{"line":213,"column":57},"end":{"line":213,"column":58}},"loc":{"start":{"line":213,"column":63},"end":{"line":213,"column":77}},"line":213},"8":{"name":"(anonymous_8)","decl":{"start":{"line":267,"column":31},"end":{"line":267,"column":32}},"loc":{"start":{"line":267,"column":37},"end":{"line":267,"column":55}},"line":267},"9":{"name":"(anonymous_9)","decl":{"start":{"line":270,"column":29},"end":{"line":270,"column":30}},"loc":{"start":{"line":270,"column":35},"end":{"line":270,"column":53}},"line":270},"10":{"name":"(anonymous_10)","decl":{"start":{"line":279,"column":49},"end":{"line":279,"column":50}},"loc":{"start":{"line":279,"column":55},"end":{"line":279,"column":87}},"line":279},"11":{"name":"(anonymous_11)","decl":{"start":{"line":294,"column":19},"end":{"line":294,"column":20}},"loc":{"start":{"line":294,"column":25},"end":{"line":294,"column":45}},"line":294},"12":{"name":"(anonymous_12)","decl":{"start":{"line":295,"column":18},"end":{"line":295,"column":19}},"loc":{"start":{"line":295,"column":24},"end":{"line":295,"column":57}},"line":295}},"branchMap":{"0":{"loc":{"start":{"line":28,"column":2},"end":{"line":28,"column":41}},"type":"if","locations":[{"start":{"line":28,"column":2},"end":{"line":28,"column":41}},{"start":{},"end":{}}],"line":28},"1":{"loc":{"start":{"line":85,"column":16},"end":{"line":85,"column":30}},"type":"binary-expr","locations":[{"start":{"line":85,"column":16},"end":{"line":85,"column":24}},{"start":{"line":85,"column":28},"end":{"line":85,"column":30}}],"line":85},"2":{"loc":{"start":{"line":89,"column":16},"end":{"line":89,"column":89}},"type":"cond-expr","locations":[{"start":{"line":89,"column":40},"end":{"line":89,"column":49}},{"start":{"line":89,"column":52},"end":{"line":89,"column":89}}],"line":89},"3":{"loc":{"start":{"line":108,"column":4},"end":{"line":109,"column":98}},"type":"binary-expr","locations":[{"start":{"line":108,"column":4},"end":{"line":108,"column":19}},{"start":{"line":109,"column":5},"end":{"line":109,"column":37}},{"start":{"line":109,"column":41},"end":{"line":109,"column":69}},{"start":{"line":109,"column":73},"end":{"line":109,"column":97}}],"line":108},"4":{"loc":{"start":{"line":109,"column":17},"end":{"line":109,"column":36}},"type":"binary-expr","locations":[{"start":{"line":109,"column":17},"end":{"line":109,"column":30}},{"start":{"line":109,"column":34},"end":{"line":109,"column":36}}],"line":109},"5":{"loc":{"start":{"line":117,"column":46},"end":{"line":117,"column":79}},"type":"binary-expr","locations":[{"start":{"line":117,"column":46},"end":{"line":117,"column":71}},{"start":{"line":117,"column":75},"end":{"line":117,"column":79}}],"line":117},"6":{"loc":{"start":{"line":118,"column":27},"end":{"line":118,"column":83}},"type":"binary-expr","locations":[{"start":{"line":118,"column":27},"end":{"line":118,"column":46}},{"start":{"line":118,"column":50},"end":{"line":118,"column":83}}],"line":118},"7":{"loc":{"start":{"line":121,"column":4},"end":{"line":121,"column":62}},"type":"if","locations":[{"start":{"line":121,"column":4},"end":{"line":121,"column":62}},{"start":{},"end":{}}],"line":121},"8":{"loc":{"start":{"line":121,"column":8},"end":{"line":121,"column":53}},"type":"binary-expr","locations":[{"start":{"line":121,"column":8},"end":{"line":121,"column":22}},{"start":{"line":121,"column":26},"end":{"line":121,"column":34}},{"start":{"line":121,"column":38},"end":{"line":121,"column":53}}],"line":121},"9":{"loc":{"start":{"line":131,"column":4},"end":{"line":131,"column":77}},"type":"if","locations":[{"start":{"line":131,"column":4},"end":{"line":131,"column":77}},{"start":{},"end":{}}],"line":131},"10":{"loc":{"start":{"line":131,"column":20},"end":{"line":131,"column":39}},"type":"binary-expr","locations":[{"start":{"line":131,"column":20},"end":{"line":131,"column":33}},{"start":{"line":131,"column":37},"end":{"line":131,"column":39}}],"line":131},"11":{"loc":{"start":{"line":132,"column":4},"end":{"line":132,"column":70}},"type":"if","locations":[{"start":{"line":132,"column":4},"end":{"line":132,"column":70}},{"start":{},"end":{}}],"line":132},"12":{"loc":{"start":{"line":133,"column":4},"end":{"line":133,"column":62}},"type":"if","locations":[{"start":{"line":133,"column":4},"end":{"line":133,"column":62}},{"start":{},"end":{}}],"line":133},"13":{"loc":{"start":{"line":138,"column":16},"end":{"line":138,"column":30}},"type":"binary-expr","locations":[{"start":{"line":138,"column":16},"end":{"line":138,"column":24}},{"start":{"line":138,"column":28},"end":{"line":138,"column":30}}],"line":138},"14":{"loc":{"start":{"line":151,"column":6},"end":{"line":163,"column":7}},"type":"if","locations":[{"start":{"line":151,"column":6},"end":{"line":163,"column":7}},{"start":{"line":159,"column":13},"end":{"line":163,"column":7}}],"line":151},"15":{"loc":{"start":{"line":159,"column":13},"end":{"line":163,"column":7}},"type":"if","locations":[{"start":{"line":159,"column":13},"end":{"line":163,"column":7}},{"start":{"line":161,"column":13},"end":{"line":163,"column":7}}],"line":159},"16":{"loc":{"start":{"line":187,"column":4},"end":{"line":187,"column":87}},"type":"binary-expr","locations":[{"start":{"line":187,"column":4},"end":{"line":187,"column":18}},{"start":{"line":187,"column":23},"end":{"line":187,"column":86}}],"line":187},"17":{"loc":{"start":{"line":187,"column":23},"end":{"line":187,"column":86}},"type":"cond-expr","locations":[{"start":{"line":187,"column":60},"end":{"line":187,"column":79}},{"start":{"line":187,"column":82},"end":{"line":187,"column":86}}],"line":187},"18":{"loc":{"start":{"line":192,"column":16},"end":{"line":192,"column":60}},"type":"cond-expr","locations":[{"start":{"line":192,"column":40},"end":{"line":192,"column":49}},{"start":{"line":192,"column":52},"end":{"line":192,"column":60}}],"line":192},"19":{"loc":{"start":{"line":199,"column":17},"end":{"line":199,"column":59}},"type":"binary-expr","locations":[{"start":{"line":199,"column":17},"end":{"line":199,"column":30}},{"start":{"line":199,"column":34},"end":{"line":199,"column":47}},{"start":{"line":199,"column":51},"end":{"line":199,"column":59}}],"line":199},"20":{"loc":{"start":{"line":202,"column":12},"end":{"line":209,"column":25}},"type":"cond-expr","locations":[{"start":{"line":203,"column":16},"end":{"line":208,"column":17}},{"start":{"line":209,"column":16},"end":{"line":209,"column":25}}],"line":202},"21":{"loc":{"start":{"line":207,"column":36},"end":{"line":207,"column":73}},"type":"cond-expr","locations":[{"start":{"line":207,"column":60},"end":{"line":207,"column":65}},{"start":{"line":207,"column":68},"end":{"line":207,"column":73}}],"line":207},"22":{"loc":{"start":{"line":213,"column":9},"end":{"line":213,"column":88}},"type":"cond-expr","locations":[{"start":{"line":213,"column":18},"end":{"line":213,"column":81}},{"start":{"line":213,"column":84},"end":{"line":213,"column":88}}],"line":213},"23":{"loc":{"start":{"line":215,"column":9},"end":{"line":283,"column":9}},"type":"cond-expr","locations":[{"start":{"line":216,"column":10},"end":{"line":216,"column":35}},{"start":{"line":218,"column":10},"end":{"line":282,"column":13}}],"line":215},"24":{"loc":{"start":{"line":234,"column":16},"end":{"line":236,"column":28}},"type":"cond-expr","locations":[{"start":{"line":235,"column":20},"end":{"line":235,"column":70}},{"start":{"line":236,"column":20},"end":{"line":236,"column":28}}],"line":234},"25":{"loc":{"start":{"line":234,"column":16},"end":{"line":234,"column":46}},"type":"binary-expr","locations":[{"start":{"line":234,"column":16},"end":{"line":234,"column":32}},{"start":{"line":234,"column":36},"end":{"line":234,"column":46}}],"line":234},"26":{"loc":{"start":{"line":243,"column":24},"end":{"line":243,"column":60}},"type":"binary-expr","locations":[{"start":{"line":243,"column":24},"end":{"line":243,"column":39}},{"start":{"line":243,"column":43},"end":{"line":243,"column":60}}],"line":243}},"s":{"0":1,"1":51,"2":49,"3":2,"4":2,"5":2,"6":1,"7":1,"8":1,"9":51,"10":51,"11":51,"12":51,"13":51,"14":51,"15":51,"16":51,"17":51,"18":51,"19":51,"20":17,"21":17,"22":17,"23":17,"24":16,"25":16,"26":16,"27":16,"28":1,"29":17,"30":51,"31":17,"32":51,"33":51,"34":51,"35":51,"36":6,"37":0,"38":6,"39":6,"40":6,"41":6,"42":6,"43":3,"44":6,"45":2,"46":6,"47":1,"48":6,"49":6,"50":4,"51":4,"52":4,"53":4,"54":4,"55":2,"56":1,"57":1,"58":1,"59":0,"60":6,"61":51,"62":1,"63":1,"64":51,"65":51,"66":0,"67":0,"68":6,"69":3,"70":1,"71":1},"f":{"0":51,"1":1,"2":51,"3":17,"4":17,"5":6,"6":1,"7":0,"8":0,"9":6,"10":3,"11":1,"12":1},"b":{"0":[49,2],"1":[16,1],"2":[1,0],"3":[51,33,29,26],"4":[33,1],"5":[51,49],"6":[51,2],"7":[0,6],"8":[6,6,6],"9":[3,3],"10":[6,0],"11":[2,4],"12":[1,5],"13":[4,0],"14":[1,1],"15":[1,0],"16":[51,19],"17":[19,0],"18":[51,0],"19":[51,2,1],"20":[33,18],"21":[0,33],"22":[2,49],"23":[17,34],"24":[1,33],"25":[34,1],"26":[34,34]},"_coverageSchema":"1a1c01bbd47fc00a2c39e90264f33305004495a9","hash":"05a0bdb56fa02059dc447b3408453131b977337d"}
,"C:\\Users\\maxym\\Desktop\\Projets\\Lift\\frontend\\app\\(tabs)\\lift\\[id].tsx": {"path":"C:\\Users\\maxym\\Desktop\\Projets\\Lift\\frontend\\app\\(tabs)\\lift\\[id].tsx","statementMap":{"0":{"start":{"line":18,"column":16},"end":{"line":18,"column":57}},"1":{"start":{"line":18,"column":34},"end":{"line":18,"column":57}},"2":{"start":{"line":27,"column":0},"end":{"line":27,"column":46}},"3":{"start":{"line":50,"column":22},"end":{"line":50,"column":74}},"4":{"start":{"line":52,"column":34},"end":{"line":52,"column":65}},"5":{"start":{"line":53,"column":38},"end":{"line":53,"column":52}},"6":{"start":{"line":54,"column":30},"end":{"line":54,"column":59}},"7":{"start":{"line":56,"column":18},"end":{"line":67,"column":10}},"8":{"start":{"line":57,"column":4},"end":{"line":57,"column":24}},"9":{"start":{"line":58,"column":4},"end":{"line":58,"column":20}},"10":{"start":{"line":60,"column":4},"end":{"line":66,"column":5}},"11":{"start":{"line":61,"column":6},"end":{"line":61,"column":41}},"12":{"start":{"line":63,"column":6},"end":{"line":63,"column":91}},"13":{"start":{"line":65,"column":6},"end":{"line":65,"column":27}},"14":{"start":{"line":69,"column":2},"end":{"line":71,"column":16}},"15":{"start":{"line":70,"column":4},"end":{"line":70,"column":19}},"16":{"start":{"line":77,"column":54},"end":{"line":77,"column":69}},"17":{"start":{"line":79,"column":2},"end":{"line":81,"column":9}},"18":{"start":{"line":80,"column":4},"end":{"line":80,"column":79}},"19":{"start":{"line":91,"column":18},"end":{"line":94,"column":4}},"20":{"start":{"line":92,"column":4},"end":{"line":92,"column":23}},"21":{"start":{"line":93,"column":4},"end":{"line":93,"column":24}},"22":{"start":{"line":96,"column":2},"end":{"line":99,"column":57}},"23":{"start":{"line":97,"column":4},"end":{"line":97,"column":59}},"24":{"start":{"line":97,"column":52},"end":{"line":97,"column":59}},"25":{"start":{"line":98,"column":4},"end":{"line":98,"column":19}},"26":{"start":{"line":108,"column":2},"end":{"line":108,"column":70}},"27":{"start":{"line":108,"column":35},"end":{"line":108,"column":56}},"28":{"start":{"line":108,"column":41},"end":{"line":108,"column":56}},"29":{"start":{"line":110,"column":2},"end":{"line":195,"column":4}},"30":{"start":{"line":119,"column":42},"end":{"line":119,"column":55}},"31":{"start":{"line":132,"column":61},"end":{"line":132,"column":75}},"32":{"start":{"line":179,"column":18},"end":{"line":179,"column":63}}},"fnMap":{"0":{"name":"(anonymous_0)","decl":{"start":{"line":18,"column":16},"end":{"line":18,"column":17}},"loc":{"start":{"line":18,"column":34},"end":{"line":18,"column":57}},"line":18},"1":{"name":"DetailExercice","decl":{"start":{"line":49,"column":24},"end":{"line":49,"column":38}},"loc":{"start":{"line":49,"column":41},"end":{"line":196,"column":1}},"line":49},"2":{"name":"(anonymous_2)","decl":{"start":{"line":56,"column":30},"end":{"line":56,"column":31}},"loc":{"start":{"line":56,"column":42},"end":{"line":67,"column":3}},"line":56},"3":{"name":"(anonymous_3)","decl":{"start":{"line":69,"column":12},"end":{"line":69,"column":13}},"loc":{"start":{"line":69,"column":18},"end":{"line":71,"column":3}},"line":69},"4":{"name":"(anonymous_4)","decl":{"start":{"line":79,"column":12},"end":{"line":79,"column":13}},"loc":{"start":{"line":79,"column":18},"end":{"line":81,"column":3}},"line":79},"5":{"name":"(anonymous_5)","decl":{"start":{"line":91,"column":62},"end":{"line":91,"column":63}},"loc":{"start":{"line":91,"column":74},"end":{"line":94,"column":3}},"line":91},"6":{"name":"(anonymous_6)","decl":{"start":{"line":96,"column":12},"end":{"line":96,"column":13}},"loc":{"start":{"line":96,"column":18},"end":{"line":99,"column":3}},"line":96},"7":{"name":"(anonymous_7)","decl":{"start":{"line":108,"column":29},"end":{"line":108,"column":30}},"loc":{"start":{"line":108,"column":35},"end":{"line":108,"column":56}},"line":108},"8":{"name":"(anonymous_8)","decl":{"start":{"line":108,"column":35},"end":{"line":108,"column":36}},"loc":{"start":{"line":108,"column":41},"end":{"line":108,"column":56}},"line":108},"9":{"name":"(anonymous_9)","decl":{"start":{"line":119,"column":36},"end":{"line":119,"column":37}},"loc":{"start":{"line":119,"column":42},"end":{"line":119,"column":55}},"line":119},"10":{"name":"(anonymous_10)","decl":{"start":{"line":132,"column":55},"end":{"line":132,"column":56}},"loc":{"start":{"line":132,"column":61},"end":{"line":132,"column":75}},"line":132},"11":{"name":"(anonymous_11)","decl":{"start":{"line":178,"column":54},"end":{"line":178,"column":55}},"loc":{"start":{"line":179,"column":18},"end":{"line":179,"column":63}},"line":179}},"branchMap":{"0":{"loc":{"start":{"line":63,"column":16},"end":{"line":63,"column":89}},"type":"cond-expr","locations":[{"start":{"line":63,"column":40},"end":{"line":63,"column":49}},{"start":{"line":63,"column":52},"end":{"line":63,"column":89}}],"line":63},"1":{"loc":{"start":{"line":91,"column":33},"end":{"line":91,"column":60}},"type":"binary-expr","locations":[{"start":{"line":91,"column":33},"end":{"line":91,"column":52}},{"start":{"line":91,"column":56},"end":{"line":91,"column":60}}],"line":91},"2":{"loc":{"start":{"line":97,"column":4},"end":{"line":97,"column":59}},"type":"if","locations":[{"start":{"line":97,"column":4},"end":{"line":97,"column":59}},{"start":{},"end":{}}],"line":97},"3":{"loc":{"start":{"line":97,"column":8},"end":{"line":97,"column":50}},"type":"binary-expr","locations":[{"start":{"line":97,"column":8},"end":{"line":97,"column":28}},{"start":{"line":97,"column":32},"end":{"line":97,"column":50}}],"line":97},"4":{"loc":{"start":{"line":118,"column":15},"end":{"line":118,"column":50}},"type":"binary-expr","locations":[{"start":{"line":118,"column":15},"end":{"line":118,"column":29}},{"start":{"line":118,"column":33},"end":{"line":118,"column":36}},{"start":{"line":118,"column":40},"end":{"line":118,"column":50}}],"line":118},"5":{"loc":{"start":{"line":121,"column":10},"end":{"line":128,"column":23}},"type":"cond-expr","locations":[{"start":{"line":122,"column":14},"end":{"line":127,"column":15}},{"start":{"line":128,"column":14},"end":{"line":128,"column":23}}],"line":121},"6":{"loc":{"start":{"line":126,"column":27},"end":{"line":126,"column":89}},"type":"cond-expr","locations":[{"start":{"line":126,"column":52},"end":{"line":126,"column":83}},{"start":{"line":126,"column":86},"end":{"line":126,"column":89}}],"line":126},"7":{"loc":{"start":{"line":132,"column":7},"end":{"line":132,"column":86}},"type":"cond-expr","locations":[{"start":{"line":132,"column":16},"end":{"line":132,"column":79}},{"start":{"line":132,"column":82},"end":{"line":132,"column":86}}],"line":132},"8":{"loc":{"start":{"line":134,"column":7},"end":{"line":193,"column":14}},"type":"cond-expr","locations":[{"start":{"line":135,"column":8},"end":{"line":135,"column":33}},{"start":{"line":136,"column":10},"end":{"line":193,"column":14}}],"line":134},"9":{"loc":{"start":{"line":136,"column":10},"end":{"line":193,"column":14}},"type":"cond-expr","locations":[{"start":{"line":137,"column":8},"end":{"line":192,"column":21}},{"start":{"line":193,"column":10},"end":{"line":193,"column":14}}],"line":136},"10":{"loc":{"start":{"line":148,"column":11},"end":{"line":161,"column":18}},"type":"cond-expr","locations":[{"start":{"line":149,"column":12},"end":{"line":160,"column":19}},{"start":{"line":161,"column":14},"end":{"line":161,"column":18}}],"line":148},"11":{"loc":{"start":{"line":165,"column":11},"end":{"line":170,"column":18}},"type":"cond-expr","locations":[{"start":{"line":166,"column":12},"end":{"line":169,"column":19}},{"start":{"line":170,"column":14},"end":{"line":170,"column":18}}],"line":165},"12":{"loc":{"start":{"line":165,"column":11},"end":{"line":165,"column":60}},"type":"binary-expr","locations":[{"start":{"line":165,"column":11},"end":{"line":165,"column":31}},{"start":{"line":165,"column":35},"end":{"line":165,"column":60}}],"line":165},"13":{"loc":{"start":{"line":167,"column":15},"end":{"line":167,"column":67}},"type":"cond-expr","locations":[{"start":{"line":167,"column":38},"end":{"line":167,"column":60}},{"start":{"line":167,"column":63},"end":{"line":167,"column":67}}],"line":167},"14":{"loc":{"start":{"line":168,"column":15},"end":{"line":168,"column":92}},"type":"cond-expr","locations":[{"start":{"line":168,"column":43},"end":{"line":168,"column":85}},{"start":{"line":168,"column":88},"end":{"line":168,"column":92}}],"line":168},"15":{"loc":{"start":{"line":174,"column":11},"end":{"line":183,"column":18}},"type":"cond-expr","locations":[{"start":{"line":175,"column":12},"end":{"line":182,"column":15}},{"start":{"line":183,"column":14},"end":{"line":183,"column":18}}],"line":174},"16":{"loc":{"start":{"line":186,"column":11},"end":{"line":191,"column":18}},"type":"cond-expr","locations":[{"start":{"line":187,"column":12},"end":{"line":190,"column":15}},{"start":{"line":191,"column":14},"end":{"line":191,"column":18}}],"line":186}},"s":{"0":1,"1":18,"2":1,"3":13,"4":13,"5":13,"6":13,"7":13,"8":7,"9":7,"10":7,"11":7,"12":1,"13":6,"14":13,"15":7,"16":13,"17":13,"18":7,"19":13,"20":0,"21":0,"22":13,"23":13,"24":13,"25":0,"26":13,"27":0,"28":0,"29":13,"30":0,"31":0,"32":8},"f":{"0":18,"1":13,"2":7,"3":7,"4":7,"5":0,"6":13,"7":0,"8":0,"9":0,"10":0,"11":8},"b":{"0":[1,0],"1":[13,13],"2":[13,0],"3":[13,0],"4":[13,8,0],"5":[5,8],"6":[5,0],"7":[1,12],"8":[7,6],"9":[5,1],"10":[0,5],"11":[5,0],"12":[5,0],"13":[5,0],"14":[5,0],"15":[4,1],"16":[4,1]},"_coverageSchema":"1a1c01bbd47fc00a2c39e90264f33305004495a9","hash":"b8a8d1885ec9eadabbbff156c6c6d5ad539552a5"}
,"C:\\Users\\maxym\\Desktop\\Projets\\Lift\\frontend\\app\\(tabs)\\lift\\_layout.tsx": {"path":"C:\\Users\\maxym\\Desktop\\Projets\\Lift\\frontend\\app\\(tabs)\\lift\\_layout.tsx","statementMap":{"0":{"start":{"line":15,"column":2},"end":{"line":15,"column":58}}},"fnMap":{"0":{"name":"LiftLayout","decl":{"start":{"line":14,"column":24},"end":{"line":14,"column":34}},"loc":{"start":{"line":14,"column":37},"end":{"line":16,"column":1}},"line":14}},"branchMap":{},"s":{"0":0},"f":{"0":0},"b":{}}
,"C:\\Users\\maxym\\Desktop\\Projets\\Lift\\frontend\\app\\(tabs)\\lift\\finaliser.tsx": {"path":"C:\\Users\\maxym\\Desktop\\Projets\\Lift\\frontend\\app\\(tabs)\\lift\\finaliser.tsx","statementMap":{"0":{"start":{"line":29,"column":2},"end":{"line":29,"column":34}},"1":{"start":{"line":34,"column":2},"end":{"line":34,"column":81}},"2":{"start":{"line":51,"column":31},"end":{"line":51,"column":74}},"3":{"start":{"line":53,"column":30},"end":{"line":53,"column":67}},"4":{"start":{"line":54,"column":40},"end":{"line":54,"column":66}},"5":{"start":{"line":55,"column":44},"end":{"line":55,"column":80}},"6":{"start":{"line":57,"column":28},"end":{"line":57,"column":40}},"7":{"start":{"line":58,"column":28},"end":{"line":58,"column":40}},"8":{"start":{"line":60,"column":38},"end":{"line":60,"column":52}},"9":{"start":{"line":61,"column":46},"end":{"line":61,"column":61}},"10":{"start":{"line":62,"column":30},"end":{"line":62,"column":89}},"11":{"start":{"line":63,"column":64},"end":{"line":63,"column":79}},"12":{"start":{"line":65,"column":18},"end":{"line":107,"column":16}},"13":{"start":{"line":66,"column":4},"end":{"line":66,"column":26}},"14":{"start":{"line":66,"column":19},"end":{"line":66,"column":26}},"15":{"start":{"line":68,"column":4},"end":{"line":68,"column":24}},"16":{"start":{"line":69,"column":4},"end":{"line":69,"column":20}},"17":{"start":{"line":71,"column":4},"end":{"line":106,"column":5}},"18":{"start":{"line":72,"column":23},"end":{"line":72,"column":49}},"19":{"start":{"line":73,"column":6},"end":{"line":73,"column":26}},"20":{"start":{"line":74,"column":6},"end":{"line":74,"column":31}},"21":{"start":{"line":75,"column":6},"end":{"line":75,"column":31}},"22":{"start":{"line":85,"column":25},"end":{"line":85,"column":45}},"23":{"start":{"line":86,"column":6},"end":{"line":88,"column":8}},"24":{"start":{"line":87,"column":41},"end":{"line":87,"column":61}},"25":{"start":{"line":87,"column":78},"end":{"line":87,"column":84}},"26":{"start":{"line":90,"column":18},"end":{"line":90,"column":68}},"27":{"start":{"line":90,"column":55},"end":{"line":90,"column":65}},"28":{"start":{"line":91,"column":24},"end":{"line":93,"column":7}},"29":{"start":{"line":92,"column":24},"end":{"line":92,"column":57}},"30":{"start":{"line":92,"column":52},"end":{"line":92,"column":56}},"31":{"start":{"line":94,"column":6},"end":{"line":98,"column":8}},"32":{"start":{"line":96,"column":34},"end":{"line":96,"column":44}},"33":{"start":{"line":96,"column":57},"end":{"line":96,"column":71}},"34":{"start":{"line":100,"column":6},"end":{"line":103,"column":9}},"35":{"start":{"line":105,"column":6},"end":{"line":105,"column":27}},"36":{"start":{"line":109,"column":2},"end":{"line":111,"column":16}},"37":{"start":{"line":110,"column":4},"end":{"line":110,"column":19}},"38":{"start":{"line":113,"column":17},"end":{"line":113,"column":35}},"39":{"start":{"line":114,"column":25},"end":{"line":114,"column":59}},"40":{"start":{"line":114,"column":46},"end":{"line":114,"column":58}},"41":{"start":{"line":115,"column":30},"end":{"line":115,"column":73}},"42":{"start":{"line":115,"column":56},"end":{"line":115,"column":66}},"43":{"start":{"line":116,"column":16},"end":{"line":116,"column":65}},"44":{"start":{"line":117,"column":33},"end":{"line":117,"column":81}},"45":{"start":{"line":125,"column":22},"end":{"line":160,"column":3}},"46":{"start":{"line":126,"column":4},"end":{"line":126,"column":42}},"47":{"start":{"line":126,"column":35},"end":{"line":126,"column":42}},"48":{"start":{"line":128,"column":4},"end":{"line":128,"column":28}},"49":{"start":{"line":129,"column":4},"end":{"line":129,"column":20}},"50":{"start":{"line":131,"column":4},"end":{"line":159,"column":5}},"51":{"start":{"line":132,"column":6},"end":{"line":137,"column":9}},"52":{"start":{"line":149,"column":6},"end":{"line":149,"column":26}},"53":{"start":{"line":151,"column":6},"end":{"line":151,"column":26}},"54":{"start":{"line":153,"column":6},"end":{"line":156,"column":9}},"55":{"start":{"line":158,"column":6},"end":{"line":158,"column":31}},"56":{"start":{"line":163,"column":18},"end":{"line":183,"column":3}},"57":{"start":{"line":164,"column":4},"end":{"line":164,"column":24}},"58":{"start":{"line":164,"column":17},"end":{"line":164,"column":24}},"59":{"start":{"line":166,"column":4},"end":{"line":166,"column":38}},"60":{"start":{"line":167,"column":4},"end":{"line":167,"column":28}},"61":{"start":{"line":169,"column":4},"end":{"line":182,"column":5}},"62":{"start":{"line":170,"column":6},"end":{"line":170,"column":37}},"63":{"start":{"line":173,"column":6},"end":{"line":173,"column":26}},"64":{"start":{"line":174,"column":6},"end":{"line":174,"column":26}},"65":{"start":{"line":176,"column":6},"end":{"line":179,"column":9}},"66":{"start":{"line":181,"column":6},"end":{"line":181,"column":31}},"67":{"start":{"line":185,"column":2},"end":{"line":322,"column":4}},"68":{"start":{"line":195,"column":44},"end":{"line":195,"column":57}},"69":{"start":{"line":201,"column":43},"end":{"line":201,"column":57}},"70":{"start":{"line":235,"column":16},"end":{"line":240,"column":23}},"71":{"start":{"line":257,"column":20},"end":{"line":270,"column":27}},"72":{"start":{"line":287,"column":37},"end":{"line":287,"column":55}},"73":{"start":{"line":298,"column":39},"end":{"line":298,"column":71}},"74":{"start":{"line":318,"column":25},"end":{"line":318,"column":39}},"75":{"start":{"line":319,"column":24},"end":{"line":319,"column":57}}},"fnMap":{"0":{"name":"maintenantISO","decl":{"start":{"line":28,"column":9},"end":{"line":28,"column":22}},"loc":{"start":{"line":28,"column":33},"end":{"line":30,"column":1}},"line":28},"1":{"name":"kilos","decl":{"start":{"line":33,"column":9},"end":{"line":33,"column":14}},"loc":{"start":{"line":33,"column":39},"end":{"line":35,"column":1}},"line":33},"2":{"name":"Finaliser","decl":{"start":{"line":50,"column":24},"end":{"line":50,"column":33}},"loc":{"start":{"line":50,"column":36},"end":{"line":323,"column":1}},"line":50},"3":{"name":"(anonymous_3)","decl":{"start":{"line":65,"column":30},"end":{"line":65,"column":31}},"loc":{"start":{"line":65,"column":42},"end":{"line":107,"column":3}},"line":65},"4":{"name":"(anonymous_4)","decl":{"start":{"line":87,"column":34},"end":{"line":87,"column":35}},"loc":{"start":{"line":87,"column":41},"end":{"line":87,"column":61}},"line":87},"5":{"name":"(anonymous_5)","decl":{"start":{"line":87,"column":71},"end":{"line":87,"column":72}},"loc":{"start":{"line":87,"column":78},"end":{"line":87,"column":84}},"line":87},"6":{"name":"(anonymous_6)","decl":{"start":{"line":90,"column":48},"end":{"line":90,"column":49}},"loc":{"start":{"line":90,"column":55},"end":{"line":90,"column":65}},"line":90},"7":{"name":"(anonymous_7)","decl":{"start":{"line":92,"column":16},"end":{"line":92,"column":17}},"loc":{"start":{"line":92,"column":24},"end":{"line":92,"column":57}},"line":92},"8":{"name":"(anonymous_8)","decl":{"start":{"line":92,"column":46},"end":{"line":92,"column":47}},"loc":{"start":{"line":92,"column":52},"end":{"line":92,"column":56}},"line":92},"9":{"name":"(anonymous_9)","decl":{"start":{"line":96,"column":27},"end":{"line":96,"column":28}},"loc":{"start":{"line":96,"column":34},"end":{"line":96,"column":44}},"line":96},"10":{"name":"(anonymous_10)","decl":{"start":{"line":96,"column":50},"end":{"line":96,"column":51}},"loc":{"start":{"line":96,"column":57},"end":{"line":96,"column":71}},"line":96},"11":{"name":"(anonymous_11)","decl":{"start":{"line":109,"column":12},"end":{"line":109,"column":13}},"loc":{"start":{"line":109,"column":18},"end":{"line":111,"column":3}},"line":109},"12":{"name":"(anonymous_12)","decl":{"start":{"line":114,"column":39},"end":{"line":114,"column":40}},"loc":{"start":{"line":114,"column":46},"end":{"line":114,"column":58}},"line":114},"13":{"name":"(anonymous_13)","decl":{"start":{"line":115,"column":49},"end":{"line":115,"column":50}},"loc":{"start":{"line":115,"column":56},"end":{"line":115,"column":66}},"line":115},"14":{"name":"(anonymous_14)","decl":{"start":{"line":125,"column":22},"end":{"line":125,"column":23}},"loc":{"start":{"line":125,"column":34},"end":{"line":160,"column":3}},"line":125},"15":{"name":"(anonymous_15)","decl":{"start":{"line":163,"column":18},"end":{"line":163,"column":19}},"loc":{"start":{"line":163,"column":30},"end":{"line":183,"column":3}},"line":163},"16":{"name":"(anonymous_16)","decl":{"start":{"line":195,"column":38},"end":{"line":195,"column":39}},"loc":{"start":{"line":195,"column":44},"end":{"line":195,"column":57}},"line":195},"17":{"name":"(anonymous_17)","decl":{"start":{"line":201,"column":37},"end":{"line":201,"column":38}},"loc":{"start":{"line":201,"column":43},"end":{"line":201,"column":57}},"line":201},"18":{"name":"(anonymous_18)","decl":{"start":{"line":234,"column":20},"end":{"line":234,"column":21}},"loc":{"start":{"line":235,"column":16},"end":{"line":240,"column":23}},"line":235},"19":{"name":"(anonymous_19)","decl":{"start":{"line":256,"column":31},"end":{"line":256,"column":32}},"loc":{"start":{"line":257,"column":20},"end":{"line":270,"column":27}},"line":257},"20":{"name":"(anonymous_20)","decl":{"start":{"line":287,"column":31},"end":{"line":287,"column":32}},"loc":{"start":{"line":287,"column":37},"end":{"line":287,"column":55}},"line":287},"21":{"name":"(anonymous_21)","decl":{"start":{"line":298,"column":33},"end":{"line":298,"column":34}},"loc":{"start":{"line":298,"column":39},"end":{"line":298,"column":71}},"line":298},"22":{"name":"(anonymous_22)","decl":{"start":{"line":318,"column":19},"end":{"line":318,"column":20}},"loc":{"start":{"line":318,"column":25},"end":{"line":318,"column":39}},"line":318},"23":{"name":"(anonymous_23)","decl":{"start":{"line":319,"column":18},"end":{"line":319,"column":19}},"loc":{"start":{"line":319,"column":24},"end":{"line":319,"column":57}},"line":319}},"branchMap":{"0":{"loc":{"start":{"line":66,"column":4},"end":{"line":66,"column":26}},"type":"if","locations":[{"start":{"line":66,"column":4},"end":{"line":66,"column":26}},{"start":{},"end":{}}],"line":66},"1":{"loc":{"start":{"line":101,"column":17},"end":{"line":101,"column":90}},"type":"cond-expr","locations":[{"start":{"line":101,"column":41},"end":{"line":101,"column":50}},{"start":{"line":101,"column":53},"end":{"line":101,"column":90}}],"line":101},"2":{"loc":{"start":{"line":113,"column":17},"end":{"line":113,"column":35}},"type":"binary-expr","locations":[{"start":{"line":113,"column":17},"end":{"line":113,"column":29}},{"start":{"line":113,"column":33},"end":{"line":113,"column":35}}],"line":113},"3":{"loc":{"start":{"line":116,"column":16},"end":{"line":116,"column":65}},"type":"cond-expr","locations":[{"start":{"line":116,"column":25},"end":{"line":116,"column":58}},{"start":{"line":116,"column":61},"end":{"line":116,"column":65}}],"line":116},"4":{"loc":{"start":{"line":117,"column":33},"end":{"line":117,"column":81}},"type":"cond-expr","locations":[{"start":{"line":117,"column":42},"end":{"line":117,"column":76}},{"start":{"line":117,"column":79},"end":{"line":117,"column":81}}],"line":117},"5":{"loc":{"start":{"line":126,"column":4},"end":{"line":126,"column":42}},"type":"if","locations":[{"start":{"line":126,"column":4},"end":{"line":126,"column":42}},{"start":{},"end":{}}],"line":126},"6":{"loc":{"start":{"line":126,"column":8},"end":{"line":126,"column":33}},"type":"binary-expr","locations":[{"start":{"line":126,"column":8},"end":{"line":126,"column":15}},{"start":{"line":126,"column":19},"end":{"line":126,"column":33}}],"line":126},"7":{"loc":{"start":{"line":133,"column":15},"end":{"line":133,"column":43}},"type":"binary-expr","locations":[{"start":{"line":133,"column":15},"end":{"line":133,"column":27}},{"start":{"line":133,"column":31},"end":{"line":133,"column":43}}],"line":133},"8":{"loc":{"start":{"line":154,"column":17},"end":{"line":154,"column":90}},"type":"cond-expr","locations":[{"start":{"line":154,"column":41},"end":{"line":154,"column":50}},{"start":{"line":154,"column":53},"end":{"line":154,"column":90}}],"line":154},"9":{"loc":{"start":{"line":164,"column":4},"end":{"line":164,"column":24}},"type":"if","locations":[{"start":{"line":164,"column":4},"end":{"line":164,"column":24}},{"start":{},"end":{}}],"line":164},"10":{"loc":{"start":{"line":177,"column":17},"end":{"line":177,"column":90}},"type":"cond-expr","locations":[{"start":{"line":177,"column":41},"end":{"line":177,"column":50}},{"start":{"line":177,"column":53},"end":{"line":177,"column":90}}],"line":177},"11":{"loc":{"start":{"line":187,"column":16},"end":{"line":187,"column":60}},"type":"cond-expr","locations":[{"start":{"line":187,"column":40},"end":{"line":187,"column":49}},{"start":{"line":187,"column":52},"end":{"line":187,"column":60}}],"line":187},"12":{"loc":{"start":{"line":198,"column":9},"end":{"line":203,"column":16}},"type":"cond-expr","locations":[{"start":{"line":199,"column":10},"end":{"line":202,"column":12}},{"start":{"line":203,"column":12},"end":{"line":203,"column":16}}],"line":198},"13":{"loc":{"start":{"line":201,"column":21},"end":{"line":201,"column":69}},"type":"cond-expr","locations":[{"start":{"line":201,"column":37},"end":{"line":201,"column":57}},{"start":{"line":201,"column":60},"end":{"line":201,"column":69}}],"line":201},"14":{"loc":{"start":{"line":205,"column":9},"end":{"line":303,"column":16}},"type":"cond-expr","locations":[{"start":{"line":206,"column":10},"end":{"line":206,"column":35}},{"start":{"line":207,"column":12},"end":{"line":303,"column":16}}],"line":205},"15":{"loc":{"start":{"line":207,"column":12},"end":{"line":303,"column":16}},"type":"cond-expr","locations":[{"start":{"line":208,"column":10},"end":{"line":302,"column":13}},{"start":{"line":303,"column":12},"end":{"line":303,"column":16}}],"line":207},"16":{"loc":{"start":{"line":230,"column":28},"end":{"line":230,"column":65}},"type":"cond-expr","locations":[{"start":{"line":230,"column":45},"end":{"line":230,"column":59}},{"start":{"line":230,"column":62},"end":{"line":230,"column":65}}],"line":230},"17":{"loc":{"start":{"line":252,"column":13},"end":{"line":274,"column":20}},"type":"cond-expr","locations":[{"start":{"line":253,"column":14},"end":{"line":273,"column":17}},{"start":{"line":274,"column":16},"end":{"line":274,"column":20}}],"line":252},"18":{"loc":{"start":{"line":262,"column":25},"end":{"line":262,"column":71}},"type":"binary-expr","locations":[{"start":{"line":262,"column":25},"end":{"line":262,"column":57}},{"start":{"line":262,"column":61},"end":{"line":262,"column":71}}],"line":262},"19":{"loc":{"start":{"line":268,"column":25},"end":{"line":268,"column":110}},"type":"cond-expr","locations":[{"start":{"line":268,"column":48},"end":{"line":268,"column":98}},{"start":{"line":268,"column":101},"end":{"line":268,"column":110}}],"line":268}},"s":{"0":3,"1":40,"2":25,"3":25,"4":25,"5":25,"6":25,"7":25,"8":25,"9":25,"10":25,"11":25,"12":25,"13":9,"14":0,"15":9,"16":9,"17":9,"18":9,"19":8,"20":8,"21":8,"22":8,"23":8,"24":2,"25":2,"26":8,"27":9,"28":8,"29":8,"30":0,"31":8,"32":8,"33":8,"34":1,"35":9,"36":25,"37":9,"38":25,"39":25,"40":16,"41":25,"42":16,"43":25,"44":25,"45":25,"46":3,"47":0,"48":3,"49":3,"50":3,"51":3,"52":3,"53":3,"54":0,"55":3,"56":25,"57":1,"58":0,"59":1,"60":1,"61":1,"62":1,"63":1,"64":1,"65":0,"66":1,"67":25,"68":0,"69":0,"70":60,"71":14,"72":3,"73":1,"74":1,"75":0},"f":{"0":3,"1":40,"2":25,"3":9,"4":2,"5":2,"6":9,"7":8,"8":0,"9":8,"10":8,"11":9,"12":16,"13":16,"14":3,"15":1,"16":0,"17":0,"18":60,"19":14,"20":3,"21":1,"22":1,"23":0},"b":{"0":[0,9],"1":[1,0],"2":[25,10],"3":[15,10],"4":[15,10],"5":[0,3],"6":[3,3],"7":[3,1],"8":[0,0],"9":[0,1],"10":[0,0],"11":[25,0],"12":[1,24],"13":[1,0],"14":[9,16],"15":[15,1],"16":[15,0],"17":[14,1],"18":[14,0],"19":[1,13]},"_coverageSchema":"1a1c01bbd47fc00a2c39e90264f33305004495a9","hash":"7e82ba76172b41fd87ad7e74a0df7a3427a56752"}
[...]
e":135},"9":{"name":"(anonymous_9)","decl":{"start":{"line":140,"column":21},"end":{"line":140,"column":22}},"loc":{"start":{"line":140,"column":27},"end":{"line":140,"column":54}},"line":140},"10":{"name":"SetInputForm","decl":{"start":{"line":179,"column":16},"end":{"line":179,"column":28}},"loc":{"start":{"line":179,"column":77},"end":{"line":313,"column":1}},"line":179},"11":{"name":"(anonymous_11)","decl":{"start":{"line":210,"column":18},"end":{"line":210,"column":19}},"loc":{"start":{"line":210,"column":44},"end":{"line":231,"column":3}},"line":210},"12":{"name":"(anonymous_12)","decl":{"start":{"line":243,"column":23},"end":{"line":243,"column":24}},"loc":{"start":{"line":243,"column":29},"end":{"line":243,"column":51}},"line":243},"13":{"name":"(anonymous_13)","decl":{"start":{"line":244,"column":22},"end":{"line":244,"column":23}},"loc":{"start":{"line":244,"column":28},"end":{"line":244,"column":51}},"line":244},"14":{"name":"(anonymous_14)","decl":{"start":{"line":257,"column":23},"end":{"line":257,"column":24}},"loc":{"start":{"line":257,"column":29},"end":{"line":257,"column":51}},"line":257},"15":{"name":"(anonymous_15)","decl":{"start":{"line":258,"column":22},"end":{"line":258,"column":23}},"loc":{"start":{"line":258,"column":28},"end":{"line":258,"column":51}},"line":258},"16":{"name":"(anonymous_16)","decl":{"start":{"line":270,"column":23},"end":{"line":270,"column":24}},"loc":{"start":{"line":270,"column":29},"end":{"line":270,"column":51}},"line":270},"17":{"name":"(anonymous_17)","decl":{"start":{"line":271,"column":22},"end":{"line":271,"column":23}},"loc":{"start":{"line":271,"column":28},"end":{"line":271,"column":51}},"line":271},"18":{"name":"(anonymous_18)","decl":{"start":{"line":294,"column":29},"end":{"line":294,"column":30}},"loc":{"start":{"line":294,"column":35},"end":{"line":294,"column":53}},"line":294},"19":{"name":"(anonymous_19)","decl":{"start":{"line":299,"column":17},"end":{"line":299,"column":18}},"loc":{"start":{"line":299,"column":23},"end":{"line":299,"column":42}},"line":299},"20":{"name":"(anonymous_20)","decl":{"start":{"line":304,"column":21},"end":{"line":304,"column":22}},"loc":{"start":{"line":304,"column":27},"end":{"line":304,"column":45}},"line":304}},"branchMap":{"0":{"loc":{"start":{"line":63,"column":2},"end":{"line":77,"column":3}},"type":"switch","locations":[{"start":{"line":64,"column":4},"end":{"line":65,"column":107}},{"start":{"line":66,"column":4},"end":{"line":67,"column":97}},{"start":{"line":68,"column":4},"end":{"line":69,"column":89}},{"start":{"line":70,"column":4},"end":{"line":71,"column":90}},{"start":{"line":72,"column":4},"end":{"line":73,"column":96}},{"start":{"line":74,"column":4},"end":{"line":74,"column":23}},{"start":{"line":75,"column":4},"end":{"line":76,"column":92}}],"line":63},"1":{"loc":{"start":{"line":105,"column":2},"end":{"line":105,"column":26}},"type":"if","locations":[{"start":{"line":105,"column":2},"end":{"line":105,"column":26}},{"start":{},"end":{}}],"line":105},"2":{"loc":{"start":{"line":107,"column":2},"end":{"line":113,"column":3}},"type":"if","locations":[{"start":{"line":107,"column":2},"end":{"line":113,"column":3}},{"start":{},"end":{}}],"line":107},"3":{"loc":{"start":{"line":111,"column":4},"end":{"line":111,"column":77}},"type":"if","locations":[{"start":{"line":111,"column":4},"end":{"line":111,"column":77}},{"start":{},"end":{}}],"line":111},"4":{"loc":{"start":{"line":111,"column":8},"end":{"line":111,"column":63}},"type":"binary-expr","locations":[{"start":{"line":111,"column":8},"end":{"line":111,"column":33}},{"start":{"line":111,"column":37},"end":{"line":111,"column":63}}],"line":111},"5":{"loc":{"start":{"line":116,"column":9},"end":{"line":116,"column":38}},"type":"cond-expr","locations":[{"start":{"line":116,"column":30},"end":{"line":116,"column":31}},{"start":{"line":116,"column":34},"end":{"line":116,"column":38}}],"line":116},"6":{"loc":{"start":{"line":140,"column":36},"end":{"line":140,"column":53}},"type":"cond-expr","locations":[{"start":{"line":140,"column":45},"end":{"line":140,"column":49}},{"start":{"line":140,"column":52},"end":{"line":140,"column":53}}],"line":140},"7":{"loc":{"start":{"line":146,"column":14},"end":{"line":146,"column":86}},"type":"cond-expr","locations":[{"start":{"line":146,"column":23},"end":{"line":146,"column":60}},{"start":{"line":146,"column":63},"end":{"line":146,"column":86}}],"line":146},"8":{"loc":{"start":{"line":149,"column":46},"end":{"line":149,"column":75}},"type":"cond-expr","locations":[{"start":{"line":149,"column":55},"end":{"line":149,"column":63}},{"start":{"line":149,"column":66},"end":{"line":149,"column":75}}],"line":149},"9":{"loc":{"start":{"line":197,"column":4},"end":{"line":199,"column":58}},"type":"binary-expr","locations":[{"start":{"line":197,"column":5},"end":{"line":197,"column":23}},{"start":{"line":197,"column":27},"end":{"line":197,"column":44}},{"start":{"line":198,"column":5},"end":{"line":198,"column":17}},{"start":{"line":198,"column":21},"end":{"line":198,"column":38}},{"start":{"line":199,"column":5},"end":{"line":199,"column":18}},{"start":{"line":199,"column":23},"end":{"line":199,"column":40}},{"start":{"line":199,"column":44},"end":{"line":199,"column":56}}],"line":197},"10":{"loc":{"start":{"line":211,"column":4},"end":{"line":211,"column":35}},"type":"if","locations":[{"start":{"line":211,"column":4},"end":{"line":211,"column":35}},{"start":{},"end":{}}],"line":211},"11":{"loc":{"start":{"line":211,"column":8},"end":{"line":211,"column":26}},"type":"binary-expr","locations":[{"start":{"line":211,"column":8},"end":{"line":211,"column":15}},{"start":{"line":211,"column":19},"end":{"line":211,"column":26}}],"line":211},"12":{"loc":{"start":{"line":216,"column":17},"end":{"line":216,"column":56}},"type":"cond-expr","locations":[{"start":{"line":216,"column":37},"end":{"line":216,"column":49}},{"start":{"line":216,"column":52},"end":{"line":216,"column":56}}],"line":216},"13":{"loc":{"start":{"line":217,"column":14},"end":{"line":217,"column":47}},"type":"cond-expr","locations":[{"start":{"line":217,"column":28},"end":{"line":217,"column":40}},{"start":{"line":217,"column":43},"end":{"line":217,"column":47}}],"line":217},"14":{"loc":{"start":{"line":218,"column":23},"end":{"line":218,"column":53}},"type":"cond-expr","locations":[{"start":{"line":218,"column":38},"end":{"line":218,"column":46}},{"start":{"line":218,"column":49},"end":{"line":218,"column":53}}],"line":218},"15":{"loc":{"start":{"line":219,"column":13},"end":{"line":219,"column":36}},"type":"cond-expr","locations":[{"start":{"line":219,"column":26},"end":{"line":219,"column":29}},{"start":{"line":219,"column":32},"end":{"line":219,"column":36}}],"line":219},"16":{"loc":{"start":{"line":236,"column":9},"end":{"line":247,"column":16}},"type":"cond-expr","locations":[{"start":{"line":237,"column":10},"end":{"line":246,"column":17}},{"start":{"line":247,"column":12},"end":{"line":247,"column":16}}],"line":236},"17":{"loc":{"start":{"line":249,"column":9},"end":{"line":261,"column":16}},"type":"cond-expr","locations":[{"start":{"line":250,"column":10},"end":{"line":260,"column":17}},{"start":{"line":261,"column":12},"end":{"line":261,"column":16}}],"line":249},"18":{"loc":{"start":{"line":263,"column":9},"end":{"line":274,"column":16}},"type":"cond-expr","locations":[{"start":{"line":264,"column":10},"end":{"line":273,"column":17}},{"start":{"line":274,"column":12},"end":{"line":274,"column":16}}],"line":263},"19":{"loc":{"start":{"line":277,"column":7},"end":{"line":279,"column":14}},"type":"cond-expr","locations":[{"start":{"line":278,"column":8},"end":{"line":278,"column":81}},{"start":{"line":279,"column":10},"end":{"line":279,"column":14}}],"line":277},"20":{"loc":{"start":{"line":281,"column":7},"end":{"line":286,"column":14}},"type":"cond-expr","locations":[{"start":{"line":282,"column":8},"end":{"line":285,"column":15}},{"start":{"line":286,"column":10},"end":{"line":286,"column":14}}],"line":281},"21":{"loc":{"start":{"line":292,"column":7},"end":{"line":296,"column":14}},"type":"cond-expr","locations":[{"start":{"line":293,"column":8},"end":{"line":295,"column":15}},{"start":{"line":296,"column":10},"end":{"line":296,"column":14}}],"line":292},"22":{"loc":{"start":{"line":292,"column":7},"end":{"line":292,"column":37}},"type":"binary-expr","locations":[{"start":{"line":292,"column":7},"end":{"line":292,"column":20}},{"start":{"line":292,"column":24},"end":{"line":292,"column":37}}],"line":292}},"s":{"0":121,"1":121,"2":32,"3":0,"4":32,"5":0,"6":32,"7":32,"8":32,"9":121,"10":137,"11":1,"12":1,"13":5,"14":14,"15":2,"16":114,"17":121,"18":121,"19":115,"20":6,"21":2,"22":2,"23":2,"24":2,"25":0,"26":2,"27":4,"28":4,"29":102,"30":1020,"31":1020,"32":3,"33":121,"34":121,"35":121,"36":121,"37":121,"38":121,"39":121,"40":121,"41":121,"42":121,"43":121,"44":121,"45":121,"46":22,"47":0,"48":22,"49":22,"50":22,"51":22,"52":22,"53":22,"54":22,"55":121,"56":0,"57":0,"58":0,"59":0,"60":0,"61":0,"62":0,"63":21,"64":1},"f":{"0":121,"1":32,"2":0,"3":0,"4":32,"5":137,"6":121,"7":102,"8":1020,"9":3,"10":121,"11":22,"12":0,"13":0,"14":0,"15":0,"16":0,"17":0,"18":0,"19":21,"20":1},"b":{"0":[1,1,5,14,2,111,114],"1":[115,6],"2":[2,4],"3":[0,2],"4":[2,2],"5":[3,1],"6":[1,2],"7":[3,1017],"8":[3,1017],"9":[121,106,92,80,72,12,5],"10":[0,22],"11":[22,22],"12":[19,3],"13":[20,2],"14":[2,20],"15":[20,2],"16":[12,109],"17":[106,15],"18":[109,12],"19":[0,121],"20":[109,12],"21":[0,121],"22":[121,0]},"_coverageSchema":"1a1c01bbd47fc00a2c39e90264f33305004495a9","hash":"e140d429f91c0dda61d3d5cfb58a054e3da7e9e9"}
,"C:\\Users\\maxym\\Desktop\\Projets\\Lift\\frontend\\src\\workout\\components\\SetRow.tsx": {"path":"C:\\Users\\maxym\\Desktop\\Projets\\Lift\\frontend\\src\\workout\\components\\SetRow.tsx","statementMap":{"0":{"start":{"line":32,"column":12},"end":{"line":32,"column":37}},"1":{"start":{"line":33,"column":2},"end":{"line":33,"column":58}},"2":{"start":{"line":45,"column":2},"end":{"line":45,"column":37}},"3":{"start":{"line":45,"column":22},"end":{"line":45,"column":37}},"4":{"start":{"line":46,"column":2},"end":{"line":46,"column":34}},"5":{"start":{"line":46,"column":21},"end":{"line":46,"column":34}},"6":{"start":{"line":47,"column":2},"end":{"line":47,"column":14}},"7":{"start":{"line":52,"column":2},"end":{"line":52,"column":65}},"8":{"start":{"line":52,"column":33},"end":{"line":52,"column":65}},"9":{"start":{"line":53,"column":2},"end":{"line":53,"column":88}},"10":{"start":{"line":53,"column":47},"end":{"line":53,"column":88}},"11":{"start":{"line":54,"column":2},"end":{"line":54,"column":50}},"12":{"start":{"line":54,"column":24},"end":{"line":54,"column":50}},"13":{"start":{"line":55,"column":2},"end":{"line":55,"column":13}},"14":{"start":{"line":74,"column":15},"end":{"line":74,"column":26}},"15":{"start":{"line":76,"column":2},"end":{"line":112,"column":4}}},"fnMap":{"0":{"name":"duree","decl":{"start":{"line":31,"column":16},"end":{"line":31,"column":21}},"loc":{"start":{"line":31,"column":48},"end":{"line":34,"column":1}},"line":31},"1":{"name":"marque","decl":{"start":{"line":44,"column":9},"end":{"line":44,"column":15}},"loc":{"start":{"line":44,"column":47},"end":{"line":48,"column":1}},"line":44},"2":{"name":"valeurs","decl":{"start":{"line":51,"column":9},"end":{"line":51,"column":16}},"loc":{"start":{"line":51,"column":41},"end":{"line":56,"column":1}},"line":51},"3":{"name":"SetRow","decl":{"start":{"line":73,"column":16},"end":{"line":73,"column":22}},"loc":{"start":{"line":73,"column":52},"end":{"line":113,"column":1}},"line":73}},"branchMap":{"0":{"loc":{"start":{"line":45,"column":2},"end":{"line":45,"column":37}},"type":"if","locations":[{"start":{"line":45,"column":2},"end":{"line":45,"column":37}},{"start":{},"end":{}}],"line":45},"1":{"loc":{"start":{"line":46,"column":2},"end":{"line":46,"column":34}},"type":"if","locations":[{"start":{"line":46,"column":2},"end":{"line":46,"column":34}},{"start":{},"end":{}}],"line":46},"2":{"loc":{"start":{"line":52,"column":2},"end":{"line":52,"column":65}},"type":"if","locations":[{"start":{"line":52,"column":2},"end":{"line":52,"column":65}},{"start":{},"end":{}}],"line":52},"3":{"loc":{"start":{"line":53,"column":2},"end":{"line":53,"column":88}},"type":"if","locations":[{"start":{"line":53,"column":2},"end":{"line":53,"column":88}},{"start":{},"end":{}}],"line":53},"4":{"loc":{"start":{"line":53,"column":6},"end":{"line":53,"column":45}},"type":"binary-expr","locations":[{"start":{"line":53,"column":6},"end":{"line":53,"column":25}},{"start":{"line":53,"column":29},"end":{"line":53,"column":45}}],"line":53},"5":{"loc":{"start":{"line":54,"column":2},"end":{"line":54,"column":50}},"type":"if","locations":[{"start":{"line":54,"column":2},"end":{"line":54,"column":50}},{"start":{},"end":{}}],"line":54},"6":{"loc":{"start":{"line":86,"column":7},"end":{"line":90,"column":14}},"type":"cond-expr","locations":[{"start":{"line":87,"column":8},"end":{"line":89,"column":15}},{"start":{"line":90,"column":10},"end":{"line":90,"column":14}}],"line":86},"7":{"loc":{"start":{"line":95,"column":7},"end":{"line":95,"column":68}},"type":"cond-expr","locations":[{"start":{"line":95,"column":20},"end":{"line":95,"column":61}},{"start":{"line":95,"column":64},"end":{"line":95,"column":68}}],"line":95},"8":{"loc":{"start":{"line":97,"column":7},"end":{"line":101,"column":14}},"type":"cond-expr","locations":[{"start":{"line":98,"column":8},"end":{"line":100,"column":15}},{"start":{"line":101,"column":10},"end":{"line":101,"column":14}}],"line":97},"9":{"loc":{"start":{"line":106,"column":7},"end":{"line":110,"column":14}},"type":"cond-expr","locations":[{"start":{"line":107,"column":8},"end":{"line":109,"column":15}},{"start":{"line":110,"column":10},"end":{"line":110,"column":14}}],"line":106}},"s":{"0":1,"1":1,"2":49,"3":2,"4":47,"5":2,"6":45,"7":49,"8":1,"9":48,"10":46,"11":2,"12":1,"13":1,"14":49,"15":49},"f":{"0":1,"1":49,"2":49,"3":49},"b":{"0":[2,47],"1":[2,45],"2":[1,48],"3":[46,2],"4":[48,46],"5":[1,1],"6":[1,48],"7":[16,33],"8":[4,45],"9":[5,44]},"_coverageSchema":"1a1c01bbd47fc00a2c39e90264f33305004495a9","hash":"16e7998c0f952ad25fadd8facf58386787408d0c"}
,"C:\\Users\\maxym\\Desktop\\Projets\\Lift\\frontend\\src\\workout\\services\\exercises.service.ts": {"path":"C:\\Users\\maxym\\Desktop\\Projets\\Lift\\frontend\\src\\workout\\services\\exercises.service.ts","statementMap":{"0":{"start":{"line":10,"column":13},"end":{"line":10,"column":34}},"1":{"start":{"line":19,"column":29},"end":{"line":38,"column":10}},"2":{"start":{"line":68,"column":2},"end":{"line":72,"column":5}},"3":{"start":{"line":83,"column":2},"end":{"line":83,"column":44}}},"fnMap":{"0":{"name":"listExercises","decl":{"start":{"line":67,"column":16},"end":{"line":67,"column":29}},"loc":{"start":{"line":67,"column":87},"end":{"line":73,"column":1}},"line":67},"1":{"name":"getExercise","decl":{"start":{"line":82,"column":16},"end":{"line":82,"column":27}},"loc":{"start":{"line":82,"column":59},"end":{"line":84,"column":1}},"line":82}},"branchMap":{"0":{"loc":{"start":{"line":67,"column":30},"end":{"line":67,"column":55}},"type":"default-arg","locations":[{"start":{"line":67,"column":53},"end":{"line":67,"column":55}}],"line":67},"1":{"loc":{"start":{"line":69,"column":12},"end":{"line":69,"column":45}},"type":"binary-expr","locations":[{"start":{"line":69,"column":12},"end":{"line":69,"column":32}},{"start":{"line":69,"column":36},"end":{"line":69,"column":45}}],"line":69},"2":{"loc":{"start":{"line":70,"column":18},"end":{"line":70,"column":77}},"type":"cond-expr","locations":[{"start":{"line":70,"column":47},"end":{"line":70,"column":65}},{"start":{"line":70,"column":68},"end":{"line":70,"column":77}}],"line":70},"3":{"loc":{"start":{"line":71,"column":12},"end":{"line":71,"column":37}},"type":"binary-expr","locations":[{"start":{"line":71,"column":12},"end":{"line":71,"column":24}},{"start":{"line":71,"column":28},"end":{"line":71,"column":37}}],"line":71}},"s":{"0":1,"1":1,"2":8,"3":1},"f":{"0":8,"1":1},"b":{"0":[1],"1":[8,6],"2":[2,6],"3":[8,6]},"_coverageSchema":"1a1c01bbd47fc00a2c39e90264f33305004495a9","hash":"45df578458daa11d928163b1417b7216bd6587cd"}
,"C:\\Users\\maxym\\Desktop\\Projets\\Lift\\frontend\\src\\workout\\services\\sessions.service.ts": {"path":"C:\\Users\\maxym\\Desktop\\Projets\\Lift\\frontend\\src\\workout\\services\\sessions.service.ts","statementMap":{"0":{"start":{"line":13,"column":17},"end":{"line":13,"column":45}},"1":{"start":{"line":14,"column":13},"end":{"line":14,"column":29}},"2":{"start":{"line":27,"column":2},"end":{"line":27,"column":66}},"3":{"start":{"line":36,"column":2},"end":{"line":36,"column":54}},"4":{"start":{"line":72,"column":2},"end":{"line":72,"column":51}},"5":{"start":{"line":89,"column":2},"end":{"line":89,"column":65}},"6":{"start":{"line":101,"column":2},"end":{"line":101,"column":41}},"7":{"start":{"line":138,"column":2},"end":{"line":138,"column":43}},"8":{"start":{"line":150,"column":2},"end":{"line":150,"column":57}},"9":{"start":{"line":155,"column":2},"end":{"line":155,"column":37}}},"fnMap":{"0":{"name":"listSessions","decl":{"start":{"line":26,"column":16},"end":{"line":26,"column":28}},"loc":{"start":{"line":26,"column":77},"end":{"line":28,"column":1}},"line":26},"1":{"name":"getSession","decl":{"start":{"line":35,"column":16},"end":{"line":35,"column":26}},"loc":{"start":{"line":35,"column":64},"end":{"line":37,"column":1}},"line":35},"2":{"name":"createSession","decl":{"start":{"line":71,"column":16},"end":{"line":71,"column":29}},"loc":{"start":{"line":71,"column":82},"end":{"line":73,"column":1}},"line":71},"3":{"name":"updateSession","decl":{"start":{"line":85,"column":16},"end":{"line":85,"column":29}},"loc":{"start":{"line":88,"column":27},"end":{"line":90,"column":1}},"line":88},"4":{"name":"deleteSession","decl":{"start":{"line":100,"column":16},"end":{"line":100,"column":29}},"loc":{"start":{"line":100,"column":57},"end":{"line":102,"column":1}},"line":100},"5":{"name":"createSet","decl":{"start":{"line":137,"column":16},"end":{"line":137,"column":25}},"loc":{"start":{"line":137,"column":70},"end":{"line":139,"column":1}},"line":137},"6":{"name":"updateSet","decl":{"start":{"line":149,"column":16},"end":{"line":149,"column":25}},"loc":{"start":{"line":149,"column":84},"end":{"line":151,"column":1}},"line":149},"7":{"name":"deleteSet","decl":{"start":{"line":154,"column":16},"end":{"line":154,"column":25}},"loc":{"start":{"line":154,"column":53},"end":{"line":156,"column":1}},"line":154}},"branchMap":{"0":{"loc":{"start":{"line":26,"column":29},"end":{"line":26,"column":39}},"type":"default-arg","locations":[{"start":{"line":26,"column":38},"end":{"line":26,"column":39}}],"line":26}},"s":{"0":1,"1":1,"2":2,"3":1,"4":2,"5":1,"6":1,"7":3,"8":1,"9":1},"f":{"0":2,"1":1,"2":2,"3":1,"4":1,"5":3,"6":1,"7":1},"b":{"0":[1]},"_coverageSchema":"1a1c01bbd47fc00a2c39e90264f33305004495a9","hash":"b1859d35f4f3d67cd07cbdb621d049c89fdfdbff"}
,"C:\\Users\\maxym\\Desktop\\Projets\\Lift\\frontend\\src\\workout\\services\\templates.service.ts": {"path":"C:\\Users\\maxym\\Desktop\\Projets\\Lift\\frontend\\src\\workout\\services\\templates.service.ts","statementMap":{"0":{"start":{"line":7,"column":13},"end":{"line":7,"column":42}},"1":{"start":{"line":22,"column":2},"end":{"line":22,"column":51}},"2":{"start":{"line":38,"column":2},"end":{"line":38,"column":51}}},"fnMap":{"0":{"name":"listTemplates","decl":{"start":{"line":21,"column":16},"end":{"line":21,"column":29}},"loc":{"start":{"line":21,"column":69},"end":{"line":23,"column":1}},"line":21},"1":{"name":"getTemplate","decl":{"start":{"line":37,"column":16},"end":{"line":37,"column":27}},"loc":{"start":{"line":37,"column":66},"end":{"line":39,"column":1}},"line":37}},"branchMap":{},"s":{"0":1,"1":1,"2":1},"f":{"0":1,"1":1},"b":{},"_coverageSchema":"1a1c01bbd47fc00a2c39e90264f33305004495a9","hash":"695ebaf47f2afd6f065a848d04a50efd342b7390"}
}
