TN:
SF:app\_layout.tsx
FN:42,(anonymous_0)
FN:43,(anonymous_1)
FN:77,RootNavigator
FN:82,(anonymous_3)
FN:113,RootLayout
FN:121,(anonymous_5)
FNF:6
FNH:0
FNDA:0,(anonymous_0)
FNDA:0,(anonymous_1)
FNDA:0,RootNavigator
FNDA:0,(anonymous_3)
FNDA:0,RootLayout
FNDA:0,(anonymous_5)
DA:29,0
DA:39,0
DA:40,0
DA:41,0
DA:42,0
DA:43,0
DA:44,0
DA:45,0
DA:59,0
DA:61,0
DA:78,0
DA:80,0
DA:82,0
DA:83,0
DA:86,0
DA:88,0
DA:90,0
DA:115,0
DA:116,0
DA:121,0
DA:122,0
DA:125,0
DA:129,0
DA:130,0
DA:163,0
LF:25
LH:0
BRDA:39,0,0,0
BRDA:39,0,1,0
BRDA:44,1,0,0
BRDA:44,1,1,0
BRDA:44,2,0,0
BRDA:44,2,1,0
BRDA:47,3,0,0
BRDA:47,3,1,0
BRDA:48,4,0,0
BRDA:48,4,1,0
BRDA:80,5,0,0
BRDA:80,5,1,0
BRDA:83,6,0,0
BRDA:83,6,1,0
BRDA:86,7,0,0
BRDA:86,7,1,0
BRDA:116,8,0,0
BRDA:116,8,1,0
BRDA:122,9,0,0
BRDA:122,9,1,0
BRDA:122,10,0,0
BRDA:122,10,1,0
BRDA:125,11,0,0
BRDA:125,11,1,0
BRF:24
BRH:0
end_of_record
TN:
SF:app\cgu.tsx
FN:23,ConditionsGenerales
FN:28,(anonymous_1)
FNF:2
FNH:0
FNDA:0,ConditionsGenerales
FNDA:0,(anonymous_1)
DA:24,0
DA:28,0
LF:2
LH:0
BRF:0
BRH:0
end_of_record
TN:
SF:app\confidentialite.tsx
FN:19,Confidentialite
FN:24,(anonymous_1)
FNF:2
FNH:0
FNDA:0,Confidentialite
FNDA:0,(anonymous_1)
DA:20,0
DA:24,0
LF:2
LH:0
BRF:0
BRH:0
end_of_record
TN:
SF:app\(auth)\_layout.tsx
FN:20,AuthLayout
FNF:1
FNH:0
FNDA:0,AuthLayout
DA:18,0
DA:21,0
LF:2
LH:0
BRF:0
BRH:0
end_of_record
TN:
SF:app\(auth)\forgot-password.tsx
FN:14,ForgotPassword
FN:24,(anonymous_1)
FNF:2
FNH:0
FNDA:0,ForgotPassword
FNDA:0,(anonymous_1)
DA:15,0
DA:24,0
LF:2
LH:0
BRF:0
BRH:0
end_of_record
TN:
SF:app\(auth)\login.tsx
FN:28,formatValide
FN:32,Login
FN:40,(anonymous_2)
FN:135,(anonymous_3)
FN:138,(anonymous_4)
FNF:5
FNH:5
FNDA:26,formatValide
FNDA:26,Login
FNDA:5,(anonymous_2)
FNDA:1,(anonymous_3)
FNDA:1,(anonymous_4)
DA:29,26
DA:33,26
DA:35,26
DA:36,26
DA:37,26
DA:38,26
DA:40,26
DA:42,5
DA:44,5
DA:45,5
DA:47,5
DA:48,5
DA:52,2
DA:60,3
DA:61,3
DA:69,5
DA:73,26
DA:135,1
DA:138,1
LF:19
LH:19
BRDA:29,0,0,26
BRDA:29,0,1,16
BRDA:42,1,0,0
BRDA:42,1,1,5
BRDA:62,2,0,1
BRDA:62,2,1,2
BRDA:78,3,0,26
BRDA:78,3,1,0
BRDA:91,4,0,3
BRDA:91,4,1,23
BRDA:95,5,0,1
BRDA:95,5,1,2
BRF:12
BRH:10
end_of_record
TN:
SF:app\(auth)\register.tsx
FN:57,validerLocalement
FN:76,Register
FN:112,(anonymous_2)
FN:115,(anonymous_3)
FN:115,(anonymous_4)
FN:116,(anonymous_5)
FN:120,(anonymous_6)
FN:123,(anonymous_7)
FN:123,(anonymous_8)
FN:123,(anonymous_9)
FN:125,(anonymous_10)
FN:271,(anonymous_11)
FN:278,(anonymous_12)
FN:293,(anonymous_13)
FNF:14
FNH:13
FNDA:75,validerLocalement
FNDA:75,Register
FNDA:300,(anonymous_2)
FNDA:300,(anonymous_3)
FNDA:45,(anonymous_4)
FNDA:45,(anonymous_5)
FNDA:45,(anonymous_6)
FNDA:300,(anonymous_7)
FNDA:2,(anonymous_8)
FNDA:2,(anonymous_9)
FNDA:5,(anonymous_10)
FNDA:1,(anonymous_11)
FNDA:1,(anonymous_12)
FNDA:0,(anonymous_13)
DA:27,1
DA:36,1
DA:58,75
DA:60,75
DA:61,15
DA:63,75
DA:64,30
DA:66,75
DA:67,40
DA:69,75
DA:70,15
DA:73,75
DA:77,75
DA:79,75
DA:85,75
DA:86,75
DA:95,75
DA:96,75
DA:97,75
DA:101,75
DA:105,75
DA:112,75
DA:113,300
DA:115,300
DA:116,45
DA:120,45
DA:123,300
DA:125,75
DA:127,5
DA:129,5
DA:130,5
DA:131,5
DA:133,5
DA:134,5
DA:144,2
DA:146,3
DA:149,2
DA:150,2
DA:151,3
DA:152,3
DA:155,2
DA:160,2
DA:164,0
DA:165,0
DA:167,1
DA:170,1
DA:172,0
DA:176,5
DA:180,75
DA:271,1
DA:278,1
DA:293,0
LF:52
LH:48
BRDA:60,0,0,15
BRDA:60,0,1,60
BRDA:63,1,0,30
BRDA:63,1,1,45
BRDA:66,2,0,40
BRDA:66,2,1,35
BRDA:69,3,0,15
BRDA:69,3,1,60
BRDA:105,4,0,75
BRDA:105,4,1,19
BRDA:113,5,0,300
BRDA:113,5,1,297
BRDA:113,6,0,2
BRDA:113,6,1,295
BRDA:120,7,0,0
BRDA:120,7,1,45
BRDA:127,8,0,0
BRDA:127,8,1,5
BRDA:127,9,0,5
BRDA:127,9,1,5
BRDA:146,10,0,2
BRDA:146,10,1,1
BRDA:152,11,0,3
BRDA:152,11,1,0
BRDA:160,12,0,0
BRDA:160,12,1,2
BRDA:164,13,0,0
BRDA:164,13,1,0
BRDA:164,13,2,0
BRDA:167,14,0,1
BRDA:167,14,1,0
BRDA:185,15,0,75
BRDA:185,15,1,0
BRDA:199,16,0,1
BRDA:199,16,1,74
BRDA:202,17,0,1
BRDA:202,17,1,0
BRF:37
BRH:27
end_of_record
TN:
SF:app\(tabs)\_layout.tsx
FN:16,TabsLayout
FN:18,(anonymous_1)
FNF:2
FNH:0
FNDA:0,TabsLayout
FNDA:0,(anonymous_1)
DA:17,0
DA:18,0
LF:2
LH:0
BRF:0
BRH:0
end_of_record
TN:
SF:app\(tabs)\index.tsx
FN:27,kilos
FN:32,jourEtMois
FN:54,Accueil
FN:63,(anonymous_3)
FN:76,(anonymous_4)
FN:77,(anonymous_5)
FN:77,(anonymous_6)
FN:80,(anonymous_7)
FN:80,(anonymous_8)
FN:91,(anonymous_9)
FN:105,(anonymous_10)
FN:106,(anonymous_11)
FN:129,(anonymous_12)
FN:138,(anonymous_13)
FN:140,(anonymous_14)
FN:176,(anonymous_15)
FN:183,(anonymous_16)
FN:206,(anonymous_17)
FNF:18
FNH:15
FNDA:15,kilos
FNDA:9,jourEtMois
FNDA:31,Accueil
FNDA:16,(anonymous_3)
FNDA:9,(anonymous_4)
FNDA:9,(anonymous_5)
FNDA:1,(anonymous_6)
FNDA:9,(anonymous_7)
FNDA:8,(anonymous_8)
FNDA:16,(anonymous_9)
FNDA:10,(anonymous_10)
FNDA:1,(anonymous_11)
FNDA:0,(anonymous_12)
FNDA:1,(anonymous_13)
FNDA:0,(anonymous_14)
FNDA:9,(anonymous_15)
FNDA:0,(anonymous_16)
FNDA:1,(anonymous_17)
DA:28,15
DA:33,9
DA:34,9
DA:55,31
DA:57,31
DA:58,31
DA:59,31
DA:60,31
DA:61,31
DA:63,31
DA:64,16
DA:66,16
DA:67,16
DA:68,14
DA:76,14
DA:77,14
DA:78,14
DA:80,9
DA:84,1
DA:86,15
DA:87,15
DA:91,31
DA:92,16
DA:96,31
DA:97,31
DA:98,31
DA:99,31
DA:100,31
DA:102,31
DA:103,31
DA:105,31
DA:106,31
DA:107,31
DA:109,31
DA:111,31
DA:118,31
DA:120,31
DA:130,0
DA:131,0
DA:138,1
DA:140,0
DA:177,9
DA:184,0
DA:206,1
LF:44
LH:40
BRDA:84,0,0,1
BRDA:84,0,1,0
BRDA:111,1,0,31
BRDA:111,1,1,0
BRDA:118,2,0,6
BRDA:118,2,1,25
BRDA:118,3,0,31
BRDA:118,3,1,15
BRDA:122,4,0,31
BRDA:122,4,1,0
BRDA:140,5,0,1
BRDA:140,5,1,30
BRDA:142,6,0,16
BRDA:142,6,1,15
BRDA:154,7,0,1
BRDA:154,7,1,14
BRDA:155,8,0,1
BRDA:155,8,1,0
BRDA:167,9,0,9
BRDA:167,9,1,6
BRDA:179,10,0,9
BRDA:179,10,1,1
BRDA:188,11,0,0
BRDA:188,11,1,0
BRF:24
BRH:18
end_of_record
TN:
SF:app\(tabs)\profile.tsx
FN:27,prochainChangementPseudo
FN:41,formatDate
FN:58,Profil
FN:77,(anonymous_3)
FN:95,(anonymous_4)
FN:120,(anonymous_5)
FN:177,(anonymous_6)
FN:213,(anonymous_7)
FN:267,(anonymous_8)
FN:270,(anonymous_9)
FN:279,(anonymous_10)
FN:294,(anonymous_11)
FN:295,(anonymous_12)
FNF:13
FNH:11
FNDA:51,prochainChangementPseudo
FNDA:1,formatDate
FNDA:51,Profil
FNDA:17,(anonymous_3)
FNDA:17,(anonymous_4)
FNDA:6,(anonymous_5)
FNDA:1,(anonymous_6)
FNDA:0,(anonymous_7)
FNDA:0,(anonymous_8)
FNDA:6,(anonymous_9)
FNDA:3,(anonymous_10)
FNDA:1,(anonymous_11)
FNDA:1,(anonymous_12)
DA:24,1
DA:28,51
DA:30,2
DA:31,2
DA:32,2
DA:42,1
DA:43,1
DA:44,1
DA:59,51
DA:61,51
DA:62,51
DA:63,51
DA:65,51
DA:66,51
DA:67,51
DA:68,51
DA:73,51
DA:75,51
DA:77,51
DA:78,17
DA:79,17
DA:81,17
DA:82,17
DA:83,16
DA:85,16
DA:86,16
DA:87,16
DA:89,1
DA:91,17
DA:95,51
DA:96,17
DA:108,51
DA:117,51
DA:118,51
DA:120,51
DA:121,6
DA:123,6
DA:124,6
DA:125,6
DA:130,6
DA:131,6
DA:132,6
DA:133,6
DA:135,6
DA:136,6
DA:137,4
DA:138,4
DA:139,4
DA:140,4
DA:144,4
DA:151,2
DA:154,1
DA:159,1
DA:160,1
DA:162,0
DA:165,6
DA:177,51
DA:178,1
DA:179,1
DA:187,51
DA:189,51
DA:213,0
DA:267,0
DA:270,6
DA:279,3
DA:294,1
DA:295,1
LF:67
LH:64
BRDA:28,0,0,49
BRDA:28,0,1,2
BRDA:85,1,0,16
BRDA:85,1,1,1
BRDA:89,2,0,1
BRDA:89,2,1,0
BRDA:108,3,0,51
BRDA:108,3,1,33
BRDA:108,3,2,29
BRDA:108,3,3,26
BRDA:109,4,0,33
BRDA:109,4,1,1
BRDA:117,5,0,51
BRDA:117,5,1,49
BRDA:118,6,0,51
BRDA:118,6,1,2
BRDA:121,7,0,0
BRDA:121,7,1,6
BRDA:121,8,0,6
BRDA:121,8,1,6
BRDA:121,8,2,6
BRDA:131,9,0,3
BRDA:131,9,1,3
BRDA:131,10,0,6
BRDA:131,10,1,0
BRDA:132,11,0,2
BRDA:132,11,1,4
BRDA:133,12,0,1
BRDA:133,12,1,5
BRDA:138,13,0,4
BRDA:138,13,1,0
BRDA:151,14,0,1
BRDA:151,14,1,1
BRDA:159,15,0,1
BRDA:159,15,1,0
BRDA:187,16,0,51
BRDA:187,16,1,19
BRDA:187,17,0,19
BRDA:187,17,1,0
BRDA:192,18,0,51
BRDA:192,18,1,0
BRDA:199,19,0,51
BRDA:199,19,1,2
BRDA:199,19,2,1
BRDA:202,20,0,33
BRDA:202,20,1,18
BRDA:207,21,0,0
BRDA:207,21,1,33
BRDA:213,22,0,2
BRDA:213,22,1,49
BRDA:215,23,0,17
BRDA:215,23,1,34
BRDA:234,24,0,1
BRDA:234,24,1,33
BRDA:234,25,0,34
BRDA:234,25,1,1
BRDA:243,26,0,34
BRDA:243,26,1,34
BRF:58
BRH:50
end_of_record
TN:
SF:app\(tabs)\lift\[id].tsx
FN:18,(anonymous_0)
FN:49,DetailExercice
FN:56,(anonymous_2)
FN:69,(anonymous_3)
FN:79,(anonymous_4)
FN:91,(anonymous_5)
FN:96,(anonymous_6)
FN:108,(anonymous_7)
FN:108,(anonymous_8)
FN:119,(anonymous_9)
FN:132,(anonymous_10)
FN:178,(anonymous_11)
FNF:12
FNH:7
FNDA:18,(anonymous_0)
FNDA:13,DetailExercice
FNDA:7,(anonymous_2)
FNDA:7,(anonymous_3)
FNDA:7,(anonymous_4)
FNDA:0,(anonymous_5)
FNDA:13,(anonymous_6)
FNDA:0,(anonymous_7)
FNDA:0,(anonymous_8)
FNDA:0,(anonymous_9)
FNDA:0,(anonymous_10)
FNDA:8,(anonymous_11)
DA:18,18
DA:27,1
DA:50,13
DA:52,13
DA:53,13
DA:54,13
DA:56,13
DA:57,7
DA:58,7
DA:60,7
DA:61,7
DA:63,1
DA:65,6
DA:69,13
DA:70,7
DA:77,13
DA:79,13
DA:80,7
DA:91,13
DA:92,0
DA:93,0
DA:96,13
DA:97,13
DA:98,0
DA:108,13
DA:110,13
DA:119,0
DA:132,0
DA:179,8
LF:29
LH:24
BRDA:63,0,0,1
BRDA:63,0,1,0
BRDA:91,1,0,13
BRDA:91,1,1,13
BRDA:97,2,0,13
BRDA:97,2,1,0
BRDA:97,3,0,13
BRDA:97,3,1,0
BRDA:118,4,0,13
BRDA:118,4,1,8
BRDA:118,4,2,0
BRDA:121,5,0,5
BRDA:121,5,1,8
BRDA:126,6,0,5
BRDA:126,6,1,0
BRDA:132,7,0,1
BRDA:132,7,1,12
BRDA:134,8,0,7
BRDA:134,8,1,6
BRDA:136,9,0,5
BRDA:136,9,1,1
BRDA:148,10,0,0
BRDA:148,10,1,5
BRDA:165,11,0,5
BRDA:165,11,1,0
BRDA:165,12,0,5
BRDA:165,12,1,0
BRDA:167,13,0,5
BRDA:167,13,1,0
BRDA:168,14,0,5
BRDA:168,14,1,0
BRDA:174,15,0,4
BRDA:174,15,1,1
BRDA:186,16,0,4
BRDA:186,16,1,1
BRF:35
BRH:25
end_of_record
TN:
SF:app\(tabs)\lift\_layout.tsx
FN:14,LiftLayout
FNF:1
FNH:0
FNDA:0,LiftLayout
DA:15,0
LF:1
LH:0
BRF:0
BRH:0
end_of_record
TN:
SF:app\(tabs)\lift\finaliser.tsx
FN:28,maintenantISO
FN:33,kilos
FN:50,Finaliser
FN:65,(anonymous_3)
FN:87,(anonymous_4)
FN:87,(anonymous_5)
FN:90,(anonymous_6)
FN:92,(anonymous_7)
FN:92,(anonymous_8)
FN:96,(anonymous_9)
FN:96,(anonymous_10)
FN:109,(anonymous_11)
FN:114,(anonymous_12)
FN:115,(anonymous_13)
FN:125,(anonymous_14)
FN:163,(anonymous_15)
FN:195,(anonymous_16)
FN:201,(anonymous_17)
FN:234,(anonymous_18)
FN:256,(anonymous_19)
FN:287,(anonymous_20)
FN:298,(anonymous_21)
FN:318,(anonymous_22)
FN:319,(anonymous_23)
FNF:24
FNH:20
FNDA:3,maintenantISO
FNDA:40,kilos
FNDA:25,Finaliser
FNDA:9,(anonymous_3)
FNDA:2,(anonymous_4)
FNDA:2,(anonymous_5)
FNDA:9,(anonymous_6)
FNDA:8,(anonymous_7)
FNDA:0,(anonymous_8)
FNDA:8,(anonymous_9)
FNDA:8,(anonymous_10)
FNDA:9,(anonymous_11)
FNDA:16,(anonymous_12)
FNDA:16,(anonymous_13)
FNDA:3,(anonymous_14)
FNDA:1,(anonymous_15)
FNDA:0,(anonymous_16)
FNDA:0,(anonymous_17)
FNDA:60,(anonymous_18)
FNDA:14,(anonymous_19)
FNDA:3,(anonymous_20)
FNDA:1,(anonymous_21)
FNDA:1,(anonymous_22)
FNDA:0,(anonymous_23)
DA:29,3
DA:34,40
DA:51,25
DA:53,25
DA:54,25
DA:55,25
DA:57,25
DA:58,25
DA:60,25
DA:61,25
DA:62,25
DA:63,25
DA:65,25
DA:66,9
DA:68,9
DA:69,9
DA:71,9
DA:72,9
DA:73,8
DA:74,8
DA:75,8
DA:85,8
DA:86,8
DA:87,2
DA:90,9
DA:91,8
DA:92,8
DA:94,8
DA:96,8
DA:100,1
DA:105,9
DA:109,25
DA:110,9
DA:113,25
DA:114,25
DA:115,25
DA:116,25
DA:117,25
DA:125,25
DA:126,3
DA:128,3
DA:129,3
DA:131,3
DA:132,3
DA:149,3
DA:151,3
DA:153,0
DA:158,3
DA:163,25
DA:164,1
DA:166,1
DA:167,1
DA:169,1
DA:170,1
DA:173,1
DA:174,1
DA:176,0
DA:181,1
DA:185,25
DA:195,0
DA:201,0
DA:235,60
DA:257,14
DA:287,3
DA:298,1
DA:318,1
DA:319,0
LF:67
LH:62
BRDA:66,0,0,0
BRDA:66,0,1,9
BRDA:101,1,0,1
BRDA:101,1,1,0
BRDA:113,2,0,25
BRDA:113,2,1,10
BRDA:116,3,0,15
BRDA:116,3,1,10
BRDA:117,4,0,15
BRDA:117,4,1,10
BRDA:126,5,0,0
BRDA:126,5,1,3
BRDA:126,6,0,3
BRDA:126,6,1,3
BRDA:133,7,0,3
BRDA:133,7,1,1
BRDA:154,8,0,0
BRDA:154,8,1,0
BRDA:164,9,0,0
BRDA:164,9,1,1
BRDA:177,10,0,0
BRDA:177,10,1,0
BRDA:187,11,0,25
BRDA:187,11,1,0
BRDA:198,12,0,1
BRDA:198,12,1,24
BRDA:201,13,0,1
BRDA:201,13,1,0
BRDA:205,14,0,9
BRDA:205,14,1,16
BRDA:207,15,0,15
BRDA:207,15,1,1
BRDA:230,16,0,15
BRDA:230,16,1,0
BRDA:252,17,0,14
BRDA:252,17,1,1
BRDA:262,18,0,14
BRDA:262,18,1,0
BRDA:268,19,0,1
BRDA:268,19,1,13
BRF:40
BRH:28
end_of_record
TN:
SF:app\(tabs)\lift\index.tsx
FN:28,Lift
FN:36,(anonymous_1)
FN:55,(anonymous_2)
FN:56,(anonymous_3)
FN:70,(anonymous_4)
FN:78,(anonymous_5)
FN:86,(anonymous_6)
FN:101,(anonymous_7)
FN:105,(anonymous_8)
FNF:9
FNH:0
FNDA:0,Lift
FNDA:0,(anonymous_1)
FNDA:0,(anonymous_2)
FNDA:0,(anonymous_3)
FNDA:0,(anonymous_4)
FNDA:0,(anonymous_5)
FNDA:0,(anonymous_6)
FNDA:0,(anonymous_7)
FNDA:0,(anonymous_8)
DA:11,0
DA:34,0
DA:36,0
DA:37,0
DA:41,0
DA:43,0
DA:55,0
DA:57,0
DA:71,0
DA:79,0
DA:86,0
DA:102,0
DA:103,0
DA:105,0
LF:14
LH:0
BRDA:37,0,0,0
BRDA:37,0,1,0
BRDA:47,1,0,0
BRDA:47,1,1,0
BRDA:65,2,0,0
BRDA:65,2,1,0
BRDA:76,3,0,0
BRDA:76,3,1,0
BRF:8
BRH:0
end_of_record
TN:
SF:app\(tabs)\lift\seance.tsx
FN:46,chrono
FN:58,dateDuJour
FN:71,maintenantISO
FN:115,Seance
FN:158,(anonymous_4)
FN:165,(anonymous_5)
FN:191,(anonymous_6)
FN:191,(anonymous_7)
FN:209,(anonymous_8)
FN:217,(anonymous_9)
FN:220,(anonymous_10)
FN:221,(anonymous_11)
FN:227,(anonymous_12)
FN:242,(anonymous_13)
FN:243,(anonymous_14)
FN:245,(anonymous_15)
FN:249,(anonymous_16)
FN:250,(anonymous_17)
FN:252,(anonymous_18)
FN:257,(anonymous_19)
FN:290,(anonymous_20)
FN:296,(anonymous_21)
FN:307,(anonymous_22)
FN:314,(anonymous_23)
FN:337,(anonymous_24)
FN:372,(anonymous_25)
FN:393,(anonymous_26)
FN:395,(anonymous_27)
FN:402,(anonymous_28)
FN:410,(anonymous_29)
FN:411,(anonymous_30)
FN:411,(anonymous_31)
FN:436,(anonymous_32)
FN:465,(anonymous_33)
FN:466,(anonymous_34)
FN:488,(anonymous_35)
FN:502,(anonymous_36)
FN:512,(anonymous_37)
FN:523,(anonymous_38)
FN:540,(anonymous_39)
FN:541,(anonymous_40)
FN:545,(anonymous_41)
FN:558,(anonymous_42)
FN:568,(anonymous_43)
FN:589,(anonymous_44)
FN:593,(anonymous_45)
FNF:46
FNH:36
FNDA:66,chrono
FNDA:40,dateDuJour
FNDA:20,maintenantISO
FNDA:87,Seance
FNDA:20,(anonymous_4)
FNDA:20,(anonymous_5)
FNDA:0,(anonymous_6)
FNDA:0,(anonymous_7)
FNDA:20,(anonymous_8)
FNDA:39,(anonymous_9)
FNDA:0,(anonymous_10)
FNDA:19,(anonymous_11)
FNDA:18,(anonymous_12)
FNDA:11,(anonymous_13)
FNDA:11,(anonymous_14)
FNDA:12,(anonymous_15)
FNDA:1,(anonymous_16)
FNDA:1,(anonymous_17)
FNDA:1,(anonymous_18)
FNDA:14,(anonymous_19)
FNDA:14,(anonymous_20)
FNDA:2,(anonymous_21)
FNDA:34,(anonymous_22)
FNDA:13,(anonymous_23)
FNDA:10,(anonymous_24)
FNDA:13,(anonymous_25)
FNDA:1,(anonymous_26)
FNDA:1,(anonymous_27)
FNDA:2,(anonymous_28)
FNDA:15,(anonymous_29)
FNDA:15,(anonymous_30)
FNDA:1,(anonymous_31)
FNDA:1,(anonymous_32)
FNDA:1,(anonymous_33)
FNDA:0,(anonymous_34)
FNDA:33,(anonymous_35)
FNDA:18,(anonymous_36)
FNDA:13,(anonymous_37)
FNDA:15,(anonymous_38)
FNDA:0,(anonymous_39)
FNDA:0,(anonymous_40)
FNDA:1,(anonymous_41)
FNDA:0,(anonymous_42)
FNDA:0,(anonymous_43)
FNDA:0,(anonymous_44)
FNDA:0,(anonymous_45)
DA:43,1
DA:47,66
DA:48,66
DA:49,66
DA:51,66
DA:52,66
DA:54,66
DA:59,40
DA:60,40
DA:72,20
DA:116,87
DA:118,87
DA:119,87
DA:120,87
DA:123,87
DA:125,87
DA:127,87
DA:136,87
DA:145,87
DA:147,87
DA:148,87
DA:157,87
DA:158,87
DA:165,87
DA:166,20
DA:167,20
DA:169,20
DA:170,20
DA:177,19
DA:178,19
DA:187,19
DA:188,19
DA:189,18
DA:191,0
DA:194,18
DA:200,1
DA:205,20
DA:209,87
DA:210,20
DA:217,87
DA:218,39
DA:220,19
DA:221,19
DA:224,87
DA:226,87
DA:227,87
DA:237,87
DA:242,87
DA:243,11
DA:245,12
DA:249,87
DA:250,1
DA:252,1
DA:257,87
DA:258,14
DA:259,14
DA:260,11
DA:261,11
DA:263,3
DA:264,2
DA:265,2
DA:268,1
DA:269,1
DA:290,87
DA:291,14
DA:293,2
DA:294,2
DA:296,2
DA:297,2
DA:299,2
DA:300,2
DA:307,87
DA:308,34
DA:314,87
DA:315,13
DA:319,13
DA:321,13
DA:323,13
DA:331,13
DA:332,13
DA:334,13
DA:336,13
DA:337,10
DA:340,13
DA:358,13
DA:372,13
DA:382,13
DA:389,13
DA:393,87
DA:394,1
DA:395,1
DA:396,1
DA:402,87
DA:403,2
DA:404,1
DA:405,1
DA:407,1
DA:410,87
DA:411,15
DA:412,15
DA:415,87
DA:437,1
DA:465,1
DA:466,0
DA:489,33
DA:491,33
DA:503,18
DA:512,13
DA:523,15
DA:541,0
DA:542,0
DA:545,1
DA:558,0
DA:568,0
DA:590,0
DA:591,0
DA:593,0
LF:117
LH:108
BRDA:54,0,0,0
BRDA:54,0,1,66
BRDA:171,1,0,20
BRDA:171,1,1,20
BRDA:172,2,0,20
BRDA:172,2,1,20
BRDA:201,3,0,1
BRDA:201,3,1,0
BRDA:218,4,0,20
BRDA:218,4,1,19
BRDA:224,5,0,66
BRDA:224,5,1,21
BRDA:237,6,0,16
BRDA:237,6,1,71
BRDA:245,7,0,11
BRDA:245,7,1,0
BRDA:245,8,0,11
BRDA:245,8,1,1
BRDA:252,9,0,1
BRDA:252,9,1,0
BRDA:263,10,0,2
BRDA:263,10,1,1
BRDA:270,11,0,1
BRDA:270,11,1,0
BRDA:291,12,0,12
BRDA:291,12,1,2
BRDA:296,13,0,2
BRDA:296,13,1,0
BRDA:297,14,0,0
BRDA:297,14,1,2
BRDA:308,15,0,0
BRDA:308,15,1,34
BRDA:308,16,0,34
BRDA:308,16,1,13
BRDA:315,17,0,0
BRDA:315,17,1,13
BRDA:321,18,0,13
BRDA:321,18,1,12
BRDA:332,19,0,13
BRDA:332,19,1,12
BRDA:334,20,0,13
BRDA:334,20,1,12
BRDA:334,20,2,11
BRDA:334,20,3,11
BRDA:336,21,0,10
BRDA:336,21,1,3
BRDA:349,22,0,13
BRDA:349,22,1,0
BRDA:350,23,0,13
BRDA:350,23,1,0
BRDA:403,24,0,1
BRDA:403,24,1,1
BRDA:411,25,0,1
BRDA:411,25,1,14
BRDA:418,26,0,87
BRDA:418,26,1,0
BRDA:423,27,0,87
BRDA:423,27,1,21
BRDA:423,27,2,21
BRDA:433,28,0,66
BRDA:433,28,1,21
BRDA:445,29,0,66
BRDA:445,29,1,21
BRDA:449,30,0,3
BRDA:449,30,1,63
BRDA:457,31,0,4
BRDA:457,31,1,83
BRDA:463,32,0,3
BRDA:463,32,1,1
BRDA:464,33,0,2
BRDA:464,33,1,1
BRDA:472,34,0,20
BRDA:472,34,1,67
BRDA:474,35,0,66
BRDA:474,35,1,1
BRDA:482,36,0,33
BRDA:482,36,1,33
BRDA:489,37,0,33
BRDA:489,37,1,16
BRDA:501,38,0,16
BRDA:501,38,1,17
BRDA:536,39,0,16
BRDA:536,39,1,71
BRDA:542,40,0,0
BRDA:542,40,1,0
BRDA:579,41,0,3
BRDA:579,41,1,84
BRDA:584,42,0,3
BRDA:584,42,1,84
BRF:89
BRH:75
end_of_record
TN:
SF:app\(tabs)\lift\historique\[id].tsx
FN:33,kilos
FN:38,dateLisible
FN:65,DetailSeancePassee
FN:80,(anonymous_3)
FN:95,(anonymous_4)
FN:95,(anonymous_5)
FN:99,(anonymous_6)
FN:100,(anonymous_7)
FN:100,(anonymous_8)
FN:103,(anonymous_9)
FN:103,(anonymous_10)
FN:116,(anonymous_11)
FN:121,(anonymous_12)
FN:123,(anonymous_13)
FN:131,(anonymous_14)
FN:146,(anonymous_15)
FN:151,(anonymous_16)
FN:151,(anonymous_17)
FN:161,(anonymous_18)
FN:189,(anonymous_19)
FN:206,(anonymous_20)
FN:220,(anonymous_21)
FN:231,(anonymous_22)
FN:244,(anonymous_23)
FN:260,(anonymous_24)
FN:265,(anonymous_25)
FN:266,(anonymous_26)
FN:282,(anonymous_27)
FN:297,(anonymous_28)
FN:305,(anonymous_29)
FN:322,(anonymous_30)
FN:323,(anonymous_31)
FN:336,(anonymous_32)
FN:337,(anonymous_33)
FNF:34
FNH:27
FNDA:43,kilos
FNDA:18,dateLisible
FNDA:25,DetailSeancePassee
FNDA:7,(anonymous_3)
FNDA:0,(anonymous_4)
FNDA:0,(anonymous_5)
FNDA:9,(anonymous_6)
FNDA:7,(anonymous_7)
FNDA:0,(anonymous_8)
FNDA:7,(anonymous_9)
FNDA:7,(anonymous_10)
FNDA:7,(anonymous_11)
FNDA:18,(anonymous_12)
FNDA:18,(anonymous_13)
FNDA:3,(anonymous_14)
FNDA:1,(anonymous_15)
FNDA:1,(anonymous_16)
FNDA:2,(anonymous_17)
FNDA:1,(anonymous_18)
FNDA:0,(anonymous_19)
FNDA:0,(anonymous_20)
FNDA:2,(anonymous_21)
FNDA:54,(anonymous_22)
FNDA:15,(anonymous_23)
FNDA:15,(anonymous_24)
FNDA:18,(anonymous_25)
FNDA:18,(anonymous_26)
FNDA:2,(anonymous_27)
FNDA:1,(anonymous_28)
FNDA:1,(anonymous_29)
FNDA:1,(anonymous_30)
FNDA:0,(anonymous_31)
FNDA:1,(anonymous_32)
FNDA:0,(anonymous_33)
DA:34,43
DA:39,18
DA:40,18
DA:66,25
DA:68,25
DA:69,25
DA:70,25
DA:72,25
DA:73,25
DA:75,25
DA:76,25
DA:77,25
DA:78,25
DA:80,25
DA:81,7
DA:83,7
DA:84,7
DA:86,7
DA:87,7
DA:88,7
DA:89,7
DA:90,7
DA:94,7
DA:95,7
DA:99,9
DA:100,7
DA:101,7
DA:103,7
DA:107,0
DA:112,7
DA:116,25
DA:117,7
DA:120,25
DA:121,25
DA:122,25
DA:123,25
DA:131,25
DA:132,3
DA:134,3
DA:135,3
DA:136,3
DA:138,0
DA:146,25
DA:147,1
DA:149,1
DA:150,1
DA:151,2
DA:153,0
DA:161,25
DA:162,1
DA:163,1
DA:165,1
DA:166,1
DA:167,1
DA:169,0
DA:176,25
DA:189,0
DA:206,0
DA:220,2
DA:232,54
DA:245,15
DA:261,15
DA:265,18
DA:267,18
DA:282,2
DA:297,1
DA:305,1
DA:322,1
DA:323,0
DA:336,1
DA:337,0
LF:71
LH:63
BRDA:81,0,0,0
BRDA:81,0,1,7
BRDA:108,1,0,0
BRDA:108,1,1,0
BRDA:120,2,0,25
BRDA:120,2,1,7
BRDA:122,3,0,18
BRDA:122,3,1,7
BRDA:132,4,0,0
BRDA:132,4,1,3
BRDA:139,5,0,0
BRDA:139,5,1,0
BRDA:151,6,0,1
BRDA:151,6,1,0
BRDA:154,7,0,0
BRDA:154,7,1,0
BRDA:162,8,0,0
BRDA:162,8,1,1
BRDA:170,9,0,0
BRDA:170,9,1,0
BRDA:178,10,0,25
BRDA:178,10,1,0
BRDA:187,11,0,25
BRDA:187,11,1,7
BRDA:187,11,2,7
BRDA:194,12,0,18
BRDA:194,12,1,7
BRDA:197,13,0,0
BRDA:197,13,1,18
BRDA:203,14,0,0
BRDA:203,14,1,25
BRDA:206,15,0,0
BRDA:206,15,1,0
BRDA:210,16,0,7
BRDA:210,16,1,18
BRDA:212,17,0,18
BRDA:212,17,1,0
BRDA:220,18,0,2
BRDA:220,18,1,1
BRDA:241,19,0,15
BRDA:241,19,1,3
BRDA:250,20,0,15
BRDA:250,20,1,0
BRDA:262,21,0,15
BRDA:262,21,1,0
BRDA:317,22,0,2
BRDA:317,22,1,23
BRDA:322,23,0,1
BRDA:322,23,1,1
BRF:49
BRH:29
end_of_record
TN:
SF:app\(tabs)\lift\template\[id].tsx
FN:18,DetailTemplate
FN:25,(anonymous_1)
FNF:2
FNH:0
FNDA:0,DetailTemplate
FNDA:0,(anonymous_1)
DA:19,0
DA:21,0
DA:25,0
LF:3
LH:0
BRDA:24,0,0,0
BRDA:24,0,1,0
BRF:2
BRH:0
end_of_record
TN:
SF:src\auth\services\auth.service.ts
FN:53,login
FN:96,register
FN:135,getMe
FN:161,updateMe
FN:173,logout
FNF:5
FNH:5
FNDA:5,login
FNDA:4,register
FNDA:5,getMe
FNDA:2,updateMe
FNDA:1,logout
DA:25,1
DA:54,5
DA:59,4
DA:60,4
DA:62,4
DA:97,4
DA:104,4
DA:107,4
DA:109,4
DA:118,4
DA:120,4
DA:136,5
DA:162,2
DA:174,1
LF:14
LH:14
BRF:0
BRH:0
end_of_record
TN:
SF:src\shared\api\client.ts
FN:36,setSessionExpiredHandler
FN:75,refreshAccessToken
FN:115,refreshOnce
FN:116,(anonymous_3)
FN:136,refreshSession
FN:160,(anonymous_5)
FN:177,(anonymous_6)
FN:178,(anonymous_7)
FNF:8
FNH:7
FNDA:3,setSessionExpiredHandler
FNDA:15,refreshAccessToken
FNDA:25,refreshOnce
FNDA:15,(anonymous_3)
FNDA:5,refreshSession
FNDA:2,(anonymous_5)
FNDA:0,(anonymous_6)
FNDA:25,(anonymous_7)
DA:33,26
DA:37,3
DA:47,26
DA:63,26
DA:76,15
DA:79,15
DA:80,1
DA:83,14
DA:84,14
DA:92,9
DA:94,9
DA:96,5
DA:100,5
DA:102,3
DA:103,3
DA:104,3
DA:116,25
DA:117,15
DA:119,25
DA:137,5
DA:141,26
DA:160,26
DA:161,2
DA:162,2
DA:163,1
DA:165,2
DA:176,26
DA:177,0
DA:179,25
DA:180,1
DA:183,24
DA:184,24
DA:185,24
DA:187,24
DA:188,4
DA:191,20
DA:193,20
DA:194,20
DA:195,15
DA:196,15
DA:200,5
LF:41
LH:40
BRDA:79,0,0,1
BRDA:79,0,1,14
BRDA:92,1,0,9
BRDA:92,1,1,1
BRDA:100,2,0,2
BRDA:100,2,1,3
BRDA:162,3,0,1
BRDA:162,3,1,1
BRDA:179,4,0,1
BRDA:179,4,1,24
BRDA:179,5,0,25
BRDA:179,5,1,24
BRDA:187,6,0,4
BRDA:187,6,1,20
BRDA:187,7,0,24
BRDA:187,7,1,22
BRDA:187,7,2,21
BRF:17
BRH:17
end_of_record
TN:
SF:src\shared\api\config.ts
FNF:0
FNH:0
DA:17,26
DA:19,26
DA:20,0
DA:30,26
DA:37,26
DA:46,26
DA:54,26
DA:57,26
LF:8
LH:7
BRDA:19,0,0,0
BRDA:19,0,1,26
BRF:2
BRH:1
end_of_record
TN:
SF:src\shared\api\errors.ts
FN:17,(anonymous_0)
FN:33,(anonymous_1)
FN:49,(anonymous_2)
FN:62,(anonymous_3)
FN:70,(anonymous_4)
FN:77,(anonymous_5)
FN:84,(anonymous_6)
FN:98,toApiError
FN:138,normalizeFieldErrors
FNF:9
FNH:9
FNDA:63,(anonymous_0)
FNDA:23,(anonymous_1)
FNDA:15,(anonymous_2)
FNDA:15,(anonymous_3)
FNDA:11,(anonymous_4)
FNDA:3,(anonymous_5)
FNDA:7,(anonymous_6)
FNDA:32,toApiError
FNDA:6,normalizeFieldErrors
DA:18,63
DA:21,63
DA:22,63
DA:38,23
DA:50,15
DA:66,15
DA:71,11
DA:78,3
DA:88,7
DA:99,32
DA:101,26
DA:102,3
DA:106,23
DA:107,2
DA:111,21
DA:112,3
DA:115,18
DA:117,18
DA:118,12
DA:120,10
DA:121,6
DA:126,4
DA:128,3
DA:139,6
DA:141,6
DA:142,7
DA:143,1
DA:144,6
DA:145,5
DA:146,1
DA:148,1
DA:152,6
LF:32
LH:32
BRDA:34,0,0,6
BRDA:36,1,0,21
BRDA:49,2,0,12
BRDA:64,3,0,15
BRDA:77,4,0,3
BRDA:86,5,0,4
BRDA:99,6,0,6
BRDA:99,6,1,26
BRDA:101,7,0,3
BRDA:101,7,1,23
BRDA:102,8,0,2
BRDA:102,8,1,1
BRDA:106,9,0,2
BRDA:106,9,1,21
BRDA:106,10,0,23
BRDA:106,10,1,22
BRDA:111,11,0,3
BRDA:111,11,1,18
BRDA:117,12,0,6
BRDA:117,12,1,12
BRDA:118,13,0,2
BRDA:118,13,1,10
BRDA:120,14,0,6
BRDA:120,14,1,4
BRDA:120,15,0,10
BRDA:120,15,1,7
BRDA:120,15,2,7
BRDA:126,16,0,1
BRDA:126,16,1,3
BRDA:142,17,0,1
BRDA:142,17,1,6
BRDA:144,18,0,5
BRDA:144,18,1,1
BRDA:146,19,0,1
BRDA:146,19,1,0
BRDA:146,20,0,1
BRDA:146,20,1,1
BRF:37
BRH:36
end_of_record
TN:
SF:src\shared\api\index.ts
FN:28,(anonymous_0)
FN:43,(anonymous_1)
FN:53,(anonymous_2)
FN:67,(anonymous_3)
FNF:4
FNH:0
FNDA:0,(anonymous_0)
FNDA:0,(anonymous_1)
FNDA:0,(anonymous_2)
FNDA:0,(anonymous_3)
DA:20,6
DA:29,0
DA:30,0
DA:31,0
DA:33,0
DA:44,0
DA:45,0
DA:46,0
DA:48,0
DA:54,0
DA:55,0
DA:56,0
DA:58,0
DA:68,0
DA:69,0
DA:71,0
LF:16
LH:1
BRF:0
BRH:0
end_of_record
TN:
SF:src\shared\api\jwt.ts
FN:37,isTokenValid
FNF:1
FNH:1
FNDA:10,isTokenValid
DA:28,7
DA:38,10
DA:40,8
DA:41,8
DA:42,6
DA:44,5
DA:45,5
DA:47,2
LF:8
LH:8
BRDA:38,0,0,2
BRDA:38,0,1,8
BRDA:42,1,0,1
BRDA:42,1,1,5
BRF:4
BRH:4
end_of_record
TN:
SF:src\shared\api\tokens.ts
FN:39,getAccessToken
FN:47,getRefreshToken
FN:61,setTokens
FN:76,clearTokens
FN:100,setStoredUser
FN:111,getStoredUser
FNF:6
FNH:6
FNDA:9,getAccessToken
FNDA:6,getRefreshToken
FNDA:5,setTokens
FNDA:3,clearTokens
FNDA:1,setStoredUser
FNDA:4,getStoredUser
DA:20,20
DA:21,20
DA:22,20
DA:40,9
DA:41,3
DA:43,9
DA:48,6
DA:49,2
DA:51,6
DA:62,5
DA:63,5
DA:64,5
DA:77,3
DA:78,3
DA:79,3
DA:101,1
DA:112,4
DA:113,4
DA:115,2
DA:116,2
DA:118,1
LF:21
LH:21
BRDA:40,0,0,3
BRDA:40,0,1,6
BRDA:48,1,0,2
BRDA:48,1,1,4
BRDA:113,2,0,2
BRDA:113,2,1,2
BRF:6
BRH:6
end_of_record
TN:
SF:src\shared\api\types.ts
FNF:0
FNH:0
LF:0
LH:0
BRF:0
BRH:0
end_of_record
TN:
SF:src\shared\components\primitives\Button.tsx
FN:71,Button
FNF:1
FNH:1
FNDA:428,Button
DA:15,9
DA:78,428
DA:79,428
DA:81,428
LF:4
LH:4
BRDA:73,0,0,301
BRDA:74,1,0,169
BRDA:75,2,0,181
BRDA:79,3,0,428
BRDA:79,3,1,263
BRDA:92,4,0,165
BRDA:92,4,1,263
BRDA:95,5,0,15
BRDA:95,5,1,413
BRF:9
BRH:9
end_of_record
TN:
SF:src\shared\components\primitives\Hairline.tsx
FN:21,Hairline
FNF:1
FNH:1
FNDA:991,Hairline
DA:22,991
LF:1
LH:1
BRDA:21,0,0,989
BRDA:21,1,0,991
BRDA:25,2,0,990
BRDA:25,2,1,1
BRDA:33,3,0,990
BRDA:33,3,1,1
BRF:6
BRH:6
end_of_record
TN:
SF:src\shared\components\primitives\Text.tsx
FN:109,Text
FNF:1
FNH:1
FNDA:5527,Text
DA:32,10
DA:60,10
DA:70,10
DA:110,5527
DA:111,5527
LF:5
LH:5
BRDA:109,0,0,7
BRDA:109,1,0,5116
BRDA:110,2,0,5527
BRDA:110,2,1,2496
BRF:4
BRH:4
end_of_record
TN:
SF:src\shared\components\ui\Badge.tsx
FN:20,Badge
FNF:1
FNH:1
FNDA:23,Badge
DA:21,23
LF:1
LH:1
BRF:0
BRH:0
end_of_record
TN:
SF:src\shared\components\ui\BlockedState.tsx
FN:29,BlockedState
FNF:1
FNH:1
FNDA:1,BlockedState
DA:30,1
LF:1
LH:1
BRDA:38,0,0,0
BRDA:38,0,1,1
BRF:2
BRH:1
end_of_record
TN:
SF:src\shared\components\ui\Checkbox.tsx
FN:29,Checkbox
FN:33,(anonymous_1)
FNF:2
FNH:2
FNDA:191,Checkbox
FNDA:13,(anonymous_1)
DA:30,191
DA:33,13
LF:2
LH:2
BRDA:40,0,0,18
BRDA:40,0,1,173
BRF:2
BRH:2
end_of_record
TN:
SF:src\shared\components\ui\ConfirmDialog.tsx
FN:55,ConfirmDialog
FN:77,(anonymous_1)
FNF:2
FNH:2
FNDA:215,ConfirmDialog
FNDA:233,(anonymous_1)
DA:66,215
DA:78,233
LF:2
LH:2
BRDA:64,0,0,214
BRDA:75,1,0,135
BRDA:75,1,1,80
BRDA:88,2,0,187
BRDA:88,2,1,28
BRDA:94,3,0,135
BRDA:94,3,1,80
BRF:7
BRH:7
end_of_record
TN:
SF:src\shared\components\ui\EmptyState.tsx
FN:27,EmptyState
FNF:1
FNH:1
FNDA:13,EmptyState
DA:28,13
LF:1
LH:1
BRDA:36,0,0,11
BRDA:36,0,1,2
BRDA:42,1,0,3
BRDA:42,1,1,10
BRDA:42,2,0,13
BRDA:42,2,1,3
BRF:6
BRH:6
end_of_record
TN:
SF:src\shared\components\ui\ErrorBanner.tsx
FN:32,ErrorBanner
FNF:1
FNH:1
FNDA:20,ErrorBanner
DA:33,20
LF:1
LH:1
BRDA:38,0,0,15
BRDA:38,0,1,5
BRDA:44,1,0,15
BRDA:44,1,1,5
BRF:4
BRH:4
end_of_record
TN:
SF:src\shared\components\ui\FilterChipsRow.tsx
FN:14,(anonymous_0)
FN:47,FilterChipsRow
FN:64,(anonymous_2)
FN:70,(anonymous_3)
FNF:4
FNH:4
FNDA:216,(anonymous_0)
FNDA:36,FilterChipsRow
FNDA:108,(anonymous_2)
FNDA:7,(anonymous_3)
DA:14,216
DA:48,36
DA:65,108
DA:67,108
DA:70,7
LF:5
LH:5
BRDA:76,0,0,22
BRDA:76,0,1,86
BRDA:79,1,0,22
BRDA:79,1,1,86
BRF:4
BRH:4
end_of_record
TN:
SF:src\shared\components\ui\Input.tsx
FN:41,Input
FN:69,(anonymous_1)
FN:73,(anonymous_2)
FNF:3
FNH:3
FNDA:791,Input
FNDA:4,(anonymous_1)
FNDA:6,(anonymous_2)
DA:49,791
DA:51,791
DA:57,791
DA:70,4
DA:71,4
DA:74,6
DA:75,6
LF:7
LH:7
BRDA:51,0,0,10
BRDA:51,0,1,781
BRDA:53,1,0,3
BRDA:53,1,1,778
BRDA:82,2,0,10
BRDA:82,2,1,781
BRF:6
BRH:6
end_of_record
TN:
SF:src\shared\components\ui\ListItem.tsx
FN:51,ListItem
FNF:1
FNH:1
FNDA:49,ListItem
DA:61,49
DA:89,49
DA:91,44
DA:93,44
LF:4
LH:4
BRDA:58,0,0,35
BRDA:70,1,0,2
BRDA:70,1,1,47
BRDA:75,2,0,2
BRDA:75,2,1,0
BRDA:81,3,0,43
BRDA:81,3,1,4
BRDA:89,4,0,5
BRDA:89,4,1,44
BRF:9
BRH:8
end_of_record
TN:
SF:src\shared\components\ui\LoadingState.tsx
FN:26,LoadingState
FN:29,(anonymous_1)
FNF:2
FNH:2
FNDA:104,LoadingState
FNDA:356,(anonymous_1)
DA:27,104
DA:30,356
LF:2
LH:2
BRDA:26,0,0,1
BRDA:31,1,0,252
BRDA:31,1,1,104
BRF:3
BRH:3
end_of_record
TN:
SF:src\shared\components\ui\PasswordInput.tsx
FN:17,PasswordInput
FN:28,(anonymous_1)
FN:28,(anonymous_2)
FNF:3
FNH:3
FNDA:181,PasswordInput
FNDA:3,(anonymous_1)
FNDA:3,(anonymous_2)
DA:18,181
DA:20,181
DA:28,3
LF:3
LH:3
BRDA:30,0,0,2
BRDA:30,0,1,179
BRDA:34,1,0,2
BRDA:34,1,1,179
BRF:4
BRH:4
end_of_record
TN:
SF:src\shared\components\ui\PasswordStrengthMeter.tsx
FN:20,(anonymous_0)
FN:21,(anonymous_1)
FN:22,(anonymous_2)
FN:23,(anonymous_3)
FN:24,(anonymous_4)
FN:25,(anonymous_5)
FN:26,(anonymous_6)
FN:27,(anonymous_7)
FN:36,evaluerForce
FN:37,(anonymous_9)
FN:65,PasswordStrengthMeter
FN:79,(anonymous_11)
FNF:12
FNH:12
FNDA:45,(anonymous_0)
FNDA:45,(anonymous_1)
FNDA:45,(anonymous_2)
FNDA:45,(anonymous_3)
FNDA:45,(anonymous_4)
FNDA:45,(anonymous_5)
FNDA:45,(anonymous_6)
FNDA:45,(anonymous_7)
FNDA:45,evaluerForce
FNDA:360,(anonymous_9)
FNDA:78,PasswordStrengthMeter
FNDA:320,(anonymous_11)
DA:19,2
DA:20,45
DA:21,45
DA:22,45
DA:23,45
DA:24,45
DA:25,45
DA:26,45
DA:27,45
DA:37,360
DA:38,45
DA:40,45
DA:67,78
DA:69,40
DA:71,40
DA:80,320
LF:16
LH:16
BRDA:37,0,0,139
BRDA:37,0,1,221
BRDA:38,1,0,6
BRDA:38,1,1,39
BRDA:38,2,0,37
BRDA:38,2,1,2
BRDA:67,3,0,38
BRDA:67,3,1,40
BRDA:85,4,0,121
BRDA:85,4,1,199
BRF:10
BRH:10
end_of_record
TN:
SF:src\shared\components\ui\ScreenHeader.tsx
FN:35,ScreenHeader
FN:58,(anonymous_1)
FNF:2
FNH:2
FNDA:248,ScreenHeader
FNDA:249,(anonymous_1)
DA:42,248
DA:59,249
LF:2
LH:2
BRDA:56,0,0,123
BRDA:56,0,1,125
BRDA:70,1,0,65
BRDA:70,1,1,183
BRF:4
BRH:4
end_of_record
TN:
SF:src\shared\components\ui\SearchInput.tsx
FN:21,SearchInput
FN:25,(anonymous_1)
FN:27,(anonymous_2)
FN:28,(anonymous_3)
FN:44,(anonymous_4)
FNF:5
FNH:5
FNDA:46,SearchInput
FNDA:22,(anonymous_1)
FNDA:12,(anonymous_2)
FNDA:22,(anonymous_3)
FNDA:1,(anonymous_4)
DA:22,46
DA:23,46
DA:25,46
DA:26,22
DA:27,22
DA:28,22
DA:29,22
DA:33,46
DA:44,1
LF:9
LH:9
BRDA:21,0,0,46
BRDA:26,1,0,9
BRDA:26,1,1,13
BRDA:29,2,0,22
BRDA:29,2,1,0
BRDA:42,3,0,8
BRDA:42,3,1,38
BRF:7
BRH:6
end_of_record
TN:
SF:src\shared\components\ui\SectionHeader.tsx
FN:25,SectionHeader
FNF:1
FNH:1
FNDA:233,SectionHeader
DA:26,233
LF:1
LH:1
BRF:0
BRH:0
end_of_record
TN:
SF:src\shared\components\ui\SegmentedControl.tsx
FN:42,SegmentedControl
FN:48,(anonymous_1)
FN:54,(anonymous_2)
FN:59,(anonymous_3)
FN:83,(anonymous_4)
FN:88,(anonymous_5)
FN:108,(anonymous_6)
FN:113,(anonymous_7)
FNF:8
FNH:4
FNDA:4,SegmentedControl
FNDA:12,(anonymous_1)
FNDA:0,(anonymous_2)
FNDA:0,(anonymous_3)
FNDA:0,(anonymous_4)
FNDA:0,(anonymous_5)
FNDA:12,(anonymous_6)
FNDA:1,(anonymous_7)
DA:48,12
DA:50,4
DA:51,0
DA:55,0
DA:56,0
DA:59,0
DA:80,4
DA:81,0
DA:84,0
DA:85,0
DA:88,0
DA:106,4
DA:109,12
DA:110,12
DA:113,1
LF:15
LH:7
BRDA:46,0,0,4
BRDA:50,1,0,0
BRDA:50,1,1,4
BRDA:64,2,0,0
BRDA:64,2,1,0
BRDA:65,3,0,0
BRDA:65,3,1,0
BRDA:68,4,0,0
BRDA:68,4,1,0
BRDA:71,5,0,0
BRDA:71,5,1,0
BRDA:80,6,0,0
BRDA:80,6,1,4
BRDA:94,7,0,0
BRDA:94,7,1,0
BRDA:98,8,0,0
BRDA:98,8,1,0
BRDA:121,9,0,4
BRDA:121,9,1,8
BRDA:122,10,0,4
BRDA:122,10,1,8
BRDA:126,11,0,4
BRDA:126,11,1,8
BRDA:129,12,0,4
BRDA:129,12,1,8
BRDA:134,13,0,4
BRDA:134,13,1,8
BRDA:135,14,0,4
BRDA:135,14,1,8
BRF:29
BRH:15
end_of_record
TN:
SF:src\shared\components\ui\StatTile.tsx
FN:26,StatTile
FNF:1
FNH:1
FNDA:43,StatTile
DA:28,43
DA:39,43
DA:41,11
LF:3
LH:3
BRDA:31,0,0,11
BRDA:31,0,1,32
BRDA:39,1,0,32
BRDA:39,1,1,11
BRDA:45,2,0,10
BRDA:45,2,1,1
BRF:6
BRH:6
end_of_record
TN:
SF:src\shared\components\ui\SuccessState.tsx
FN:34,SuccessState
FNF:1
FNH:1
FNDA:2,SuccessState
DA:35,2
LF:1
LH:1
BRDA:43,0,0,0
BRDA:43,0,1,2
BRDA:49,1,0,1
BRDA:49,1,1,1
BRDA:49,2,0,2
BRDA:49,2,1,1
BRF:6
BRH:5
end_of_record
TN:
SF:src\shared\components\ui\TabBar.tsx
FN:26,TabBarView
FN:32,(anonymous_1)
FN:71,TabBar
FN:72,(anonymous_3)
FN:87,(anonymous_4)
FNF:5
FNH:2
FNDA:2,TabBarView
FNDA:4,(anonymous_1)
FNDA:0,TabBar
FNDA:0,(anonymous_3)
FNDA:0,(anonymous_4)
DA:27,2
DA:33,4
DA:72,0
DA:73,0
DA:74,0
DA:76,0
DA:88,0
DA:94,0
DA:95,0
DA:101,0
LF:10
LH:2
BRDA:43,0,0,2
BRDA:43,0,1,2
BRDA:46,1,0,2
BRDA:46,1,1,2
BRDA:78,2,0,0
BRDA:78,2,1,0
BRDA:94,3,0,0
BRDA:94,3,1,0
BRDA:94,4,0,0
BRDA:94,4,1,0
BRF:10
BRH:4
end_of_record
TN:
SF:src\shared\components\ui\TextLink.tsx
FN:34,TextLink
FNF:1
FNH:1
FNDA:510,TextLink
DA:35,510
LF:1
LH:1
BRDA:34,0,0,372
BRDA:34,1,0,331
BRDA:40,2,0,179
BRDA:40,2,1,331
BRF:4
BRH:4
end_of_record
TN:
SF:src\shared\context\AuthContext.tsx
FN:56,AuthProvider
FN:73,(anonymous_1)
FN:122,(anonymous_2)
FN:135,(anonymous_3)
FN:136,(anonymous_4)
FN:137,(anonymous_5)
FN:140,(anonymous_6)
FN:145,(anonymous_7)
FN:156,(anonymous_8)
FN:161,(anonymous_9)
FN:173,(anonymous_10)
FN:187,hydrateUserFromServer
FN:209,useAuth
FNF:13
FNH:12
FNDA:34,AuthProvider
FNDA:14,(anonymous_1)
FNDA:14,(anonymous_2)
FNDA:14,(anonymous_3)
FNDA:1,(anonymous_4)
FNDA:14,(anonymous_5)
FNDA:3,(anonymous_6)
FNDA:0,(anonymous_7)
FNDA:1,(anonymous_8)
FNDA:1,(anonymous_9)
FNDA:34,(anonymous_10)
FNDA:2,hydrateUserFromServer
FNDA:35,useAuth
DA:54,1
DA:57,34
DA:73,34
DA:74,14
DA:80,14
DA:81,2
DA:82,2
DA:86,12
DA:87,12
DA:88,6
DA:89,6
DA:93,6
DA:94,6
DA:100,3
DA:101,3
DA:106,3
DA:107,1
DA:108,1
DA:114,2
DA:122,34
DA:123,14
DA:135,34
DA:136,14
DA:137,14
DA:140,34
DA:141,3
DA:142,3
DA:145,34
DA:146,0
DA:147,0
DA:156,34
DA:157,1
DA:158,1
DA:161,34
DA:162,1
DA:163,1
DA:172,34
DA:173,34
DA:177,34
DA:188,2
DA:189,2
DA:190,1
DA:199,1
DA:210,35
DA:211,35
DA:212,1
DA:214,34
LF:47
LH:45
BRDA:80,0,0,2
BRDA:80,0,1,12
BRDA:80,1,0,14
BRDA:80,1,1,3
BRDA:87,2,0,6
BRDA:87,2,1,6
BRDA:100,3,0,3
BRDA:100,3,1,2
BRDA:102,4,0,2
BRDA:102,4,1,1
BRDA:106,5,0,1
BRDA:106,5,1,2
BRDA:115,6,0,1
BRDA:115,6,1,1
BRDA:211,7,0,1
BRDA:211,7,1,34
BRF:16
BRH:16
end_of_record
TN:
SF:src\workout\stats.ts
FN:20,enNombre
FN:32,volume
FN:34,(anonymous_2)
FN:35,(anonymous_3)
FN:47,unRepMax
FN:59,unRepMaxDe
FN:73,meilleurParExercice
FN:105,recordsBattus
FN:112,(anonymous_8)
FN:117,(anonymous_9)
FN:118,(anonymous_10)
FN:130,dureeEnMinutes
FN:148,debutDeSemaine
FN:160,enJour
FN:165,seancesEntre
FN:173,(anonymous_15)
FN:183,variationPourCent
FN:210,recordsRecents
FN:214,(anonymous_18)
FNF:19
FNH:18
FNDA:195,enNombre
FNDA:106,volume
FNDA:91,(anonymous_2)
FNDA:87,(anonymous_3)
FNDA:92,unRepMax
FNDA:108,unRepMaxDe
FNDA:92,meilleurParExercice
FNDA:36,recordsBattus
FNDA:33,(anonymous_8)
FNDA:33,(anonymous_9)
FNDA:0,(anonymous_10)
FNDA:18,dureeEnMinutes
FNDA:34,debutDeSemaine
FNDA:126,enJour
FNDA:63,seancesEntre
FNDA:25,(anonymous_15)
FNDA:34,variationPourCent
FNDA:50,recordsRecents
FNDA:14,(anonymous_18)
DA:21,195
DA:22,195
DA:33,106
DA:34,91
DA:35,87
DA:48,92
DA:60,108
DA:61,108
DA:63,105
DA:74,92
DA:76,92
DA:77,46
DA:79,44
DA:80,44
DA:82,44
DA:83,44
DA:86,92
DA:109,36
DA:111,36
DA:112,33
DA:117,33
DA:118,0
DA:131,18
DA:133,17
DA:134,17
DA:136,16
DA:149,34
DA:150,34
DA:152,34
DA:153,34
DA:154,34
DA:156,34
DA:161,126
DA:170,63
DA:171,63
DA:173,63
DA:184,34
DA:185,3
DA:214,50
DA:216,50
DA:217,50
DA:219,50
DA:220,37
DA:221,49
DA:223,46
DA:224,46
DA:226,46
DA:227,38
DA:228,38
DA:233,50
DA:234,50
DA:236,50
DA:237,36
DA:238,36
DA:240,27
DA:241,27
DA:244,50
LF:57
LH:56
BRDA:21,0,0,194
BRDA:21,0,1,1
BRDA:21,1,0,1
BRDA:21,1,1,1
BRDA:22,2,0,194
BRDA:22,2,1,1
BRDA:61,3,0,3
BRDA:61,3,1,105
BRDA:61,4,0,108
BRDA:61,4,1,106
BRDA:61,4,2,105
BRDA:77,5,0,2
BRDA:77,5,1,44
BRDA:80,6,0,0
BRDA:80,6,1,44
BRDA:82,7,0,44
BRDA:82,7,1,40
BRDA:83,8,0,42
BRDA:83,8,1,2
BRDA:115,9,0,33
BRDA:115,9,1,29
BRDA:130,10,0,17
BRDA:131,11,0,1
BRDA:131,11,1,17
BRDA:134,12,0,1
BRDA:134,12,1,16
BRDA:148,13,0,31
BRDA:150,14,0,1
BRDA:150,14,1,33
BRDA:173,15,0,25
BRDA:173,15,1,23
BRDA:184,16,0,31
BRDA:184,16,1,3
BRDA:212,17,0,50
BRDA:221,18,0,3
BRDA:221,18,1,46
BRDA:224,19,0,0
BRDA:224,19,1,46
BRDA:226,20,0,38
BRDA:226,20,1,8
BRDA:226,21,0,46
BRDA:226,21,1,29
BRDA:236,22,0,86
BRDA:236,22,1,37
BRDA:238,23,0,9
BRDA:238,23,1,27
BRF:46
BRH:44
end_of_record
TN:
SF:src\workout\components\ExerciseLibrary.tsx
FN:45,ExerciseLibrary
FN:62,(anonymous_1)
FN:76,(anonymous_2)
FN:84,(anonymous_3)
FN:85,(anonymous_4)
FN:107,(anonymous_5)
FN:120,(anonymous_6)
FN:121,(anonymous_7)
FN:125,(anonymous_8)
FN:126,(anonymous_9)
FN:129,(anonymous_10)
FN:135,(anonymous_11)
FN:157,(anonymous_12)
FN:174,(anonymous_13)
FN:175,(anonymous_14)
FN:182,(anonymous_15)
FNF:16
FNH:12
FNDA:40,ExerciseLibrary
FNDA:14,(anonymous_1)
FNDA:11,(anonymous_2)
FNDA:0,(anonymous_3)
FNDA:0,(anonymous_4)
FNDA:14,(anonymous_5)
FNDA:8,(anonymous_6)
FNDA:8,(anonymous_7)
FNDA:6,(anonymous_8)
FNDA:6,(anonymous_9)
FNDA:2,(anonymous_10)
FNDA:0,(anonymous_11)
FNDA:0,(anonymous_12)
FNDA:27,(anonymous_13)
FNDA:21,(anonymous_14)
FNDA:1,(anonymous_15)
DA:26,1
DA:46,40
DA:47,40
DA:48,40
DA:49,40
DA:50,40
DA:60,40
DA:62,40
DA:63,14
DA:65,14
DA:66,14
DA:68,14
DA:70,14
DA:71,14
DA:74,12
DA:76,11
DA:77,11
DA:84,0
DA:85,0
DA:88,11
DA:90,2
DA:94,2
DA:96,14
DA:107,40
DA:108,14
DA:120,40
DA:121,8
DA:125,40
DA:126,6
DA:129,2
DA:135,40
DA:136,0
DA:137,0
DA:140,40
DA:142,40
DA:157,0
DA:174,27
DA:176,21
DA:182,1
LF:39
LH:34
BRDA:74,0,0,1
BRDA:74,0,1,11
BRDA:77,1,0,11
BRDA:77,1,1,0
BRDA:90,2,0,0
BRDA:90,2,1,2
BRDA:94,3,0,2
BRDA:94,3,1,0
BRDA:96,4,0,13
BRDA:96,4,1,1
BRDA:121,5,0,8
BRDA:121,5,1,0
BRDA:128,6,0,1
BRDA:128,6,1,5
BRDA:136,7,0,0
BRDA:136,7,1,0
BRDA:136,8,0,0
BRDA:136,8,1,0
BRDA:136,8,2,0
BRDA:140,9,0,40
BRDA:140,9,1,15
BRDA:156,10,0,3
BRDA:156,10,1,37
BRDA:160,11,0,10
BRDA:160,11,1,30
BRDA:190,12,0,5
BRDA:190,12,1,25
BRDA:194,13,0,5
BRDA:194,13,1,25
BRDA:198,14,0,11
BRDA:198,14,1,14
BRDA:199,15,0,0
BRDA:199,15,1,11
BRDA:199,16,0,2
BRDA:199,16,1,9
BRF:35
BRH:25
end_of_record
TN:
SF:src\workout\components\RestTimerWidget.tsx
FN:17,mmss
FN:54,RestTimerWidget
FN:64,(anonymous_2)
FN:78,(anonymous_3)
FN:81,(anonymous_4)
FNF:5
FNH:5
FNDA:25,mmss
FNDA:25,RestTimerWidget
FNDA:141,(anonymous_2)
FNDA:1,(anonymous_3)
FNDA:1,(anonymous_4)
DA:18,25
DA:19,25
DA:23,2
DA:55,25
DA:56,25
DA:58,25
DA:65,141
DA:78,1
DA:81,1
LF:9
LH:9
BRDA:67,0,0,134
BRDA:67,0,1,7
BRF:2
BRH:2
end_of_record
TN:
SF:src\workout\components\SessionHistory.tsx
FN:38,moisDe
FN:44,jourEtMois
FN:56,resume
FN:84,SessionHistory
FN:94,(anonymous_4)
FN:104,(anonymous_5)
FN:107,(anonymous_6)
FN:108,(anonymous_7)
FN:122,(anonymous_8)
FN:141,(anonymous_9)
FN:153,(anonymous_10)
FN:158,(anonymous_11)
FN:161,(anonymous_12)
FN:162,(anonymous_13)
FN:167,(anonymous_14)
FN:190,(anonymous_15)
FNF:16
FNH:11
FNDA:8,moisDe
FNDA:8,jourEtMois
FNDA:8,resume
FNDA:14,SessionHistory
FNDA:7,(anonymous_4)
FNDA:6,(anonymous_5)
FNDA:0,(anonymous_6)
FNDA:0,(anonymous_7)
FNDA:7,(anonymous_8)
FNDA:0,(anonymous_9)
FNDA:0,(anonymous_10)
FNDA:18,(anonymous_11)
FNDA:6,(anonymous_12)
FNDA:8,(anonymous_13)
FNDA:1,(anonymous_14)
FNDA:0,(anonymous_15)
DA:22,1
DA:39,8
DA:40,8
DA:45,8
DA:46,8
DA:57,8
DA:58,8
DA:60,8
DA:85,14
DA:86,14
DA:87,14
DA:88,14
DA:89,14
DA:92,14
DA:94,14
DA:95,7
DA:97,7
DA:98,7
DA:100,7
DA:101,7
DA:102,6
DA:104,6
DA:105,6
DA:107,0
DA:108,0
DA:110,6
DA:112,1
DA:113,1
DA:115,7
DA:116,7
DA:117,7
DA:122,14
DA:123,7
DA:132,14
DA:133,14
DA:134,8
DA:135,8
DA:137,8
DA:138,6
DA:141,14
DA:142,0
DA:143,0
DA:146,14
DA:147,7
DA:150,7
DA:153,0
DA:158,18
DA:161,6
DA:163,8
DA:167,1
DA:191,0
DA:192,0
LF:52
LH:45
BRDA:40,0,0,8
BRDA:40,0,1,0
BRDA:57,1,0,7
BRDA:57,1,1,1
BRDA:60,2,0,0
BRDA:60,2,1,8
BRDA:98,3,0,7
BRDA:98,3,1,0
BRDA:102,4,0,0
BRDA:102,4,1,6
BRDA:105,5,0,6
BRDA:105,5,1,0
BRDA:112,6,0,0
BRDA:112,6,1,1
BRDA:113,7,0,1
BRDA:113,7,1,0
BRDA:115,8,0,7
BRDA:115,8,1,0
BRDA:137,9,0,2
BRDA:137,9,1,6
BRDA:142,10,0,0
BRDA:142,10,1,0
BRDA:142,11,0,0
BRDA:142,11,1,0
BRDA:142,11,2,0
BRDA:142,11,3,0
BRDA:146,12,0,7
BRDA:146,12,1,7
BRDA:146,13,0,14
BRDA:146,13,1,7
BRDA:152,14,0,1
BRDA:152,14,1,6
BRDA:174,15,0,0
BRDA:174,15,1,7
BRDA:174,16,0,7
BRDA:174,16,1,0
BRDA:176,17,0,0
BRDA:176,17,1,7
BRF:38
BRH:21
end_of_record
TN:
SF:src\workout\components\SessionStarter.tsx
FN:40,(anonymous_0)
FN:48,resume
FN:61,SessionStarterView
FN:107,(anonymous_3)
FN:114,(anonymous_4)
FN:146,SessionStarter
FN:151,(anonymous_6)
FN:167,(anonymous_7)
FN:178,(anonymous_8)
FN:187,(anonymous_9)
FNF:10
FNH:9
FNDA:4,(anonymous_0)
FNDA:4,resume
FNDA:9,SessionStarterView
FNDA:4,(anonymous_3)
FNDA:1,(anonymous_4)
FNDA:9,SessionStarter
FNDA:5,(anonymous_6)
FNDA:2,(anonymous_7)
FNDA:5,(anonymous_8)
FNDA:0,(anonymous_9)
DA:40,4
DA:49,4
DA:50,4
DA:70,9
DA:72,9
DA:108,4
DA:114,1
DA:147,9
DA:148,9
DA:149,9
DA:151,9
DA:152,5
DA:153,5
DA:155,5
DA:156,5
DA:165,3
DA:168,2
DA:172,1
DA:174,4
DA:178,9
DA:179,5
DA:182,9
DA:187,0
LF:23
LH:22
BRDA:50,0,0,0
BRDA:50,0,1,4
BRDA:68,1,0,9
BRDA:70,2,0,0
BRDA:70,2,1,9
BRDA:77,3,0,0
BRDA:77,3,1,9
BRDA:97,4,0,1
BRDA:97,4,1,8
BRDA:105,5,0,5
BRDA:105,5,1,4
BRDA:125,6,0,1
BRDA:125,6,1,8
BRDA:125,7,0,9
BRDA:125,7,1,9
BRDA:125,7,2,4
BRDA:125,7,3,3
BRDA:168,8,0,2
BRDA:168,8,1,1
BRDA:172,9,0,1
BRDA:172,9,1,0
BRF:21
BRH:17
end_of_record
TN:
SF:src\workout\components\SetInputForm.tsx
FN:24,useClavierOuvert
FN:27,(anonymous_1)
FN:28,(anonymous_2)
FN:29,(anonymous_3)
FN:31,(anonymous_4)
FN:62,champsPour
FN:103,enSecondes
FN:126,SelecteurRpe
FN:135,(anonymous_8)
FN:140,(anonymous_9)
FN:179,SetInputForm
FN:210,(anonymous_11)
FN:243,(anonymous_12)
FN:244,(anonymous_13)
FN:257,(anonymous_14)
FN:258,(anonymous_15)
FN:270,(anonymous_16)
FN:271,(anonymous_17)
FN:294,(anonymous_18)
FN:299,(anonymous_19)
FN:304,(anonymous_20)
FNF:21
FNH:12
FNDA:121,useClavierOuvert
FNDA:32,(anonymous_1)
FNDA:0,(anonymous_2)
FNDA:0,(anonymous_3)
FNDA:32,(anonymous_4)
FNDA:137,champsPour
FNDA:121,enSecondes
FNDA:102,SelecteurRpe
FNDA:1020,(anonymous_8)
FNDA:3,(anonymous_9)
FNDA:121,SetInputForm
FNDA:22,(anonymous_11)
FNDA:0,(anonymous_12)
FNDA:0,(anonymous_13)
FNDA:0,(anonymous_14)
FNDA:0,(anonymous_15)
FNDA:0,(anonymous_16)
FNDA:0,(anonymous_17)
FNDA:0,(anonymous_18)
FNDA:21,(anonymous_19)
FNDA:1,(anonymous_20)
DA:25,121
DA:27,121
DA:28,32
DA:29,32
DA:31,32
DA:32,32
DA:33,32
DA:37,121
DA:63,137
DA:65,1
DA:67,1
DA:69,5
DA:71,14
DA:73,2
DA:76,114
DA:104,121
DA:105,121
DA:107,6
DA:108,2
DA:109,2
DA:110,2
DA:111,2
DA:112,2
DA:115,4
DA:116,4
DA:133,102
DA:136,1020
DA:137,1020
DA:140,3
DA:180,121
DA:182,121
DA:184,121
DA:186,121
DA:187,121
DA:188,121
DA:189,121
DA:190,121
DA:191,121
DA:192,121
DA:194,121
DA:197,121
DA:210,121
DA:211,22
DA:213,22
DA:214,22
DA:215,22
DA:225,22
DA:226,22
DA:227,22
DA:229,22
DA:233,121
DA:243,0
DA:244,0
DA:257,0
DA:258,0
DA:270,0
DA:271,0
DA:294,0
DA:299,21
DA:304,1
LF:60
LH:53
BRDA:63,0,0,1
BRDA:63,0,1,1
BRDA:63,0,2,5
BRDA:63,0,3,14
BRDA:63,0,4,2
BRDA:63,0,5,111
BRDA:63,0,6,114
BRDA:105,1,0,115
BRDA:105,1,1,6
BRDA:107,2,0,2
BRDA:107,2,1,4
BRDA:111,3,0,0
BRDA:111,3,1,2
BRDA:111,4,0,2
BRDA:111,4,1,2
BRDA:116,5,0,3
BRDA:116,5,1,1
BRDA:140,6,0,1
BRDA:140,6,1,2
BRDA:146,7,0,3
BRDA:146,7,1,1017
BRDA:149,8,0,3
BRDA:149,8,1,1017
BRDA:197,9,0,121
BRDA:197,9,1,106
BRDA:197,9,2,92
BRDA:197,9,3,80
BRDA:197,9,4,72
BRDA:197,9,5,12
BRDA:197,9,6,5
BRDA:211,10,0,0
BRDA:211,10,1,22
BRDA:211,11,0,22
BRDA:211,11,1,22
BRDA:216,12,0,19
BRDA:216,12,1,3
BRDA:217,13,0,20
BRDA:217,13,1,2
BRDA:218,14,0,2
BRDA:218,14,1,20
BRDA:219,15,0,20
BRDA:219,15,1,2
BRDA:236,16,0,12
BRDA:236,16,1,109
BRDA:249,17,0,106
BRDA:249,17,1,15
BRDA:263,18,0,109
BRDA:263,18,1,12
BRDA:277,19,0,0
BRDA:277,19,1,121
BRDA:281,20,0,109
BRDA:281,20,1,12
BRDA:292,21,0,0
BRDA:292,21,1,121
BRDA:292,22,0,121
BRDA:292,22,1,0
BRF:56
BRH:51
end_of_record
TN:
SF:src\workout\components\SetRow.tsx
FN:31,duree
FN:44,marque
FN:51,valeurs
FN:73,SetRow
FNF:4
FNH:4
FNDA:1,duree
FNDA:49,marque
FNDA:49,valeurs
FNDA:49,SetRow
DA:32,1
DA:33,1
DA:45,49
DA:46,47
DA:47,45
DA:52,49
DA:53,48
DA:54,2
DA:55,1
DA:74,49
DA:76,49
LF:11
LH:11
BRDA:45,0,0,2
BRDA:45,0,1,47
BRDA:46,1,0,2
BRDA:46,1,1,45
BRDA:52,2,0,1
BRDA:52,2,1,48
BRDA:53,3,0,46
BRDA:53,3,1,2
BRDA:53,4,0,48
BRDA:53,4,1,46
BRDA:54,5,0,1
BRDA:54,5,1,1
BRDA:86,6,0,1
BRDA:86,6,1,48
BRDA:95,7,0,16
BRDA:95,7,1,33
BRDA:97,8,0,4
BRDA:97,8,1,45
BRDA:106,9,0,5
BRDA:106,9,1,44
BRF:20
BRH:20
end_of_record
TN:
SF:src\workout\services\exercises.service.ts
FN:67,listExercises
FN:82,getExercise
FNF:2
FNH:2
FNDA:8,listExercises
FNDA:1,getExercise
DA:10,1
DA:19,1
DA:68,8
DA:83,1
LF:4
LH:4
BRDA:67,0,0,1
BRDA:69,1,0,8
BRDA:69,1,1,6
BRDA:70,2,0,2
BRDA:70,2,1,6
BRDA:71,3,0,8
BRDA:71,3,1,6
BRF:7
BRH:7
end_of_record
TN:
SF:src\workout\services\sessions.service.ts
FN:26,listSessions
FN:35,getSession
FN:71,createSession
FN:85,updateSession
FN:100,deleteSession
FN:137,createSet
FN:149,updateSet
FN:154,deleteSet
FNF:8
FNH:8
FNDA:2,listSessions
FNDA:1,getSession
FNDA:2,createSession
FNDA:1,updateSession
FNDA:1,deleteSession
FNDA:3,createSet
FNDA:1,updateSet
FNDA:1,deleteSet
DA:13,1
DA:14,1
DA:27,2
DA:36,1
DA:72,2
DA:89,1
DA:101,1
DA:138,3
DA:150,1
DA:155,1
LF:10
LH:10
BRDA:26,0,0,1
BRF:1
BRH:1
end_of_record
TN:
SF:src\workout\services\templates.service.ts
FN:21,listTemplates
FN:37,getTemplate
FNF:2
FNH:2
FNDA:1,listTemplates
FNDA:1,getTemplate
DA:7,1
DA:22,1
DA:38,1
LF:3
LH:3
BRF:0
BRH:0
end_of_record
